[Licensing::Module] Trying to connect to existing licensing client channel...
Built from '6000.2/staging' branch; Version is '6000.2.15f1 (0707b6d1e918) revision 460726'; Using compiler version '194234433'; Build Type 'Release'
OS: 'Windows 11  (10.0.26100) 64bit Core' Language: 'en' Physical Memory: 15741 MB
BatchMode: 1, IsHumanControllingUs: 0, StartBugReporterOnCrash: 0, Is64bit: 1
Date: 2025-12-10T01:50:25Z
[Licensing::IpcConnector] Successfully connected to: "LicenseClient-justi" at "2025-12-10T01:50:25.6970295Z"

COMMAND LINE ARGUMENTS:
C:\Program Files\Unity\Hub\Editor\6000.2.15f1\Editor\Unity.exe
-adb2
-batchMode
-noUpm
-name
AssetImportWorker0
-projectPath
C:/Users/justi/Documents/Github/temp1/Assignment1_UnityProject
-logFile
Logs/AssetImportWorker0.log
-srvPort
65512
-licensingIpc
LicenseClient-justi
-job-worker-count
7
-background-job-worker-count
8
-gc-helper-count
1
-name
AssetImport
Successfully changed project path to: C:/Users/justi/Documents/Github/temp1/Assignment1_UnityProject
C:/Users/justi/Documents/Github/temp1/Assignment1_UnityProject
[UnityMemory] Configuration Parameters - Can be set up in boot.config
    "memorysetup-allocator-temp-initial-block-size-main=262144"
    "memorysetup-allocator-temp-initial-block-size-worker=262144"
    "memorysetup-bucket-allocator-granularity=16"
    "memorysetup-bucket-allocator-bucket-count=8"
    "memorysetup-bucket-allocator-block-size=33554432"
    "memorysetup-bucket-allocator-block-count=8"
    "memorysetup-main-allocator-block-size=16777216"
    "memorysetup-thread-allocator-block-size=16777216"
    "memorysetup-gfx-main-allocator-block-size=16777216"
    "memorysetup-gfx-thread-allocator-block-size=16777216"
    "memorysetup-cache-allocator-block-size=4194304"
    "memorysetup-typetree-allocator-block-size=2097152"
    "memorysetup-profiler-bucket-allocator-granularity=16"
    "memorysetup-profiler-bucket-allocator-bucket-count=8"
    "memorysetup-profiler-bucket-allocator-block-size=33554432"
    "memorysetup-profiler-bucket-allocator-block-count=8"
    "memorysetup-profiler-allocator-block-size=16777216"
    "memorysetup-profiler-editor-allocator-block-size=1048576"
    "memorysetup-temp-allocator-size-main=16777216"
    "memorysetup-job-temp-allocator-block-size=2097152"
    "memorysetup-job-temp-allocator-block-size-background=1048576"
    "memorysetup-job-temp-allocator-reduction-small-platforms=262144"
    "memorysetup-temp-allocator-size-background-worker=32768"
    "memorysetup-temp-allocator-size-job-worker=262144"
    "memorysetup-temp-allocator-size-preload-manager=33554432"
    "memorysetup-temp-allocator-size-nav-mesh-worker=65536"
    "memorysetup-temp-allocator-size-audio-worker=65536"
    "memorysetup-temp-allocator-size-cloud-worker=32768"
    "memorysetup-temp-allocator-size-gi-baking-worker=262144"
    "memorysetup-temp-allocator-size-gi-baking-worker=262144"
    "memorysetup-temp-allocator-size-gi-baking-worker=262144"
    "memorysetup-temp-allocator-size-gi-baking-worker=262144"
    "memorysetup-temp-allocator-size-gi-baking-worker=262144"
    "memorysetup-temp-allocator-size-gfx=262144"
Player connection [14164]  Target information:

Player connection [14164]  * "[IP] 172.30.27.67 [Port] 0 [Flags] 2 [Guid] 3143650469 [EditorId] 3143650469 [Version] 1048832 [Id] WindowsEditor(7,LAPTOP-CDQEVCTH) [Debug] 1 [PackageName] WindowsEditor [ProjectName] Editor" 

Player connection [14164] Host joined multi-casting on [225.0.0.222:54997]...
Player connection [14164] Host joined alternative multi-casting on [225.0.0.222:34997]...
JobSystem: Creating JobQueue using job-worker-count value 7
Input System module state changed to: Initialized.
[Physics::Module] Initialized fallback backend.
[Physics::Module] Id: 0xdecafbad
Library Redirect Path: Library/
[Physics::Module] Selected backend.
[Physics::Module] Name: PhysX
[Physics::Module] Id: 0xf2b8ea05
[Physics::Module] SDK Version: 4.1.2
[Physics::Module] Integration Version: 1.0.0
[Physics::Module] Threading Mode: Multi-Threaded
Refreshing native plugins compatible for Editor in 1.04 ms, found 2 plugins.
Preloading 0 native plugins for Editor in 0.00 ms.
Initialize engine version: 6000.2.15f1 (0707b6d1e918)
[Subsystems] Discovering subsystems at path C:/Program Files/Unity/Hub/Editor/6000.2.15f1/Editor/Data/Resources/UnitySubsystems
[Subsystems] Discovering subsystems at path C:/Users/justi/Documents/Github/temp1/Assignment1_UnityProject/Assets
GfxDevice: creating device client; kGfxThreadingModeNonThreaded
Direct3D:
    Version:  Direct3D 11.0 [level 11.1]
    Renderer: NVIDIA GeForce GTX 1650 (ID=0x1f99)
    Vendor:   NVIDIA
    VRAM:     3937 MB
    Driver:   32.0.15.7688
Initialize mono
Mono path[0] = 'C:/Program Files/Unity/Hub/Editor/6000.2.15f1/Editor/Data/Managed'
Mono path[1] = 'C:/Program Files/Unity/Hub/Editor/6000.2.15f1/Editor/Data/MonoBleedingEdge/lib/mono/unityjit-win32'
Mono config path = 'C:/Program Files/Unity/Hub/Editor/6000.2.15f1/Editor/Data/MonoBleedingEdge/etc'
Using monoOptions --debugger-agent=transport=dt_socket,embedding=1,server=y,suspend=n,address=127.0.0.1:56464
Begin MonoManager ReloadAssembly
Registering precompiled unity dll's ...
Register platform support module: C:/Program Files/Unity/Hub/Editor/6000.2.15f1/Editor/Data/PlaybackEngines/WindowsStandaloneSupport/UnityEditor.WindowsStandalone.Extensions.dll
Registered in 0.002451 seconds.
- Loaded All Assemblies, in  0.433 seconds
Native extension for WindowsStandalone target not found
[Licensing::Client] Handshaking with LicensingClient:
  Version:                 1.17.4+4293ba1
  Session Id:              5e2375f04a3a4d2aa4d35046fa1f2b1f
  Correlation Id:          8aadd9a91032026cb6f61fe0863cd397
  External correlation Id: 8764667732698317631
  Machine Id:              ehbIGK4hacd9cr4nQhpLVIcffA0=
[Licensing::Module] Successfully connected to LicensingClient on channel: "LicenseClient-justi" (connect: 0.00s, validation: 0.00s, handshake: 1.02s)
[Licensing::IpcConnector] Successfully connected to: "LicenseClient-justi-notifications" at "2025-12-10T01:50:26.7172687Z"
[Licensing::Module] Licensing Background thread has ended after 1.02s
Mono: successfully reloaded assembly
- Finished resetting the current domain, in  0.349 seconds
Domain Reload Profiling: 779ms
	BeginReloadAssembly (149ms)
		ExecutionOrderSort (0ms)
		DisableScriptedObjects (0ms)
		BackupInstance (0ms)
		ReleaseScriptingObjects (0ms)
		CreateAndSetChildDomain (1ms)
	RebuildCommonClasses (42ms)
	RebuildNativeTypeToScriptingClass (13ms)
	initialDomainReloadingComplete (52ms)
	LoadAllAssembliesAndSetupDomain (174ms)
		LoadAssemblies (144ms)
		RebuildTransferFunctionScriptingTraits (0ms)
		AnalyzeDomain (171ms)
			TypeCache.Refresh (169ms)
				TypeCache.ScanAssembly (154ms)
			BuildScriptInfoCaches (0ms)
			ResolveRequiredComponents (1ms)
	FinalizeReload (350ms)
		ReleaseScriptCaches (0ms)
		RebuildScriptCaches (0ms)
		SetupLoadedEditorAssemblies (314ms)
			LogAssemblyErrors (0ms)
			InitializePlatformSupportModulesInManaged (54ms)
			SetLoadedEditorAssemblies (4ms)
			BeforeProcessingInitializeOnLoad (69ms)
			ProcessInitializeOnLoadAttributes (132ms)
			ProcessInitializeOnLoadMethodAttributes (55ms)
			AfterProcessingInitializeOnLoad (0ms)
			EditorAssembliesLoaded (0ms)
		ExecutionOrderSort2 (0ms)
		AwakeInstancesAfterBackupRestoration (0ms)
========================================================================
Worker process is ready to serve import requests
Import Worker Mode flag is 0x00
Begin MonoManager ReloadAssembly
[Licensing::Client] Successfully resolved entitlement details
[Licensing::Module] License group:
  Id: 18968273128231-UnityPersXXXX
  Product: Unity Personal
  Type: Assigned
  Expiration: Unlimited
- Loaded All Assemblies, in  0.577 seconds
Refreshing native plugins compatible for Editor in 0.51 ms, found 2 plugins.
Native extension for WindowsStandalone target not found
Package Manager log level set to [2]
[Package Manager] Failed to launch server process. Reason: Unity was launched with the -noUpm command-line argument
[Package Manager] Unable to send message (not connected to server process).
[Package Manager] Cannot connect to Unity Package Manager local server
Mono: successfully reloaded assembly
- Finished resetting the current domain, in  0.504 seconds
Domain Reload Profiling: 1077ms
	BeginReloadAssembly (191ms)
		ExecutionOrderSort (0ms)
		DisableScriptedObjects (6ms)
		BackupInstance (0ms)
		ReleaseScriptingObjects (0ms)
		CreateAndSetChildDomain (31ms)
	RebuildCommonClasses (44ms)
	RebuildNativeTypeToScriptingClass (17ms)
	initialDomainReloadingComplete (44ms)
	LoadAllAssembliesAndSetupDomain (276ms)
		LoadAssemblies (285ms)
		RebuildTransferFunctionScriptingTraits (0ms)
		AnalyzeDomain (99ms)
			TypeCache.Refresh (79ms)
				TypeCache.ScanAssembly (69ms)
			BuildScriptInfoCaches (15ms)
			ResolveRequiredComponents (2ms)
	FinalizeReload (505ms)
		ReleaseScriptCaches (0ms)
		RebuildScriptCaches (0ms)
		SetupLoadedEditorAssemblies (399ms)
			LogAssemblyErrors (0ms)
			InitializePlatformSupportModulesInManaged (2ms)
			SetLoadedEditorAssemblies (4ms)
			BeforeProcessingInitializeOnLoad (91ms)
			ProcessInitializeOnLoadAttributes (267ms)
			ProcessInitializeOnLoadMethodAttributes (28ms)
			AfterProcessingInitializeOnLoad (6ms)
			EditorAssembliesLoaded (0ms)
		ExecutionOrderSort2 (0ms)
		AwakeInstancesAfterBackupRestoration (6ms)
Launched and connected shader compiler UnityShaderCompiler.exe after 0.02 seconds
Refreshing native plugins compatible for Editor in 1.07 ms, found 2 plugins.
Preloading 0 native plugins for Editor in 0.00 ms.
Unloading 0 Unused Serialized files (Serialized files now loaded: 0)
Unloading 1811 unused Assets / (0.6 MB). Loaded Objects now: 2309.
Memory consumption went from 67.9 MB to 67.3 MB.
Total: 9.250200 ms (FindLiveObjects: 0.461400 ms CreateObjectMapping: 0.407600 ms MarkObjects: 7.317900 ms  DeleteObjects: 1.060700 ms)

========================================================================
Received Prepare
Begin MonoManager ReloadAssembly
- Loaded All Assemblies, in  0.540 seconds
Refreshing native plugins compatible for Editor in 0.53 ms, found 2 plugins.
Native extension for WindowsStandalone target not found
[Package Manager] Failed to launch server process. Reason: Unity was launched with the -noUpm command-line argument
[Package Manager] Unable to send message (not connected to server process).
[Package Manager] Cannot connect to Unity Package Manager local server
Mono: successfully reloaded assembly
- Finished resetting the current domain, in  0.508 seconds
Domain Reload Profiling: 1046ms
	BeginReloadAssembly (206ms)
		ExecutionOrderSort (0ms)
		DisableScriptedObjects (8ms)
		BackupInstance (0ms)
		ReleaseScriptingObjects (0ms)
		CreateAndSetChildDomain (39ms)
	RebuildCommonClasses (51ms)
	RebuildNativeTypeToScriptingClass (14ms)
	initialDomainReloadingComplete (28ms)
	LoadAllAssembliesAndSetupDomain (238ms)
		LoadAssemblies (277ms)
		RebuildTransferFunctionScriptingTraits (0ms)
		AnalyzeDomain (73ms)
			TypeCache.Refresh (4ms)
				TypeCache.ScanAssembly (0ms)
			BuildScriptInfoCaches (65ms)
			ResolveRequiredComponents (2ms)
	FinalizeReload (509ms)
		ReleaseScriptCaches (0ms)
		RebuildScriptCaches (0ms)
		SetupLoadedEditorAssemblies (394ms)
			LogAssemblyErrors (0ms)
			InitializePlatformSupportModulesInManaged (2ms)
			SetLoadedEditorAssemblies (5ms)
			BeforeProcessingInitializeOnLoad (92ms)
			ProcessInitializeOnLoadAttributes (264ms)
			ProcessInitializeOnLoadMethodAttributes (24ms)
			AfterProcessingInitializeOnLoad (7ms)
			EditorAssembliesLoaded (0ms)
		ExecutionOrderSort2 (0ms)
		AwakeInstancesAfterBackupRestoration (6ms)
Refreshing native plugins compatible for Editor in 1.23 ms, found 2 plugins.
Preloading 0 native plugins for Editor in 0.00 ms.
Unloading 0 Unused Serialized files (Serialized files now loaded: 0)
Unloading 1809 unused Assets / (482.4 KB). Loaded Objects now: 2310.
Memory consumption went from 67.7 MB to 67.2 MB.
Total: 9.779800 ms (FindLiveObjects: 0.482700 ms CreateObjectMapping: 0.393100 ms MarkObjects: 7.830000 ms  DeleteObjects: 1.071700 ms)

Prepare: number of updated asset objects reloaded= 0
========================================================================
Received Import Request.
  Time since last request: 1174.754388 seconds.
  path: Assets/Resources
  artifactKey: Guid(898ef9059b5373f46b887bfed9534da0) Importer(815301076,1909f56bfc062723c751e8b465ee728b)
Start importing Assets/Resources using Guid(898ef9059b5373f46b887bfed9534da0) Importer(815301076,1909f56bfc062723c751e8b465ee728b) (PreviewImporter) -> (artifact id: '264343367231d23a87f7318ae557087a') in 0.0066875 seconds
Number of updated asset objects reloaded before import = 0Number of asset objects unloaded after import = 0

========================================================================
Received Import Request.
  Time since last request: 4.108285 seconds.
  path: Assets/Resources/Sound
  artifactKey: Guid(1bae8a1f638bb1b4f81dc16081816f99) Importer(815301076,1909f56bfc062723c751e8b465ee728b)
Start importing Assets/Resources/Sound using Guid(1bae8a1f638bb1b4f81dc16081816f99) Importer(815301076,1909f56bfc062723c751e8b465ee728b) (PreviewImporter) -> (artifact id: '1c2878b79ea66a59502d020525d62b90') in 0.000997 seconds
Number of updated asset objects reloaded before import = 0Number of asset objects unloaded after import = 0

========================================================================
Received Import Request.
  Time since last request: 13.431229 seconds.
  path: Assets/Joystick Pack/Documentaion.pdf
  artifactKey: Guid(cfa813ed406827e43b967abd54ab5b9a) Importer(2089858483,192608db42251d675da83286b1cce702)
Start importing Assets/Joystick Pack/Documentaion.pdf using Guid(cfa813ed406827e43b967abd54ab5b9a) Importer(2089858483,192608db42251d675da83286b1cce702) (ScriptedImporter) -> (artifact id: '2ecef9bae8ef37e74236464398e3f9f9') in 0.0884551 seconds
Number of updated asset objects reloaded before import = 0Number of asset objects unloaded after import = 1

========================================================================
Received Import Request.
  Time since last request: 0.000074 seconds.
  path: Assets/Scripts/Box.cs
  artifactKey: Guid(fdd635b9af1e6554c8baf88659c60813) Importer(2089858483,192608db42251d675da83286b1cce702)
Start importing Assets/Scripts/Box.cs using Guid(fdd635b9af1e6554c8baf88659c60813) Importer(2089858483,192608db42251d675da83286b1cce702) (ScriptedImporter) -> (artifact id: 'e0cfc2a25669a1dea730e1403d8be905') in 0.0460935 seconds
Number of updated asset objects reloaded before import = 0Number of asset objects unloaded after import = 0

========================================================================
Received Import Request.
  Time since last request: 0.000124 seconds.
  path: Assets/Scripts/IDamageable.cs
  artifactKey: Guid(6fa0644edad2bfd4698b6d90abcf88de) Importer(2089858483,192608db42251d675da83286b1cce702)
Start importing Assets/Scripts/IDamageable.cs using Guid(6fa0644edad2bfd4698b6d90abcf88de) Importer(2089858483,192608db42251d675da83286b1cce702) (ScriptedImporter) -> (artifact id: '45a1db41174b4cd99aa2a872805f97cb') in 0.0188283 seconds
Number of updated asset objects reloaded before import = 0Number of asset objects unloaded after import = 0

========================================================================
Received Import Request.
  Time since last request: 0.000074 seconds.
  path: Assets/SciFiWarriorPBRHPPolyart/Animations/WalkRight_Shoot_ar.fbx
  artifactKey: Guid(e6a236f5b06f9cb44ae1ca8b50fcd8ca) Importer(2089858483,192608db42251d675da83286b1cce702)
Start importing Assets/SciFiWarriorPBRHPPolyart/Animations/WalkRight_Shoot_ar.fbx using Guid(e6a236f5b06f9cb44ae1ca8b50fcd8ca) Importer(2089858483,192608db42251d675da83286b1cce702) (ScriptedImporter) -> (artifact id: '14e6cdf423377adcb43e95f0bc616030') in 0.1306685 seconds
Number of updated asset objects reloaded before import = 0Number of asset objects unloaded after import = 151

========================================================================
Received Import Request.
  Time since last request: 0.000024 seconds.
  path: Assets/Joystick Pack/Scripts/Base/Joystick.cs
  artifactKey: Guid(b9fca4100a7477741b3973b4ff2c405f) Importer(2089858483,192608db42251d675da83286b1cce702)
Start importing Assets/Joystick Pack/Scripts/Base/Joystick.cs using Guid(b9fca4100a7477741b3973b4ff2c405f) Importer(2089858483,192608db42251d675da83286b1cce702) (ScriptedImporter) -> (artifact id: 'ee73b9fb1ec03e6bc682fd34d5ee0474') in 0.0136829 seconds
Number of updated asset objects reloaded before import = 0Number of asset objects unloaded after import = 0

========================================================================
Received Import Request.
  Time since last request: 0.000112 seconds.
  path: Assets/SciFiWarriorPBRHPPolyart/promotion.jpg
  artifactKey: Guid(e8a466c997566b84c895066dbd56e130) Importer(2089858483,192608db42251d675da83286b1cce702)
Start importing Assets/SciFiWarriorPBRHPPolyart/promotion.jpg using Guid(e8a466c997566b84c895066dbd56e130) Importer(2089858483,192608db42251d675da83286b1cce702) (ScriptedImporter) -> (artifact id: '9d811d183acfb3099bcf468c454a0239') in 0.0806787 seconds
Number of updated asset objects reloaded before import = 0Number of asset objects unloaded after import = 1

========================================================================
Received Import Request.
  Time since last request: 0.000053 seconds.
  path: Assets/SciFiWarriorPBRHPPolyart/Textures/PolyartEmission.png
  artifactKey: Guid(61dc11b64d962ee4386737600bf34b90) Importer(2089858483,192608db42251d675da83286b1cce702)
Start importing Assets/SciFiWarriorPBRHPPolyart/Textures/PolyartEmission.png using Guid(61dc11b64d962ee4386737600bf34b90) Importer(2089858483,192608db42251d675da83286b1cce702) (ScriptedImporter) -> (artifact id: 'c54f8d151de7157a6812835b516d367e') in 0.0415554 seconds
Number of updated asset objects reloaded before import = 0Number of asset objects unloaded after import = 1

========================================================================
Received Import Request.
  Time since last request: 0.000117 seconds.
  path: Assets/SciFiWarriorPBRHPPolyart/Materials/Polyart.mat
  artifactKey: Guid(78660c09ff101ea4cb77de408a9527da) Importer(2089858483,192608db42251d675da83286b1cce702)
Start importing Assets/SciFiWarriorPBRHPPolyart/Materials/Polyart.mat using Guid(78660c09ff101ea4cb77de408a9527da) Importer(2089858483,192608db42251d675da83286b1cce702) (ScriptedImporter) -> (artifact id: 'ec1d98acced2dab9ebb95aa9857db844') in 0.0452405 seconds
Number of updated asset objects reloaded before import = 0Number of asset objects unloaded after import = 3

========================================================================
Received Import Request.
  Time since last request: 0.000020 seconds.
  path: Assets/MixamoCustom/Animation/Idle.fbx
  artifactKey: Guid(0447fd9cd1d0d7c4f8786ccc51a6753b) Importer(2089858483,192608db42251d675da83286b1cce702)
Start importing Assets/MixamoCustom/Animation/Idle.fbx using Guid(0447fd9cd1d0d7c4f8786ccc51a6753b) Importer(2089858483,192608db42251d675da83286b1cce702) (ScriptedImporter) -> (artifact id: '09d7a714a989b11910187ec662dbf0a5') in 0.0557176 seconds
Number of updated asset objects reloaded before import = 0Number of asset objects unloaded after import = 142

========================================================================
Received Import Request.
  Time since last request: 0.000028 seconds.
  path: Assets/Joystick Pack/Sprites/Handles/Handle_Outline_Arrows.png
  artifactKey: Guid(5eda94a9dcf71e445ad17e3c065d1460) Importer(2089858483,192608db42251d675da83286b1cce702)
Start importing Assets/Joystick Pack/Sprites/Handles/Handle_Outline_Arrows.png using Guid(5eda94a9dcf71e445ad17e3c065d1460) Importer(2089858483,192608db42251d675da83286b1cce702) (ScriptedImporter) -> (artifact id: 'e44eefdc7bb67fed4e27f7034d9e46e8') in 0.0415592 seconds
Number of updated asset objects reloaded before import = 0Number of asset objects unloaded after import = 3

========================================================================
Received Import Request.
  Time since last request: 0.000037 seconds.
  path: Assets/Joystick Pack/Scripts/Editor/JoystickEditor.cs
  artifactKey: Guid(d4b2b0d911a01a64ebfca9918e2b90b4) Importer(2089858483,192608db42251d675da83286b1cce702)
Start importing Assets/Joystick Pack/Scripts/Editor/JoystickEditor.cs using Guid(d4b2b0d911a01a64ebfca9918e2b90b4) Importer(2089858483,192608db42251d675da83286b1cce702) (ScriptedImporter) -> (artifact id: '5e5734af65833747de74542a233af17f') in 0.0195728 seconds
Number of updated asset objects reloaded before import = 0Number of asset objects unloaded after import = 0

========================================================================
Received Import Request.
  Time since last request: 0.000052 seconds.
  path: Assets/Joystick Pack/Scripts/Joysticks/FloatingJoystick.cs
  artifactKey: Guid(7a47f546fc70ec8428172694e78e4288) Importer(2089858483,192608db42251d675da83286b1cce702)
Start importing Assets/Joystick Pack/Scripts/Joysticks/FloatingJoystick.cs using Guid(7a47f546fc70ec8428172694e78e4288) Importer(2089858483,192608db42251d675da83286b1cce702) (ScriptedImporter) -> (artifact id: '735ae58dcf94df3aec356368d9b2a7cf') in 0.0150194 seconds
Number of updated asset objects reloaded before import = 0Number of asset objects unloaded after import = 0

========================================================================
Received Import Request.
  Time since last request: 0.000128 seconds.
  path: Assets/Joystick Pack/Scripts/Joysticks/FixedJoystick.cs
  artifactKey: Guid(45977bbae16431c46a013576a1aea384) Importer(2089858483,192608db42251d675da83286b1cce702)
Start importing Assets/Joystick Pack/Scripts/Joysticks/FixedJoystick.cs using Guid(45977bbae16431c46a013576a1aea384) Importer(2089858483,192608db42251d675da83286b1cce702) (ScriptedImporter) -> (artifact id: '9604b626abbe46869da35629753c2999') in 0.0192896 seconds
Number of updated asset objects reloaded before import = 0Number of asset objects unloaded after import = 0

========================================================================
Received Import Request.
  Time since last request: 0.000083 seconds.
  path: Assets/Joystick Pack/Examples/Example Scene.unity
  artifactKey: Guid(414bddd31c5ea4f4c9f5d1452e5bbb41) Importer(2089858483,192608db42251d675da83286b1cce702)
Start importing Assets/Joystick Pack/Examples/Example Scene.unity using Guid(414bddd31c5ea4f4c9f5d1452e5bbb41) Importer(2089858483,192608db42251d675da83286b1cce702) (ScriptedImporter) -> (artifact id: 'e9d791689c3869d6299dbda224e0c0a6') in 0.0383078 seconds
Number of updated asset objects reloaded before import = 0Number of asset objects unloaded after import = 1

========================================================================
Received Import Request.
  Time since last request: 0.000025 seconds.
  path: Assets/SciFiWarriorPBRHPPolyart/Animations/Idle_gunMiddle_ar.fbx
  artifactKey: Guid(107649059ea401b4e9c5c20f21e99a55) Importer(2089858483,192608db42251d675da83286b1cce702)
Start importing Assets/SciFiWarriorPBRHPPolyart/Animations/Idle_gunMiddle_ar.fbx using Guid(107649059ea401b4e9c5c20f21e99a55) Importer(2089858483,192608db42251d675da83286b1cce702) (ScriptedImporter) -> (artifact id: '305056ecf6e649ae8a48cf32d52c158b') in 0.0573757 seconds
Number of updated asset objects reloaded before import = 0Number of asset objects unloaded after import = 151

========================================================================
Received Import Request.
  Time since last request: 0.000026 seconds.
  path: Assets/SciFiWarriorPBRHPPolyart/Scene/DemoScene01.unity
  artifactKey: Guid(8fe35caa59ef2f24ea973c1926e5d6ac) Importer(2089858483,192608db42251d675da83286b1cce702)
Start importing Assets/SciFiWarriorPBRHPPolyart/Scene/DemoScene01.unity using Guid(8fe35caa59ef2f24ea973c1926e5d6ac) Importer(2089858483,192608db42251d675da83286b1cce702) (ScriptedImporter) -> (artifact id: 'acd7aa946bea05c358ea9fcc147b32ae') in 0.0295855 seconds
Number of updated asset objects reloaded before import = 0Number of asset objects unloaded after import = 1

========================================================================
Received Import Request.
  Time since last request: 0.000031 seconds.
  path: Assets/Scripts/PlayerMovement.cs
  artifactKey: Guid(237916ef1c244b443ae7346e061ae7ef) Importer(2089858483,192608db42251d675da83286b1cce702)
Start importing Assets/Scripts/PlayerMovement.cs using Guid(237916ef1c244b443ae7346e061ae7ef) Importer(2089858483,192608db42251d675da83286b1cce702) (ScriptedImporter) -> (artifact id: '191bcc715f4d0e39cf85e58203aa9acf') in 0.0171672 seconds
Number of updated asset objects reloaded before import = 0Number of asset objects unloaded after import = 0

========================================================================
Received Import Request.
  Time since last request: 0.000086 seconds.
  path: Assets/MixamoCustom/Animation/Run.fbx
  artifactKey: Guid(8a6fc4c1f44c2e04980d5a8ff316a69b) Importer(2089858483,192608db42251d675da83286b1cce702)
Start importing Assets/MixamoCustom/Animation/Run.fbx using Guid(8a6fc4c1f44c2e04980d5a8ff316a69b) Importer(2089858483,192608db42251d675da83286b1cce702) (ScriptedImporter) -> (artifact id: '89bbadf4ad8eaf7b8ffdeda1b5304fcc') in 0.0416204 seconds
Number of updated asset objects reloaded before import = 0Number of asset objects unloaded after import = 142

========================================================================
Received Import Request.
  Time since last request: 0.000027 seconds.
  path: Assets/SciFiWarriorPBRHPPolyart/Animations/Run_gunMiddle_AR.fbx
  artifactKey: Guid(d805ca1ced9a1054c9cb7e1dc431a6e3) Importer(2089858483,192608db42251d675da83286b1cce702)
Start importing Assets/SciFiWarriorPBRHPPolyart/Animations/Run_gunMiddle_AR.fbx using Guid(d805ca1ced9a1054c9cb7e1dc431a6e3) Importer(2089858483,192608db42251d675da83286b1cce702) (ScriptedImporter) -> (artifact id: '3b72a99066fde58f2426457b35252bc7') in 0.0547231 seconds
Number of updated asset objects reloaded before import = 0Number of asset objects unloaded after import = 151

========================================================================
Received Import Request.
  Time since last request: 0.000048 seconds.
  path: Assets/SciFiWarriorPBRHPPolyart/Prefabs/HPCharacter.prefab
  artifactKey: Guid(c98043d57e0190845b790d7b92990bee) Importer(2089858483,192608db42251d675da83286b1cce702)
Start importing Assets/SciFiWarriorPBRHPPolyart/Prefabs/HPCharacter.prefab using Guid(c98043d57e0190845b790d7b92990bee) Importer(2089858483,192608db42251d675da83286b1cce702) (ScriptedImporter) -> (artifact id: '8c0f76d626a14ea783b1404e758260cb') in 0.0591092 seconds
Number of updated asset objects reloaded before import = 0Number of asset objects unloaded after import = 193

========================================================================
Received Import Request.
  Time since last request: 0.000030 seconds.
  path: Assets/Resources/Animations/PlayerAnim.controller
  artifactKey: Guid(1e98cdfc66c956a40a023ec836363da6) Importer(2089858483,192608db42251d675da83286b1cce702)
Start importing Assets/Resources/Animations/PlayerAnim.controller using Guid(1e98cdfc66c956a40a023ec836363da6) Importer(2089858483,192608db42251d675da83286b1cce702) (ScriptedImporter) -> (artifact id: '63d5560439e5672da106ad03763211c4') in 0.0364606 seconds
Number of updated asset objects reloaded before import = 0Number of asset objects unloaded after import = 40

========================================================================
Received Import Request.
  Time since last request: 0.000027 seconds.
  path: Assets/MixamoCustom/Animation/Hook.fbx
  artifactKey: Guid(c9f5131afab8b8540addbf68108d46fe) Importer(2089858483,192608db42251d675da83286b1cce702)
Start importing Assets/MixamoCustom/Animation/Hook.fbx using Guid(c9f5131afab8b8540addbf68108d46fe) Importer(2089858483,192608db42251d675da83286b1cce702) (ScriptedImporter) -> (artifact id: 'bbb74fd1d14d91adb15399f6b290b2e2') in 0.0407624 seconds
Number of updated asset objects reloaded before import = 0Number of asset objects unloaded after import = 142

========================================================================
Received Import Request.
  Time since last request: 0.000027 seconds.
  path: Assets/Joystick Pack/Examples/JoystickSetterExample.cs
  artifactKey: Guid(3d73bf03f88f371469fd7b43fc97d77e) Importer(2089858483,192608db42251d675da83286b1cce702)
Start importing Assets/Joystick Pack/Examples/JoystickSetterExample.cs using Guid(3d73bf03f88f371469fd7b43fc97d77e) Importer(2089858483,192608db42251d675da83286b1cce702) (ScriptedImporter) -> (artifact id: '727430057fbf261bba9a3f5cbde088ff') in 0.0162594 seconds
Number of updated asset objects reloaded before import = 0Number of asset objects unloaded after import = 0

========================================================================
Received Import Request.
  Time since last request: 0.000048 seconds.
  path: Assets/Resources/Textures/crosshair.png
  artifactKey: Guid(9f545ef9a6424734580b8dd39135c10f) Importer(2089858483,192608db42251d675da83286b1cce702)
Start importing Assets/Resources/Textures/crosshair.png using Guid(9f545ef9a6424734580b8dd39135c10f) Importer(2089858483,192608db42251d675da83286b1cce702) (ScriptedImporter) -> (artifact id: '2a671e8ccefccefd8969a1e6d67dd914') in 0.0266236 seconds
Number of updated asset objects reloaded before import = 0Number of asset objects unloaded after import = 3

========================================================================
Received Import Request.
  Time since last request: 0.000020 seconds.
  path: Assets/Resources/Sound/bullethits/522403__filmmakersmanual__bullet-concrete-hit-2.wav
  artifactKey: Guid(cec008ee4c845844e89c441b300c775a) Importer(2089858483,192608db42251d675da83286b1cce702)
Start importing Assets/Resources/Sound/bullethits/522403__filmmakersmanual__bullet-concrete-hit-2.wav using Guid(cec008ee4c845844e89c441b300c775a) Importer(2089858483,192608db42251d675da83286b1cce702) (ScriptedImporter) -> (artifact id: '6e95d9aab53462807a33308cf8aaf3b4') in 0.0794702 seconds
Number of updated asset objects reloaded before import = 0Number of asset objects unloaded after import = 1

========================================================================
Received Import Request.
  Time since last request: 0.000029 seconds.
  path: Assets/Joystick Pack/Sprites/Horizontal Backgrounds/Horizontal_Ridged.png
  artifactKey: Guid(6304ad603f150b649b764d29bbc2a87b) Importer(2089858483,192608db42251d675da83286b1cce702)
Start importing Assets/Joystick Pack/Sprites/Horizontal Backgrounds/Horizontal_Ridged.png using Guid(6304ad603f150b649b764d29bbc2a87b) Importer(2089858483,192608db42251d675da83286b1cce702) (ScriptedImporter) -> (artifact id: 'b3b2d2f56af2253692a617d50c915835') in 0.0388144 seconds
Number of updated asset objects reloaded before import = 0Number of asset objects unloaded after import = 3

========================================================================
Received Import Request.
  Time since last request: 0.000029 seconds.
  path: Assets/Joystick Pack/Sprites/Horizontal Backgrounds/Horizontal_Plain_Arrows.png
  artifactKey: Guid(c8585b68a92b5d440992ddd7d1b1a3d6) Importer(2089858483,192608db42251d675da83286b1cce702)
Start importing Assets/Joystick Pack/Sprites/Horizontal Backgrounds/Horizontal_Plain_Arrows.png using Guid(c8585b68a92b5d440992ddd7d1b1a3d6) Importer(2089858483,192608db42251d675da83286b1cce702) (ScriptedImporter) -> (artifact id: '6c3675001b62493248cc9e2172560433') in 0.0358734 seconds
Number of updated asset objects reloaded before import = 0Number of asset objects unloaded after import = 3

========================================================================
Received Import Request.
  Time since last request: 0.000019 seconds.
  path: Assets/Joystick Pack/Sprites/Handles/Handle_Ridged_Arrows.png
  artifactKey: Guid(a6c56474666ce0647bdb766e9b4764b3) Importer(2089858483,192608db42251d675da83286b1cce702)
Start importing Assets/Joystick Pack/Sprites/Handles/Handle_Ridged_Arrows.png using Guid(a6c56474666ce0647bdb766e9b4764b3) Importer(2089858483,192608db42251d675da83286b1cce702) (ScriptedImporter) -> (artifact id: '3e8c3201279def00778c70c582b86b48') in 0.0288801 seconds
Number of updated asset objects reloaded before import = 0Number of asset objects unloaded after import = 3

========================================================================
Received Import Request.
  Time since last request: 0.000044 seconds.
  path: Assets/Joystick Pack/Sprites/Horizontal Backgrounds/Horizontal_Plain.png
  artifactKey: Guid(097782735540f2d4db5606eae04ae6a7) Importer(2089858483,192608db42251d675da83286b1cce702)
Start importing Assets/Joystick Pack/Sprites/Horizontal Backgrounds/Horizontal_Plain.png using Guid(097782735540f2d4db5606eae04ae6a7) Importer(2089858483,192608db42251d675da83286b1cce702) (ScriptedImporter) -> (artifact id: '6e4555d56e8a40e6a8bcd89bc577176a') in 0.0409164 seconds
Number of updated asset objects reloaded before import = 0Number of asset objects unloaded after import = 3

========================================================================
Received Import Request.
  Time since last request: 0.000029 seconds.
  path: Assets/SciFiWarriorPBRHPPolyart/Animations/Idle_Ducking_ar.fbx
  artifactKey: Guid(3ad7c5979f6586d4a9532a55492a0ebe) Importer(2089858483,192608db42251d675da83286b1cce702)
Start importing Assets/SciFiWarriorPBRHPPolyart/Animations/Idle_Ducking_ar.fbx using Guid(3ad7c5979f6586d4a9532a55492a0ebe) Importer(2089858483,192608db42251d675da83286b1cce702) (ScriptedImporter) -> (artifact id: 'ec904e9f380a64b5ca83037f182b7796') in 0.0479869 seconds
Number of updated asset objects reloaded before import = 0Number of asset objects unloaded after import = 151

========================================================================
Received Import Request.
  Time since last request: 0.000022 seconds.
  path: Assets/SciFiWarriorPBRHPPolyart/Mesh/Polyart_Mesh.fbx
  artifactKey: Guid(860793eb3324391468f1c120a75ec049) Importer(2089858483,192608db42251d675da83286b1cce702)
Start importing Assets/SciFiWarriorPBRHPPolyart/Mesh/Polyart_Mesh.fbx using Guid(860793eb3324391468f1c120a75ec049) Importer(2089858483,192608db42251d675da83286b1cce702) (ScriptedImporter) -> (artifact id: 'a980536fdeb67d3d9103d0234c3ea326') in 0.0389299 seconds
Number of updated asset objects reloaded before import = 0Number of asset objects unloaded after import = 146

========================================================================
Received Import Request.
  Time since last request: 0.000030 seconds.
  path: Assets/Joystick Pack/Sprites/Handles/Handle_Ridged.png
  artifactKey: Guid(3a74f678ee8f3bd49aacf3de1ae4bcaa) Importer(2089858483,192608db42251d675da83286b1cce702)
Start importing Assets/Joystick Pack/Sprites/Handles/Handle_Ridged.png using Guid(3a74f678ee8f3bd49aacf3de1ae4bcaa) Importer(2089858483,192608db42251d675da83286b1cce702) (ScriptedImporter) -> (artifact id: '980282bbc63a608d20d2b0d5f4872b1c') in 0.039435 seconds
Number of updated asset objects reloaded before import = 0Number of asset objects unloaded after import = 3

========================================================================
Received Import Request.
  Time since last request: 0.000019 seconds.
  path: Assets/SciFiWarriorPBRHPPolyart/Textures/HP_Albedo.png
  artifactKey: Guid(20fc9881d38a91b438bec3ae3db922f0) Importer(2089858483,192608db42251d675da83286b1cce702)
Start importing Assets/SciFiWarriorPBRHPPolyart/Textures/HP_Albedo.png using Guid(20fc9881d38a91b438bec3ae3db922f0) Importer(2089858483,192608db42251d675da83286b1cce702) (ScriptedImporter) -> (artifact id: '9ff6a69c361fec3342b1f6db5fdb24aa') in 0.0251151 seconds
Number of updated asset objects reloaded before import = 0Number of asset objects unloaded after import = 1

========================================================================
Received Import Request.
  Time since last request: 0.000021 seconds.
  path: Assets/SciFiWarriorPBRHPPolyart/Animations/Die.fbx
  artifactKey: Guid(d406f8f3cbe268f4e9d0234d45cca60c) Importer(2089858483,192608db42251d675da83286b1cce702)
Start importing Assets/SciFiWarriorPBRHPPolyart/Animations/Die.fbx using Guid(d406f8f3cbe268f4e9d0234d45cca60c) Importer(2089858483,192608db42251d675da83286b1cce702) (ScriptedImporter) -> (artifact id: '80d0845f8eb0ebd8c6ba99492f8b6e78') in 0.0393325 seconds
Number of updated asset objects reloaded before import = 0Number of asset objects unloaded after import = 151

========================================================================
Received Import Request.
  Time since last request: 0.000020 seconds.
  path: Assets/Resources/Sound/footsteps/footstep_dirt_2.wav
  artifactKey: Guid(ad4c66a6048c0c44faeac8d9ea4e9be8) Importer(2089858483,192608db42251d675da83286b1cce702)
Start importing Assets/Resources/Sound/footsteps/footstep_dirt_2.wav using Guid(ad4c66a6048c0c44faeac8d9ea4e9be8) Importer(2089858483,192608db42251d675da83286b1cce702) (ScriptedImporter) -> (artifact id: '67cba37a3390153cdfc719f90e510b01') in 0.0586794 seconds
Number of updated asset objects reloaded before import = 0Number of asset objects unloaded after import = 1

========================================================================
Received Import Request.
  Time since last request: 0.000019 seconds.
  path: Assets/Resources/Sound/footsteps/footstep_dirt_4.wav
  artifactKey: Guid(dcb20ae4a8bdc9645b53b6847bf15fc9) Importer(2089858483,192608db42251d675da83286b1cce702)
Start importing Assets/Resources/Sound/footsteps/footstep_dirt_4.wav using Guid(dcb20ae4a8bdc9645b53b6847bf15fc9) Importer(2089858483,192608db42251d675da83286b1cce702) (ScriptedImporter) -> (artifact id: '4e30dd487c0ace0cb9e693e5b6c66bc2') in 0.0589081 seconds
Number of updated asset objects reloaded before import = 0Number of asset objects unloaded after import = 1

========================================================================
Received Import Request.
  Time since last request: 0.000109 seconds.
  path: Assets/MixamoCustom/Animation/Martelo.fbx
  artifactKey: Guid(b9a3cc0ca67fe014796614c700b8bc9c) Importer(2089858483,192608db42251d675da83286b1cce702)
Start importing Assets/MixamoCustom/Animation/Martelo.fbx using Guid(b9a3cc0ca67fe014796614c700b8bc9c) Importer(2089858483,192608db42251d675da83286b1cce702) (ScriptedImporter) -> (artifact id: 'db3f68f5a458cb4b7acb0e606951f551') in 0.0416357 seconds
Number of updated asset objects reloaded before import = 0Number of asset objects unloaded after import = 142

========================================================================
Received Import Request.
  Time since last request: 0.000020 seconds.
  path: Assets/SciFiWarriorPBRHPPolyart/Scene/DemoScene01Settings.lighting
  artifactKey: Guid(9e5f08a1f477bbd4da64c89e4b4c9b46) Importer(2089858483,192608db42251d675da83286b1cce702)
Start importing Assets/SciFiWarriorPBRHPPolyart/Scene/DemoScene01Settings.lighting using Guid(9e5f08a1f477bbd4da64c89e4b4c9b46) Importer(2089858483,192608db42251d675da83286b1cce702) (ScriptedImporter) -> (artifact id: 'bd11febea6b7acdeb759fd5ee1547193') in 0.0360451 seconds
Number of updated asset objects reloaded before import = 0Number of asset objects unloaded after import = 1

========================================================================
Received Import Request.
  Time since last request: 0.000095 seconds.
  path: Assets/Resources/Sound/footsteps/footstep_dirt_1.wav
  artifactKey: Guid(c2fb18f114cd4a240a782347f2abf776) Importer(2089858483,192608db42251d675da83286b1cce702)
Start importing Assets/Resources/Sound/footsteps/footstep_dirt_1.wav using Guid(c2fb18f114cd4a240a782347f2abf776) Importer(2089858483,192608db42251d675da83286b1cce702) (ScriptedImporter) -> (artifact id: 'd5041f919f79edbf513c3e311ba499c9') in 0.0620846 seconds
Number of updated asset objects reloaded before import = 0Number of asset objects unloaded after import = 1

========================================================================
Received Import Request.
  Time since last request: 0.001076 seconds.
  path: Assets/Resources/Sound/footsteps/footstep_dirt_3.wav
  artifactKey: Guid(b49fe89334dfec64288fbfb874087b27) Importer(2089858483,192608db42251d675da83286b1cce702)
Start importing Assets/Resources/Sound/footsteps/footstep_dirt_3.wav using Guid(b49fe89334dfec64288fbfb874087b27) Importer(2089858483,192608db42251d675da83286b1cce702) (ScriptedImporter) -> (artifact id: 'b9dfed39c8c348c3a3e5e529cf92ff11') in 0.0616566 seconds
Number of updated asset objects reloaded before import = 0Number of asset objects unloaded after import = 1

========================================================================
Received Import Request.
  Time since last request: 0.000051 seconds.
  path: Assets/SciFiWarriorPBRHPPolyart/Textures/PBR_Free_AO.png
  artifactKey: Guid(e2d3ffb9e0c5b7a4d95d18b01f2c27e1) Importer(2089858483,192608db42251d675da83286b1cce702)
Start importing Assets/SciFiWarriorPBRHPPolyart/Textures/PBR_Free_AO.png using Guid(e2d3ffb9e0c5b7a4d95d18b01f2c27e1) Importer(2089858483,192608db42251d675da83286b1cce702) (ScriptedImporter) -> (artifact id: 'b1b6a2e0c18cb8afd53dd5f3e6586184') in 0.0294186 seconds
Number of updated asset objects reloaded before import = 0Number of asset objects unloaded after import = 1

========================================================================
Received Import Request.
  Time since last request: 0.000077 seconds.
  path: Assets/SciFiWarriorPBRHPPolyart/Animations/Shoot_SingleShot_AR.fbx
  artifactKey: Guid(7e58f38d10fcc9a498d348e7339ce3ec) Importer(2089858483,192608db42251d675da83286b1cce702)
Start importing Assets/SciFiWarriorPBRHPPolyart/Animations/Shoot_SingleShot_AR.fbx using Guid(7e58f38d10fcc9a498d348e7339ce3ec) Importer(2089858483,192608db42251d675da83286b1cce702) (ScriptedImporter) -> (artifact id: '6fefae1190a6b6106b75219abf3fe88d') in 0.0450986 seconds
Number of updated asset objects reloaded before import = 0Number of asset objects unloaded after import = 151

========================================================================
Received Import Request.
  Time since last request: 0.000019 seconds.
  path: Assets/Joystick Pack/Sprites/Handles/Handle_Plain.png
  artifactKey: Guid(010a6e5305fa7004f89c5d317b7b47d4) Importer(2089858483,192608db42251d675da83286b1cce702)
Start importing Assets/Joystick Pack/Sprites/Handles/Handle_Plain.png using Guid(010a6e5305fa7004f89c5d317b7b47d4) Importer(2089858483,192608db42251d675da83286b1cce702) (ScriptedImporter) -> (artifact id: '59ec46e4af3c0e0341eab83a4fe28988') in 0.0265624 seconds
Number of updated asset objects reloaded before import = 0Number of asset objects unloaded after import = 3

========================================================================
Received Import Request.
  Time since last request: 0.000018 seconds.
  path: Assets/SciFiWarriorPBRHPPolyart/Materials/Stage.mat
  artifactKey: Guid(3e0aeba26bb4b6344ab4cd1419b6a1f5) Importer(2089858483,192608db42251d675da83286b1cce702)
Start importing Assets/SciFiWarriorPBRHPPolyart/Materials/Stage.mat using Guid(3e0aeba26bb4b6344ab4cd1419b6a1f5) Importer(2089858483,192608db42251d675da83286b1cce702) (ScriptedImporter) -> (artifact id: '888161a95a9c43852af05bb056f595f5') in 0.0594638 seconds
Number of updated asset objects reloaded before import = 0Number of asset objects unloaded after import = 1

========================================================================
Received Import Request.
  Time since last request: 0.000043 seconds.
  path: Assets/Joystick Pack/Sprites/Vertical Backgrounds/Vertical_Plain_Arrows.png
  artifactKey: Guid(3bf6d9f920f7458448a390f80318ebe6) Importer(2089858483,192608db42251d675da83286b1cce702)
Start importing Assets/Joystick Pack/Sprites/Vertical Backgrounds/Vertical_Plain_Arrows.png using Guid(3bf6d9f920f7458448a390f80318ebe6) Importer(2089858483,192608db42251d675da83286b1cce702) (ScriptedImporter) -> (artifact id: '2b89cd44eff677186e405ebd869e6d08') in 0.0361217 seconds
Number of updated asset objects reloaded before import = 0Number of asset objects unloaded after import = 3

========================================================================
Received Import Request.
  Time since last request: 0.000023 seconds.
  path: Assets/Resources/Sound/gunshots/big one.wav
  artifactKey: Guid(b0ca4cd276ebbb64685e6f5d47417d90) Importer(2089858483,192608db42251d675da83286b1cce702)
Start importing Assets/Resources/Sound/gunshots/big one.wav using Guid(b0ca4cd276ebbb64685e6f5d47417d90) Importer(2089858483,192608db42251d675da83286b1cce702) (ScriptedImporter) -> (artifact id: '01ab33736e6d159e93dcd6bb88824a63') in 0.0639414 seconds
Number of updated asset objects reloaded before import = 0Number of asset objects unloaded after import = 1

========================================================================
Received Import Request.
  Time since last request: 0.000023 seconds.
  path: Assets/Resources/Sound/gunshots/snare gun.wav
  artifactKey: Guid(4e4fb35cd1622474c8d75abcafcaefa6) Importer(2089858483,192608db42251d675da83286b1cce702)
Start importing Assets/Resources/Sound/gunshots/snare gun.wav using Guid(4e4fb35cd1622474c8d75abcafcaefa6) Importer(2089858483,192608db42251d675da83286b1cce702) (ScriptedImporter) -> (artifact id: 'b442168d5591e1d02356d718d59be952') in 0.0605137 seconds
Number of updated asset objects reloaded before import = 0Number of asset objects unloaded after import = 1

========================================================================
Received Import Request.
  Time since last request: 0.000047 seconds.
  path: Assets/Resources/Sound/gunshots/pa pew.wav
  artifactKey: Guid(9a26356a687bb14418d6f3e15a92fe35) Importer(2089858483,192608db42251d675da83286b1cce702)
Start importing Assets/Resources/Sound/gunshots/pa pew.wav using Guid(9a26356a687bb14418d6f3e15a92fe35) Importer(2089858483,192608db42251d675da83286b1cce702) (ScriptedImporter) -> (artifact id: '0b46a5de55644ba09513bc251c5b4782') in 0.0613595 seconds
Number of updated asset objects reloaded before import = 0Number of asset objects unloaded after import = 1

========================================================================
Received Import Request.
  Time since last request: 0.000053 seconds.
  path: Assets/Resources/Sound/gunshots/reverb gun.wav
  artifactKey: Guid(594dad56d2a29dc4b911793aac359e37) Importer(2089858483,192608db42251d675da83286b1cce702)
Start importing Assets/Resources/Sound/gunshots/reverb gun.wav using Guid(594dad56d2a29dc4b911793aac359e37) Importer(2089858483,192608db42251d675da83286b1cce702) (ScriptedImporter) -> (artifact id: '321a8fc08683724b9770c7064f55e74d') in 0.0713241 seconds
Number of updated asset objects reloaded before import = 0Number of asset objects unloaded after import = 1

========================================================================
Received Import Request.
  Time since last request: 0.000016 seconds.
  path: Assets/Resources/Sound/gunshots/reloadSound.wav
  artifactKey: Guid(170b1328be063a848962d4670db5fe7a) Importer(2089858483,192608db42251d675da83286b1cce702)
Start importing Assets/Resources/Sound/gunshots/reloadSound.wav using Guid(170b1328be063a848962d4670db5fe7a) Importer(2089858483,192608db42251d675da83286b1cce702) (ScriptedImporter) -> (artifact id: '0f39d09581a0583a580ef7c541dbe558') in 0.0593163 seconds
Number of updated asset objects reloaded before import = 0Number of asset objects unloaded after import = 1

========================================================================
Received Import Request.
  Time since last request: 0.000042 seconds.
  path: Assets/Resources/Sound/gunshots/hi action.wav
  artifactKey: Guid(404495ceac295c64e9a72fea263d467a) Importer(2089858483,192608db42251d675da83286b1cce702)
Start importing Assets/Resources/Sound/gunshots/hi action.wav using Guid(404495ceac295c64e9a72fea263d467a) Importer(2089858483,192608db42251d675da83286b1cce702) (ScriptedImporter) -> (artifact id: 'c351534bcd71c15eb69ebd5d70ab4905') in 0.0586225 seconds
Number of updated asset objects reloaded before import = 0Number of asset objects unloaded after import = 1

========================================================================
Received Import Request.
  Time since last request: 0.000088 seconds.
  path: Assets/Resources/Sound/footsteps/footstep_sand_4.wav
  artifactKey: Guid(28c920787867cee4481e59fed04fb739) Importer(2089858483,192608db42251d675da83286b1cce702)
Start importing Assets/Resources/Sound/footsteps/footstep_sand_4.wav using Guid(28c920787867cee4481e59fed04fb739) Importer(2089858483,192608db42251d675da83286b1cce702) (ScriptedImporter) -> (artifact id: '7a7238090f5db5882165d90d61debb52') in 0.0576373 seconds
Number of updated asset objects reloaded before import = 0Number of asset objects unloaded after import = 1

========================================================================
Received Import Request.
  Time since last request: 0.000017 seconds.
  path: Assets/SciFiWarriorPBRHPPolyart/Textures/PBR_Free_NM.png
  artifactKey: Guid(a5798ba7ff8d7984c9b50981d6dd8e6b) Importer(2089858483,192608db42251d675da83286b1cce702)
Start importing Assets/SciFiWarriorPBRHPPolyart/Textures/PBR_Free_NM.png using Guid(a5798ba7ff8d7984c9b50981d6dd8e6b) Importer(2089858483,192608db42251d675da83286b1cce702) (ScriptedImporter) -> (artifact id: '0e424a9ed3c8e139fe9f2cafc8ad63a7') in 0.0271788 seconds
Number of updated asset objects reloaded before import = 0Number of asset objects unloaded after import = 1

========================================================================
Received Import Request.
  Time since last request: 0.000048 seconds.
  path: Assets/Joystick Pack/Sprites/Horizontal Backgrounds/Horizontal_Outline.png
  artifactKey: Guid(cd0a2c1b2c014ba4c80c1df786e150e9) Importer(2089858483,192608db42251d675da83286b1cce702)
Start importing Assets/Joystick Pack/Sprites/Horizontal Backgrounds/Horizontal_Outline.png using Guid(cd0a2c1b2c014ba4c80c1df786e150e9) Importer(2089858483,192608db42251d675da83286b1cce702) (ScriptedImporter) -> (artifact id: '2009f586ec68635aa807c253408def45') in 0.0534148 seconds
Number of updated asset objects reloaded before import = 0Number of asset objects unloaded after import = 3

========================================================================
Received Import Request.
  Time since last request: 0.000024 seconds.
  path: Assets/MixamoCustom/Animation/Die.fbx
  artifactKey: Guid(efca3010548a1894280ba18e6713ec35) Importer(2089858483,192608db42251d675da83286b1cce702)
Start importing Assets/MixamoCustom/Animation/Die.fbx using Guid(efca3010548a1894280ba18e6713ec35) Importer(2089858483,192608db42251d675da83286b1cce702) (ScriptedImporter) -> (artifact id: '6ffbf0a994a5c9e99afa0c3cc0b1ecf4') in 0.0358623 seconds
Number of updated asset objects reloaded before import = 0Number of asset objects unloaded after import = 142

========================================================================
Received Import Request.
  Time since last request: 0.000026 seconds.
  path: Assets/Resources/Sound/ambient/Title Theme 1 (LOOP).wav
  artifactKey: Guid(04c686dd763b35040bbfba6d3aa645e2) Importer(2089858483,192608db42251d675da83286b1cce702)
Start importing Assets/Resources/Sound/ambient/Title Theme 1 (LOOP).wav using Guid(04c686dd763b35040bbfba6d3aa645e2) Importer(2089858483,192608db42251d675da83286b1cce702) (ScriptedImporter) -> (artifact id: '14ee943c4b26c8467f49f24a1aa7146a') in 0.3369947 seconds
Number of updated asset objects reloaded before import = 0Number of asset objects unloaded after import = 1

========================================================================
Received Import Request.
  Time since last request: 0.000042 seconds.
  path: Assets/Resources/Prefabs/Bullet.prefab
  artifactKey: Guid(d8d3ec337bac0704cbfca3cb3fdcb904) Importer(2089858483,192608db42251d675da83286b1cce702)
Start importing Assets/Resources/Prefabs/Bullet.prefab using Guid(d8d3ec337bac0704cbfca3cb3fdcb904) Importer(2089858483,192608db42251d675da83286b1cce702) (ScriptedImporter) -> (artifact id: '072b25292aa5304aec7e3f078dfa4d0a') in 0.0499394 seconds
Number of updated asset objects reloaded before import = 0Number of asset objects unloaded after import = 10

========================================================================
Received Import Request.
  Time since last request: 0.000019 seconds.
  path: Assets/Scripts/TPCFollowTrackPosition.cs
  artifactKey: Guid(71689cda8ddc46240a0dbc69ab935b4e) Importer(2089858483,192608db42251d675da83286b1cce702)
Start importing Assets/Scripts/TPCFollowTrackPosition.cs using Guid(71689cda8ddc46240a0dbc69ab935b4e) Importer(2089858483,192608db42251d675da83286b1cce702) (ScriptedImporter) -> (artifact id: 'e4529b9e683bfc99709ab5557851eeb2') in 0.0155123 seconds
Number of updated asset objects reloaded before import = 0Number of asset objects unloaded after import = 0

========================================================================
Received Import Request.
  Time since last request: 0.000063 seconds.
  path: Assets/Resources/Materials/wall.mat
  artifactKey: Guid(382c9544c7859864ca7b3b5771cc624a) Importer(2089858483,192608db42251d675da83286b1cce702)
Start importing Assets/Resources/Materials/wall.mat using Guid(382c9544c7859864ca7b3b5771cc624a) Importer(2089858483,192608db42251d675da83286b1cce702) (ScriptedImporter) -> (artifact id: 'fdcaff1b4a7e358e942312dcc2d00d6d') in 0.0166476 seconds
Number of updated asset objects reloaded before import = 0Number of asset objects unloaded after import = 2

========================================================================
Received Import Request.
  Time since last request: 0.000026 seconds.
  path: Assets/Resources/Sound/footsteps/footstep_wood_6.wav
  artifactKey: Guid(83ff629820910b24781d4dcbab61150b) Importer(2089858483,192608db42251d675da83286b1cce702)
Start importing Assets/Resources/Sound/footsteps/footstep_wood_6.wav using Guid(83ff629820910b24781d4dcbab61150b) Importer(2089858483,192608db42251d675da83286b1cce702) (ScriptedImporter) -> (artifact id: '32bd90474b1e8a30fcda087cf1b0b4bd') in 0.0569513 seconds
Number of updated asset objects reloaded before import = 0Number of asset objects unloaded after import = 1

========================================================================
Received Import Request.
  Time since last request: 0.000023 seconds.
  path: Assets/SciFiWarriorPBRHPPolyart/Animators/SciFiWarrior.controller
  artifactKey: Guid(6defa2fea7e9a934a8d2cafa30dc567a) Importer(2089858483,192608db42251d675da83286b1cce702)
Start importing Assets/SciFiWarriorPBRHPPolyart/Animators/SciFiWarrior.controller using Guid(6defa2fea7e9a934a8d2cafa30dc567a) Importer(2089858483,192608db42251d675da83286b1cce702) (ScriptedImporter) -> (artifact id: '86af45313b834115eeff83183535a553') in 0.0289268 seconds
Number of updated asset objects reloaded before import = 0Number of asset objects unloaded after import = 49

========================================================================
Received Import Request.
  Time since last request: 0.000020 seconds.
  path: Assets/Joystick Pack/Prefabs/Dynamic Joystick.prefab
  artifactKey: Guid(56fae09712773584fb63896d473a98ee) Importer(2089858483,192608db42251d675da83286b1cce702)
Start importing Assets/Joystick Pack/Prefabs/Dynamic Joystick.prefab using Guid(56fae09712773584fb63896d473a98ee) Importer(2089858483,192608db42251d675da83286b1cce702) (ScriptedImporter) -> (artifact id: '4c06021c80cbf5d23c9a01660ed3df09') in 0.0860294 seconds
Number of updated asset objects reloaded before import = 0Number of asset objects unloaded after import = 17

========================================================================
Received Import Request.
  Time since last request: 0.000041 seconds.
  path: Assets/Joystick Pack/Scripts/Joysticks/VariableJoystick.cs
  artifactKey: Guid(42844a4fccbd54746b90cade4ff70f73) Importer(2089858483,192608db42251d675da83286b1cce702)
Start importing Assets/Joystick Pack/Scripts/Joysticks/VariableJoystick.cs using Guid(42844a4fccbd54746b90cade4ff70f73) Importer(2089858483,192608db42251d675da83286b1cce702) (ScriptedImporter) -> (artifact id: '56c5532349935bc44ac6480a2c67bf39') in 0.0189307 seconds
Number of updated asset objects reloaded before import = 0Number of asset objects unloaded after import = 0

========================================================================
Received Import Request.
  Time since last request: 0.000104 seconds.
  path: Assets/Resources/Sound/gunshots/drum gun.wav
  artifactKey: Guid(3d57108585153254a9be48ab139617cc) Importer(2089858483,192608db42251d675da83286b1cce702)
Start importing Assets/Resources/Sound/gunshots/drum gun.wav using Guid(3d57108585153254a9be48ab139617cc) Importer(2089858483,192608db42251d675da83286b1cce702) (ScriptedImporter) -> (artifact id: 'df8a786e8dbb6dbbc3f23690bc162086') in 0.0693435 seconds
Number of updated asset objects reloaded before import = 0Number of asset objects unloaded after import = 1

========================================================================
Received Import Request.
  Time since last request: 0.000035 seconds.
  path: Assets/MixamoCustom/Texture/Ch24_1001_Specular.png
  artifactKey: Guid(1f4c17d5cd47bf94d840e2be9cd3d04e) Importer(2089858483,192608db42251d675da83286b1cce702)
Start importing Assets/MixamoCustom/Texture/Ch24_1001_Specular.png using Guid(1f4c17d5cd47bf94d840e2be9cd3d04e) Importer(2089858483,192608db42251d675da83286b1cce702) (ScriptedImporter) -> (artifact id: '85740a4ca77d9fb27a31584720258444') in 0.0232803 seconds
Number of updated asset objects reloaded before import = 0Number of asset objects unloaded after import = 1

========================================================================
Received Import Request.
  Time since last request: 0.000036 seconds.
  path: Assets/Resources/Sound/footsteps/footstep_concrete_1.wav
  artifactKey: Guid(879b6f486ac089f499189088625009cd) Importer(2089858483,192608db42251d675da83286b1cce702)
Start importing Assets/Resources/Sound/footsteps/footstep_concrete_1.wav using Guid(879b6f486ac089f499189088625009cd) Importer(2089858483,192608db42251d675da83286b1cce702) (ScriptedImporter) -> (artifact id: '3bbc41d288c12114a69711c85994a54b') in 0.059646 seconds
Number of updated asset objects reloaded before import = 0Number of asset objects unloaded after import = 1

========================================================================
Received Import Request.
  Time since last request: 0.000019 seconds.
  path: Assets/SciFiWarriorPBRHPPolyart/Animations/Run_guard_AR.fbx
  artifactKey: Guid(043a0882d93547c4da0104443de76efb) Importer(2089858483,192608db42251d675da83286b1cce702)
Start importing Assets/SciFiWarriorPBRHPPolyart/Animations/Run_guard_AR.fbx using Guid(043a0882d93547c4da0104443de76efb) Importer(2089858483,192608db42251d675da83286b1cce702) (ScriptedImporter) -> (artifact id: '623c9329051f27446c2587181a7f194b') in 0.0452389 seconds
Number of updated asset objects reloaded before import = 0Number of asset objects unloaded after import = 151

========================================================================
Received Import Request.
  Time since last request: 0.000022 seconds.
  path: Assets/SciFiWarriorPBRHPPolyart/Prefabs/PBRCharacter.prefab
  artifactKey: Guid(f432554f564e69242897607d34218939) Importer(2089858483,192608db42251d675da83286b1cce702)
Start importing Assets/SciFiWarriorPBRHPPolyart/Prefabs/PBRCharacter.prefab using Guid(f432554f564e69242897607d34218939) Importer(2089858483,192608db42251d675da83286b1cce702) (ScriptedImporter) -> (artifact id: '8c90b31ee426b4fafc13e201142b9b29') in 0.0601283 seconds
Number of updated asset objects reloaded before import = 0Number of asset objects unloaded after import = 193

========================================================================
Received Import Request.
  Time since last request: 0.000029 seconds.
  path: Assets/Resources/Sound/gunshots/Kick GunAction 1.wav
  artifactKey: Guid(7cb5a0ae46e59484daf1d72379c69102) Importer(2089858483,192608db42251d675da83286b1cce702)
Start importing Assets/Resources/Sound/gunshots/Kick GunAction 1.wav using Guid(7cb5a0ae46e59484daf1d72379c69102) Importer(2089858483,192608db42251d675da83286b1cce702) (ScriptedImporter) -> (artifact id: 'aee784410acc784dec3988eb68078b6d') in 0.0637925 seconds
Number of updated asset objects reloaded before import = 0Number of asset objects unloaded after import = 1

========================================================================
Received Import Request.
  Time since last request: 0.000031 seconds.
  path: Assets/Joystick Pack/Scripts/Editor/FloatingJoystickEditor.cs
  artifactKey: Guid(614d06243900d764f9c50b4da2c950a3) Importer(2089858483,192608db42251d675da83286b1cce702)
Start importing Assets/Joystick Pack/Scripts/Editor/FloatingJoystickEditor.cs using Guid(614d06243900d764f9c50b4da2c950a3) Importer(2089858483,192608db42251d675da83286b1cce702) (ScriptedImporter) -> (artifact id: '9e6580e5fd394940582fabde1715d491') in 0.0158011 seconds
Number of updated asset objects reloaded before import = 0Number of asset objects unloaded after import = 0

========================================================================
Received Import Request.
  Time since last request: 0.000122 seconds.
  path: Assets/SciFiWarriorPBRHPPolyart/Animations/WalkLeft_Shoot_ar.fbx
  artifactKey: Guid(34d1b8e01a0412f449dcefc77b05e27b) Importer(2089858483,192608db42251d675da83286b1cce702)
Start importing Assets/SciFiWarriorPBRHPPolyart/Animations/WalkLeft_Shoot_ar.fbx using Guid(34d1b8e01a0412f449dcefc77b05e27b) Importer(2089858483,192608db42251d675da83286b1cce702) (ScriptedImporter) -> (artifact id: '31599c309c086b742c1af3dd0ca23e18') in 0.0452945 seconds
Number of updated asset objects reloaded before import = 0Number of asset objects unloaded after import = 151

========================================================================
Received Import Request.
  Time since last request: 0.000028 seconds.
  path: Assets/Joystick Pack/Examples/Ground.mat
  artifactKey: Guid(c569c280f0eb52a49a7b2a6b8b0cbcf8) Importer(2089858483,192608db42251d675da83286b1cce702)
Start importing Assets/Joystick Pack/Examples/Ground.mat using Guid(c569c280f0eb52a49a7b2a6b8b0cbcf8) Importer(2089858483,192608db42251d675da83286b1cce702) (ScriptedImporter) -> (artifact id: '9992d9ca5243f52253a47eb37d810700') in 0.0279074 seconds
Number of updated asset objects reloaded before import = 0Number of asset objects unloaded after import = 1

========================================================================
Received Import Request.
  Time since last request: 0.000071 seconds.
  path: Assets/Joystick Pack/Prefabs/Fixed Joystick.prefab
  artifactKey: Guid(aaa2c939c0359ac4dbce3f49e8b90252) Importer(2089858483,192608db42251d675da83286b1cce702)
Start importing Assets/Joystick Pack/Prefabs/Fixed Joystick.prefab using Guid(aaa2c939c0359ac4dbce3f49e8b90252) Importer(2089858483,192608db42251d675da83286b1cce702) (ScriptedImporter) -> (artifact id: 'c019cfe914dbac3346b50d9016c198ea') in 0.0340236 seconds
Number of updated asset objects reloaded before import = 0Number of asset objects unloaded after import = 13

========================================================================
Received Import Request.
  Time since last request: 0.000019 seconds.
  path: Assets/SciFiWarriorPBRHPPolyart/Textures/PBR_Albedo.png
  artifactKey: Guid(0ca93b28d8c504946904487d0c1d581e) Importer(2089858483,192608db42251d675da83286b1cce702)
Start importing Assets/SciFiWarriorPBRHPPolyart/Textures/PBR_Albedo.png using Guid(0ca93b28d8c504946904487d0c1d581e) Importer(2089858483,192608db42251d675da83286b1cce702) (ScriptedImporter) -> (artifact id: 'b0278ffbfac904f521d3156d0532d645') in 0.0277083 seconds
Number of updated asset objects reloaded before import = 0Number of asset objects unloaded after import = 1

========================================================================
Received Import Request.
  Time since last request: 0.000031 seconds.
  path: Assets/Joystick Pack/Sprites/Vertical Backgrounds/Vertical_Ridged.png
  artifactKey: Guid(08c1fa6351174a9439d97cfc9d3307cc) Importer(2089858483,192608db42251d675da83286b1cce702)
Start importing Assets/Joystick Pack/Sprites/Vertical Backgrounds/Vertical_Ridged.png using Guid(08c1fa6351174a9439d97cfc9d3307cc) Importer(2089858483,192608db42251d675da83286b1cce702) (ScriptedImporter) -> (artifact id: '7af638c79070d1d404bd83bbf189431a') in 0.0350999 seconds
Number of updated asset objects reloaded before import = 0Number of asset objects unloaded after import = 3

========================================================================
Received Import Request.
  Time since last request: 0.000018 seconds.
  path: Assets/SciFiWarriorPBRHPPolyart/Textures/PBR_Free_EM.png
  artifactKey: Guid(cf17bce15458a584ba4c432acf10f1ec) Importer(2089858483,192608db42251d675da83286b1cce702)
Start importing Assets/SciFiWarriorPBRHPPolyart/Textures/PBR_Free_EM.png using Guid(cf17bce15458a584ba4c432acf10f1ec) Importer(2089858483,192608db42251d675da83286b1cce702) (ScriptedImporter) -> (artifact id: '0f5fa5660667f43a5cae145f3b7eecd9') in 0.0257781 seconds
Number of updated asset objects reloaded before import = 0Number of asset objects unloaded after import = 1

========================================================================
Received Import Request.
  Time since last request: 0.000068 seconds.
  path: Assets/Joystick Pack/Sprites/All Axis Backgrounds/AllAxis_Outline.png
  artifactKey: Guid(5b56d9fa0e8bd6e409ed188db38a692c) Importer(2089858483,192608db42251d675da83286b1cce702)
Start importing Assets/Joystick Pack/Sprites/All Axis Backgrounds/AllAxis_Outline.png using Guid(5b56d9fa0e8bd6e409ed188db38a692c) Importer(2089858483,192608db42251d675da83286b1cce702) (ScriptedImporter) -> (artifact id: '71a3f7708c5be6a523722896f45084c6') in 0.0298051 seconds
Number of updated asset objects reloaded before import = 0Number of asset objects unloaded after import = 3

========================================================================
Received Import Request.
  Time since last request: 0.000022 seconds.
  path: Assets/Joystick Pack/Sprites/Horizontal Backgrounds/Horizontal_Ridged_Arrows.png
  artifactKey: Guid(b8467ea5fbaf9ba42908de6411bd443d) Importer(2089858483,192608db42251d675da83286b1cce702)
Start importing Assets/Joystick Pack/Sprites/Horizontal Backgrounds/Horizontal_Ridged_Arrows.png using Guid(b8467ea5fbaf9ba42908de6411bd443d) Importer(2089858483,192608db42251d675da83286b1cce702) (ScriptedImporter) -> (artifact id: 'b58373c92f606dd673e55744c7a38ba1') in 0.0385826 seconds
Number of updated asset objects reloaded before import = 0Number of asset objects unloaded after import = 3

========================================================================
Received Import Request.
  Time since last request: 0.000019 seconds.
  path: Assets/Joystick Pack/Sprites/All Axis Backgrounds/AllAxis_Outline_Arrows.png
  artifactKey: Guid(48c0d4d6bebaa934384b07aa1e2f8184) Importer(2089858483,192608db42251d675da83286b1cce702)
Start importing Assets/Joystick Pack/Sprites/All Axis Backgrounds/AllAxis_Outline_Arrows.png using Guid(48c0d4d6bebaa934384b07aa1e2f8184) Importer(2089858483,192608db42251d675da83286b1cce702) (ScriptedImporter) -> (artifact id: 'c660db5768bbc8b580df8b646e2f3a57') in 0.0394732 seconds
Number of updated asset objects reloaded before import = 0Number of asset objects unloaded after import = 3

========================================================================
Received Import Request.
  Time since last request: 0.000022 seconds.
  path: Assets/Scenes/Assignment1/LightingData.asset
  artifactKey: Guid(d5c4d65927300914c8e0ced1d965d743) Importer(2089858483,192608db42251d675da83286b1cce702)
Start importing Assets/Scenes/Assignment1/LightingData.asset using Guid(d5c4d65927300914c8e0ced1d965d743) Importer(2089858483,192608db42251d675da83286b1cce702) (ScriptedImporter) -> (artifact id: 'f63f7071527a9c258d6cc9896046ec49') in 0.0293761 seconds
Number of updated asset objects reloaded before import = 0Number of asset objects unloaded after import = 2

========================================================================
Received Import Request.
  Time since last request: 0.000033 seconds.
  path: Assets/Resources/Sound/gunshots/zapper.wav
  artifactKey: Guid(6bac0e8f07d0e2147b33445884e256fd) Importer(2089858483,192608db42251d675da83286b1cce702)
Start importing Assets/Resources/Sound/gunshots/zapper.wav using Guid(6bac0e8f07d0e2147b33445884e256fd) Importer(2089858483,192608db42251d675da83286b1cce702) (ScriptedImporter) -> (artifact id: 'b195609d0a57012c1330e9b0c77e89cd') in 0.0654915 seconds
Number of updated asset objects reloaded before import = 0Number of asset objects unloaded after import = 1

========================================================================
Received Import Request.
  Time since last request: 0.000028 seconds.
  path: Assets/SciFiWarriorPBRHPPolyart/Animations/Shoot_AutoShot_AR.fbx
  artifactKey: Guid(76a61eccc11250c4da8bd7f1d87fa2fe) Importer(2089858483,192608db42251d675da83286b1cce702)
Start importing Assets/SciFiWarriorPBRHPPolyart/Animations/Shoot_AutoShot_AR.fbx using Guid(76a61eccc11250c4da8bd7f1d87fa2fe) Importer(2089858483,192608db42251d675da83286b1cce702) (ScriptedImporter) -> (artifact id: '5442fe2ace28f8be8a3e8b5d48d2cca0') in 0.0486414 seconds
Number of updated asset objects reloaded before import = 0Number of asset objects unloaded after import = 151

========================================================================
Received Import Request.
  Time since last request: 0.000023 seconds.
  path: Assets/Joystick Pack/Sprites/Handles/Handle_Plain_Arrows.png
  artifactKey: Guid(f353d42d1db27ff42b78b28efd86b316) Importer(2089858483,192608db42251d675da83286b1cce702)
Start importing Assets/Joystick Pack/Sprites/Handles/Handle_Plain_Arrows.png using Guid(f353d42d1db27ff42b78b28efd86b316) Importer(2089858483,192608db42251d675da83286b1cce702) (ScriptedImporter) -> (artifact id: '96283044be2300cdc216aebcc98d208b') in 0.0387612 seconds
Number of updated asset objects reloaded before import = 0Number of asset objects unloaded after import = 3

========================================================================
Received Import Request.
  Time since last request: 0.000028 seconds.
  path: Assets/Resources/Sound/ambient/Hazy-Disorientation_Looping.mp3
  artifactKey: Guid(998ec0717dedf1e4d96d9ac23709c014) Importer(2089858483,192608db42251d675da83286b1cce702)
Start importing Assets/Resources/Sound/ambient/Hazy-Disorientation_Looping.mp3 using Guid(998ec0717dedf1e4d96d9ac23709c014) Importer(2089858483,192608db42251d675da83286b1cce702) (ScriptedImporter) -> (artifact id: 'cd2d09e6064a37280bd0a9f9011989ab') in 0.2932724 seconds
Number of updated asset objects reloaded before import = 0Number of asset objects unloaded after import = 1

========================================================================
Received Import Request.
  Time since last request: 62.074665 seconds.
  path: Assets/MixamoCustom/Animation/Boxing.fbx
  artifactKey: Guid(201d7b0d958c9ee45b51f6d4516807a1) Importer(815301076,1909f56bfc062723c751e8b465ee728b)
Start importing Assets/MixamoCustom/Animation/Boxing.fbx using Guid(201d7b0d958c9ee45b51f6d4516807a1) Importer(815301076,1909f56bfc062723c751e8b465ee728b) (PreviewImporter) -> (artifact id: 'b0b017ea4f49ddd07b74c9f8e4f8ef59') in 0.3951617 seconds
Number of updated asset objects reloaded before import = 0Number of asset objects unloaded after import = 142

========================================================================
Received Import Request.
  Time since last request: 0.000042 seconds.
  path: Assets/MixamoCustom/Animation/Hook.fbx
  artifactKey: Guid(c9f5131afab8b8540addbf68108d46fe) Importer(815301076,1909f56bfc062723c751e8b465ee728b)
Start importing Assets/MixamoCustom/Animation/Hook.fbx using Guid(c9f5131afab8b8540addbf68108d46fe) Importer(815301076,1909f56bfc062723c751e8b465ee728b) (PreviewImporter) -> (artifact id: 'f4c910224f5996a381f828df3a644212') in 0.0573333 seconds
Number of updated asset objects reloaded before import = 0Number of asset objects unloaded after import = 142

========================================================================
Received Import Request.
  Time since last request: 0.000033 seconds.
  path: Assets/MixamoCustom/Animation/T-Pose.fbx
  artifactKey: Guid(f1759859b7657f44297011d0ba4328b8) Importer(815301076,1909f56bfc062723c751e8b465ee728b)
Start importing Assets/MixamoCustom/Animation/T-Pose.fbx using Guid(f1759859b7657f44297011d0ba4328b8) Importer(815301076,1909f56bfc062723c751e8b465ee728b) (PreviewImporter) -> (artifact id: '1ce130bb45f4741328f5b67eb356ed9f') in 0.0386719 seconds
Number of updated asset objects reloaded before import = 0Number of asset objects unloaded after import = 144

========================================================================
Received Import Request.
  Time since last request: 0.000031 seconds.
  path: Assets/MixamoCustom/Animation/Combo_Punch.fbx
  artifactKey: Guid(d2c7b927e1e38014ba88502239921fda) Importer(815301076,1909f56bfc062723c751e8b465ee728b)
Start importing Assets/MixamoCustom/Animation/Combo_Punch.fbx using Guid(d2c7b927e1e38014ba88502239921fda) Importer(815301076,1909f56bfc062723c751e8b465ee728b) (PreviewImporter) -> (artifact id: '9ca996371e24ba1d273cbab6f4e82b74') in 0.0405925 seconds
Number of updated asset objects reloaded before import = 0Number of asset objects unloaded after import = 142

========================================================================
Received Import Request.
  Time since last request: 0.000021 seconds.
  path: Assets/MixamoCustom/Animation/Idle.fbx
  artifactKey: Guid(0447fd9cd1d0d7c4f8786ccc51a6753b) Importer(815301076,1909f56bfc062723c751e8b465ee728b)
Start importing Assets/MixamoCustom/Animation/Idle.fbx using Guid(0447fd9cd1d0d7c4f8786ccc51a6753b) Importer(815301076,1909f56bfc062723c751e8b465ee728b) (PreviewImporter) -> (artifact id: 'f4d9460cfaa03c9179ed389473227e7b') in 0.0369059 seconds
Number of updated asset objects reloaded before import = 0Number of asset objects unloaded after import = 142

========================================================================
Received Import Request.
  Time since last request: 0.000045 seconds.
  path: Assets/MixamoCustom/Animation/Walk.fbx
  artifactKey: Guid(9daf048243c8ea046a14c644e15e5c6e) Importer(815301076,1909f56bfc062723c751e8b465ee728b)
Start importing Assets/MixamoCustom/Animation/Walk.fbx using Guid(9daf048243c8ea046a14c644e15e5c6e) Importer(815301076,1909f56bfc062723c751e8b465ee728b) (PreviewImporter) -> (artifact id: 'fcf7092828b9a9cd499d7fa8b872c509') in 0.0420803 seconds
Number of updated asset objects reloaded before import = 0Number of asset objects unloaded after import = 142

========================================================================
Received Import Request.
  Time since last request: 0.000020 seconds.
  path: Assets/MixamoCustom/Animation/Martelo.fbx
  artifactKey: Guid(b9a3cc0ca67fe014796614c700b8bc9c) Importer(815301076,1909f56bfc062723c751e8b465ee728b)
Start importing Assets/MixamoCustom/Animation/Martelo.fbx using Guid(b9a3cc0ca67fe014796614c700b8bc9c) Importer(815301076,1909f56bfc062723c751e8b465ee728b) (PreviewImporter) -> (artifact id: '923275353ac5c4ad547bf16b143b12a6') in 0.0401451 seconds
Number of updated asset objects reloaded before import = 0Number of asset objects unloaded after import = 142

Editor requested this worker to shutdown with reason: Scaling down because of idle timeout
AssetImportWorkerClient::OnTransportError - code=2 error=End of file
AssetImportWorker is now disconnected from the server
Process exiting
Exiting without the bug reporter. Application will terminate with return code 0