[Licensing::Module] Trying to connect to existing licensing client channel...
Built from '6000.2/staging' branch; Version is '6000.2.15f1 (0707b6d1e918) revision 460726'; Using compiler version '194234433'; Build Type 'Release'
OS: 'Windows 11  (10.0.26100) 64bit Core' Language: 'en' Physical Memory: 15741 MB
BatchMode: 1, IsHumanControllingUs: 0, StartBugReporterOnCrash: 0, Is64bit: 1
Date: 2025-12-10T01:50:25Z
[Licensing::IpcConnector] Successfully connected to: "LicenseClient-justi" at "2025-12-10T01:50:25.6848844Z"

COMMAND LINE ARGUMENTS:
C:\Program Files\Unity\Hub\Editor\6000.2.15f1\Editor\Unity.exe
-adb2
-batchMode
-noUpm
-name
AssetImportWorker1
-projectPath
C:/Users/justi/Documents/Github/temp1/Assignment1_UnityProject
-logFile
Logs/AssetImportWorker1.log
-srvPort
65512
-licensingIpc
LicenseClient-justi
-job-worker-count
7
-background-job-worker-count
8
-gc-helper-count
1
-name
AssetImport
Successfully changed project path to: C:/Users/justi/Documents/Github/temp1/Assignment1_UnityProject
C:/Users/justi/Documents/Github/temp1/Assignment1_UnityProject
[UnityMemory] Configuration Parameters - Can be set up in boot.config
    "memorysetup-allocator-temp-initial-block-size-main=262144"
    "memorysetup-allocator-temp-initial-block-size-worker=262144"
    "memorysetup-bucket-allocator-granularity=16"
    "memorysetup-bucket-allocator-bucket-count=8"
    "memorysetup-bucket-allocator-block-size=33554432"
    "memorysetup-bucket-allocator-block-count=8"
    "memorysetup-main-allocator-block-size=16777216"
    "memorysetup-thread-allocator-block-size=16777216"
    "memorysetup-gfx-main-allocator-block-size=16777216"
    "memorysetup-gfx-thread-allocator-block-size=16777216"
    "memorysetup-cache-allocator-block-size=4194304"
    "memorysetup-typetree-allocator-block-size=2097152"
    "memorysetup-profiler-bucket-allocator-granularity=16"
    "memorysetup-profiler-bucket-allocator-bucket-count=8"
    "memorysetup-profiler-bucket-allocator-block-size=33554432"
    "memorysetup-profiler-bucket-allocator-block-count=8"
    "memorysetup-profiler-allocator-block-size=16777216"
    "memorysetup-profiler-editor-allocator-block-size=1048576"
    "memorysetup-temp-allocator-size-main=16777216"
    "memorysetup-job-temp-allocator-block-size=2097152"
    "memorysetup-job-temp-allocator-block-size-background=1048576"
    "memorysetup-job-temp-allocator-reduction-small-platforms=262144"
    "memorysetup-temp-allocator-size-background-worker=32768"
    "memorysetup-temp-allocator-size-job-worker=262144"
    "memorysetup-temp-allocator-size-preload-manager=33554432"
    "memorysetup-temp-allocator-size-nav-mesh-worker=65536"
    "memorysetup-temp-allocator-size-audio-worker=65536"
    "memorysetup-temp-allocator-size-cloud-worker=32768"
    "memorysetup-temp-allocator-size-gi-baking-worker=262144"
    "memorysetup-temp-allocator-size-gi-baking-worker=262144"
    "memorysetup-temp-allocator-size-gi-baking-worker=262144"
    "memorysetup-temp-allocator-size-gi-baking-worker=262144"
    "memorysetup-temp-allocator-size-gi-baking-worker=262144"
    "memorysetup-temp-allocator-size-gfx=262144"
Player connection [2972]  Target information:

Player connection [2972]  * "[IP] 172.30.27.67 [Port] 0 [Flags] 2 [Guid] 998121551 [EditorId] 998121551 [Version] 1048832 [Id] WindowsEditor(7,LAPTOP-CDQEVCTH) [Debug] 1 [PackageName] WindowsEditor [ProjectName] Editor" 

Player connection [2972] Host joined multi-casting on [225.0.0.222:54997]...
Player connection [2972] Host joined alternative multi-casting on [225.0.0.222:34997]...
JobSystem: Creating JobQueue using job-worker-count value 7
Input System module state changed to: Initialized.
[Physics::Module] Initialized fallback backend.
[Physics::Module] Id: 0xdecafbad
Library Redirect Path: Library/
[Physics::Module] Selected backend.
[Physics::Module] Name: PhysX
[Physics::Module] Id: 0xf2b8ea05
[Physics::Module] SDK Version: 4.1.2
[Physics::Module] Integration Version: 1.0.0
[Physics::Module] Threading Mode: Multi-Threaded
Refreshing native plugins compatible for Editor in 1.81 ms, found 2 plugins.
Preloading 0 native plugins for Editor in 0.00 ms.
Initialize engine version: 6000.2.15f1 (0707b6d1e918)
[Subsystems] Discovering subsystems at path C:/Program Files/Unity/Hub/Editor/6000.2.15f1/Editor/Data/Resources/UnitySubsystems
[Subsystems] Discovering subsystems at path C:/Users/justi/Documents/Github/temp1/Assignment1_UnityProject/Assets
GfxDevice: creating device client; kGfxThreadingModeNonThreaded
Direct3D:
    Version:  Direct3D 11.0 [level 11.1]
    Renderer: NVIDIA GeForce GTX 1650 (ID=0x1f99)
    Vendor:   NVIDIA
    VRAM:     3937 MB
    Driver:   32.0.15.7688
Initialize mono
Mono path[0] = 'C:/Program Files/Unity/Hub/Editor/6000.2.15f1/Editor/Data/Managed'
Mono path[1] = 'C:/Program Files/Unity/Hub/Editor/6000.2.15f1/Editor/Data/MonoBleedingEdge/lib/mono/unityjit-win32'
Mono config path = 'C:/Program Files/Unity/Hub/Editor/6000.2.15f1/Editor/Data/MonoBleedingEdge/etc'
Using monoOptions --debugger-agent=transport=dt_socket,embedding=1,server=y,suspend=n,address=127.0.0.1:56492
Begin MonoManager ReloadAssembly
Registering precompiled unity dll's ...
Register platform support module: C:/Program Files/Unity/Hub/Editor/6000.2.15f1/Editor/Data/PlaybackEngines/WindowsStandaloneSupport/UnityEditor.WindowsStandalone.Extensions.dll
Registered in 0.002481 seconds.
- Loaded All Assemblies, in  0.434 seconds
Native extension for WindowsStandalone target not found
[Licensing::Client] Handshaking with LicensingClient:
  Version:                 1.17.4+4293ba1
  Session Id:              6f05653d15cd4ac18a34a73d1eb57414
  Correlation Id:          8aadd9a91032026cb6f61fe0863cd397
  External correlation Id: 6479554786037581569
  Machine Id:              ehbIGK4hacd9cr4nQhpLVIcffA0=
[Licensing::Module] Successfully connected to LicensingClient on channel: "LicenseClient-justi" (connect: 0.00s, validation: 0.00s, handshake: 1.03s)
[Licensing::IpcConnector] Successfully connected to: "LicenseClient-justi-notifications" at "2025-12-10T01:50:26.716705Z"
[Licensing::Module] Licensing Background thread has ended after 1.03s
Mono: successfully reloaded assembly
- Finished resetting the current domain, in  0.354 seconds
Domain Reload Profiling: 784ms
	BeginReloadAssembly (148ms)
		ExecutionOrderSort (0ms)
		DisableScriptedObjects (0ms)
		BackupInstance (0ms)
		ReleaseScriptingObjects (0ms)
		CreateAndSetChildDomain (1ms)
	RebuildCommonClasses (43ms)
	RebuildNativeTypeToScriptingClass (13ms)
	initialDomainReloadingComplete (52ms)
	LoadAllAssembliesAndSetupDomain (175ms)
		LoadAssemblies (143ms)
		RebuildTransferFunctionScriptingTraits (0ms)
		AnalyzeDomain (172ms)
			TypeCache.Refresh (170ms)
				TypeCache.ScanAssembly (156ms)
			BuildScriptInfoCaches (0ms)
			ResolveRequiredComponents (0ms)
	FinalizeReload (354ms)
		ReleaseScriptCaches (0ms)
		RebuildScriptCaches (0ms)
		SetupLoadedEditorAssemblies (316ms)
			LogAssemblyErrors (0ms)
			InitializePlatformSupportModulesInManaged (53ms)
			SetLoadedEditorAssemblies (5ms)
			BeforeProcessingInitializeOnLoad (69ms)
			ProcessInitializeOnLoadAttributes (133ms)
			ProcessInitializeOnLoadMethodAttributes (55ms)
			AfterProcessingInitializeOnLoad (0ms)
			EditorAssembliesLoaded (0ms)
		ExecutionOrderSort2 (0ms)
		AwakeInstancesAfterBackupRestoration (0ms)
========================================================================
Worker process is ready to serve import requests
Import Worker Mode flag is 0x00
Begin MonoManager ReloadAssembly
[Licensing::Client] Successfully resolved entitlement details
[Licensing::Module] License group:
  Id: 18968273128231-UnityPersXXXX
  Product: Unity Personal
  Type: Assigned
  Expiration: Unlimited
- Loaded All Assemblies, in  0.582 seconds
Refreshing native plugins compatible for Editor in 0.44 ms, found 2 plugins.
Native extension for WindowsStandalone target not found
Package Manager log level set to [2]
[Package Manager] Failed to launch server process. Reason: Unity was launched with the -noUpm command-line argument
[Package Manager] Unable to send message (not connected to server process).
[Package Manager] Cannot connect to Unity Package Manager local server
Mono: successfully reloaded assembly
- Finished resetting the current domain, in  0.500 seconds
Domain Reload Profiling: 1078ms
	BeginReloadAssembly (195ms)
		ExecutionOrderSort (0ms)
		DisableScriptedObjects (6ms)
		BackupInstance (0ms)
		ReleaseScriptingObjects (0ms)
		CreateAndSetChildDomain (29ms)
	RebuildCommonClasses (42ms)
	RebuildNativeTypeToScriptingClass (15ms)
	initialDomainReloadingComplete (47ms)
	LoadAllAssembliesAndSetupDomain (279ms)
		LoadAssemblies (288ms)
		RebuildTransferFunctionScriptingTraits (0ms)
		AnalyzeDomain (99ms)
			TypeCache.Refresh (78ms)
				TypeCache.ScanAssembly (68ms)
			BuildScriptInfoCaches (15ms)
			ResolveRequiredComponents (2ms)
	FinalizeReload (501ms)
		ReleaseScriptCaches (0ms)
		RebuildScriptCaches (0ms)
		SetupLoadedEditorAssemblies (393ms)
			LogAssemblyErrors (0ms)
			InitializePlatformSupportModulesInManaged (3ms)
			SetLoadedEditorAssemblies (4ms)
			BeforeProcessingInitializeOnLoad (89ms)
			ProcessInitializeOnLoadAttributes (260ms)
			ProcessInitializeOnLoadMethodAttributes (29ms)
			AfterProcessingInitializeOnLoad (7ms)
			EditorAssembliesLoaded (0ms)
		ExecutionOrderSort2 (0ms)
		AwakeInstancesAfterBackupRestoration (6ms)
Launched and connected shader compiler UnityShaderCompiler.exe after 0.01 seconds
Refreshing native plugins compatible for Editor in 1.11 ms, found 2 plugins.
Preloading 0 native plugins for Editor in 0.00 ms.
Unloading 0 Unused Serialized files (Serialized files now loaded: 0)
Unloading 1811 unused Assets / (0.6 MB). Loaded Objects now: 2309.
Memory consumption went from 67.9 MB to 67.3 MB.
Total: 9.402400 ms (FindLiveObjects: 0.409400 ms CreateObjectMapping: 0.391000 ms MarkObjects: 7.556400 ms  DeleteObjects: 1.043100 ms)

========================================================================
Received Import Request.
  Time since last request: 623.508066 seconds.
  path: Assets/MixamoCustom/Animator/NinjaAnim.controller
  artifactKey: Guid(ff9483df477a16f4997258e86a1cb748) Importer(815301076,1909f56bfc062723c751e8b465ee728b)
Start importing Assets/MixamoCustom/Animator/NinjaAnim.controller using Guid(ff9483df477a16f4997258e86a1cb748) Importer(815301076,1909f56bfc062723c751e8b465ee728b) (PreviewImporter) -> (artifact id: '8ca6bc0d1275360fdf118f63fa3ba6cb') in 0.0391422 seconds
Number of updated asset objects reloaded before import = 0Number of asset objects unloaded after import = 41

========================================================================
Received Prepare
Begin MonoManager ReloadAssembly
- Loaded All Assemblies, in  0.544 seconds
Refreshing native plugins compatible for Editor in 0.46 ms, found 2 plugins.
Native extension for WindowsStandalone target not found
[Package Manager] Failed to launch server process. Reason: Unity was launched with the -noUpm command-line argument
[Package Manager] Unable to send message (not connected to server process).
[Package Manager] Cannot connect to Unity Package Manager local server
Mono: successfully reloaded assembly
- Finished resetting the current domain, in  0.525 seconds
Domain Reload Profiling: 1067ms
	BeginReloadAssembly (210ms)
		ExecutionOrderSort (0ms)
		DisableScriptedObjects (8ms)
		BackupInstance (0ms)
		ReleaseScriptingObjects (0ms)
		CreateAndSetChildDomain (44ms)
	RebuildCommonClasses (51ms)
	RebuildNativeTypeToScriptingClass (15ms)
	initialDomainReloadingComplete (31ms)
	LoadAllAssembliesAndSetupDomain (234ms)
		LoadAssemblies (275ms)
		RebuildTransferFunctionScriptingTraits (0ms)
		AnalyzeDomain (71ms)
			TypeCache.Refresh (5ms)
				TypeCache.ScanAssembly (0ms)
			BuildScriptInfoCaches (61ms)
			ResolveRequiredComponents (2ms)
	FinalizeReload (526ms)
		ReleaseScriptCaches (0ms)
		RebuildScriptCaches (0ms)
		SetupLoadedEditorAssemblies (407ms)
			LogAssemblyErrors (0ms)
			InitializePlatformSupportModulesInManaged (2ms)
			SetLoadedEditorAssemblies (4ms)
			BeforeProcessingInitializeOnLoad (92ms)
			ProcessInitializeOnLoadAttributes (272ms)
			ProcessInitializeOnLoadMethodAttributes (30ms)
			AfterProcessingInitializeOnLoad (7ms)
			EditorAssembliesLoaded (0ms)
		ExecutionOrderSort2 (0ms)
		AwakeInstancesAfterBackupRestoration (7ms)
Refreshing native plugins compatible for Editor in 0.92 ms, found 2 plugins.
Preloading 0 native plugins for Editor in 0.00 ms.
Unloading 0 Unused Serialized files (Serialized files now loaded: 0)
Unloading 1809 unused Assets / (378.8 KB). Loaded Objects now: 2313.
Memory consumption went from 68.5 MB to 68.1 MB.
Total: 6.054300 ms (FindLiveObjects: 0.318100 ms CreateObjectMapping: 0.096700 ms MarkObjects: 4.974900 ms  DeleteObjects: 0.662200 ms)

Prepare: number of updated asset objects reloaded= 0
========================================================================
Received Import Request.
  Time since last request: 568.753929 seconds.
  path: Assets/Scenes/Assignment1.unity
  artifactKey: Guid(9fc0d4010bbf28b4594072e72b8655ab) Importer(2089858483,192608db42251d675da83286b1cce702)
Start importing Assets/Scenes/Assignment1.unity using Guid(9fc0d4010bbf28b4594072e72b8655ab) Importer(2089858483,192608db42251d675da83286b1cce702) (ScriptedImporter) -> (artifact id: '212f05a3e12b09468aad00647656b413') in 0.0976202 seconds
Number of updated asset objects reloaded before import = 0Number of asset objects unloaded after import = 1

========================================================================
Received Import Request.
  Time since last request: 0.000022 seconds.
  path: Assets/MixamoCustom/Animation/Block.fbx
  artifactKey: Guid(097625ad38721554aa4c0c4f705c6c5b) Importer(2089858483,192608db42251d675da83286b1cce702)
Start importing Assets/MixamoCustom/Animation/Block.fbx using Guid(097625ad38721554aa4c0c4f705c6c5b) Importer(2089858483,192608db42251d675da83286b1cce702) (ScriptedImporter) -> (artifact id: 'e316f05db20e9812da83b9ee609d9c3c') in 0.1480934 seconds
Number of updated asset objects reloaded before import = 0Number of asset objects unloaded after import = 142

========================================================================
Received Import Request.
  Time since last request: 0.000026 seconds.
  path: Assets/SciFiWarriorPBRHPPolyart/Materials/HP.mat
  artifactKey: Guid(9d4df993be894774282a0b17d51a0723) Importer(2089858483,192608db42251d675da83286b1cce702)
Start importing Assets/SciFiWarriorPBRHPPolyart/Materials/HP.mat using Guid(9d4df993be894774282a0b17d51a0723) Importer(2089858483,192608db42251d675da83286b1cce702) (ScriptedImporter) -> (artifact id: '7f6fd05d3d2fee3be32cf82e4a0f170d') in 0.0829605 seconds
Number of updated asset objects reloaded before import = 0Number of asset objects unloaded after import = 4

========================================================================
Received Import Request.
  Time since last request: 0.000035 seconds.
  path: Assets/MixamoCustom/Animation/Boxing.fbx
  artifactKey: Guid(201d7b0d958c9ee45b51f6d4516807a1) Importer(2089858483,192608db42251d675da83286b1cce702)
Start importing Assets/MixamoCustom/Animation/Boxing.fbx using Guid(201d7b0d958c9ee45b51f6d4516807a1) Importer(2089858483,192608db42251d675da83286b1cce702) (ScriptedImporter) -> (artifact id: 'be5e46fb9763737c2f7c2fe47b4804ef') in 0.0509241 seconds
Number of updated asset objects reloaded before import = 0Number of asset objects unloaded after import = 142

========================================================================
Received Import Request.
  Time since last request: 0.000039 seconds.
  path: Assets/Scripts/Bullet.cs
  artifactKey: Guid(0ead29e2098c8b14080ccb6238f93e35) Importer(2089858483,192608db42251d675da83286b1cce702)
Start importing Assets/Scripts/Bullet.cs using Guid(0ead29e2098c8b14080ccb6238f93e35) Importer(2089858483,192608db42251d675da83286b1cce702) (ScriptedImporter) -> (artifact id: '1ca9a0604da5d16ae0cd5e73df67ea7b') in 0.0163972 seconds
Number of updated asset objects reloaded before import = 0Number of asset objects unloaded after import = 0

========================================================================
Received Import Request.
  Time since last request: 0.000115 seconds.
  path: Assets/Resources/Textures/Checkerboard.jpg
  artifactKey: Guid(9ace50fcc2a782b4ea41ff31c37a7c86) Importer(2089858483,192608db42251d675da83286b1cce702)
Start importing Assets/Resources/Textures/Checkerboard.jpg using Guid(9ace50fcc2a782b4ea41ff31c37a7c86) Importer(2089858483,192608db42251d675da83286b1cce702) (ScriptedImporter) -> (artifact id: '40e190caa4b792b5b2968ecf02b005fc') in 0.05692 seconds
Number of updated asset objects reloaded before import = 0Number of asset objects unloaded after import = 1

========================================================================
Received Import Request.
  Time since last request: 0.000030 seconds.
  path: Assets/Joystick Pack/Scripts/Editor/DynamicJoystickEditor.cs
  artifactKey: Guid(52071c88a467b46438b3cbf159bf988b) Importer(2089858483,192608db42251d675da83286b1cce702)
Start importing Assets/Joystick Pack/Scripts/Editor/DynamicJoystickEditor.cs using Guid(52071c88a467b46438b3cbf159bf988b) Importer(2089858483,192608db42251d675da83286b1cce702) (ScriptedImporter) -> (artifact id: '178256b32a4506e9ef3d9ee37c1f3cbd') in 0.0160509 seconds
Number of updated asset objects reloaded before import = 0Number of asset objects unloaded after import = 0

========================================================================
Received Import Request.
  Time since last request: 0.000108 seconds.
  path: Assets/SciFiWarriorPBRHPPolyart/Materials/PBR.mat
  artifactKey: Guid(1666fb81395f51e4293b01cca8f58481) Importer(2089858483,192608db42251d675da83286b1cce702)
Start importing Assets/SciFiWarriorPBRHPPolyart/Materials/PBR.mat using Guid(1666fb81395f51e4293b01cca8f58481) Importer(2089858483,192608db42251d675da83286b1cce702) (ScriptedImporter) -> (artifact id: 'b85ae6868bee3e5f3d32890ec9673998') in 0.201446 seconds
Number of updated asset objects reloaded before import = 0Number of asset objects unloaded after import = 6

========================================================================
Received Import Request.
  Time since last request: 0.000036 seconds.
  path: Assets/MixamoCustom/Animator/NinjaAnim.controller
  artifactKey: Guid(ff9483df477a16f4997258e86a1cb748) Importer(2089858483,192608db42251d675da83286b1cce702)
Start importing Assets/MixamoCustom/Animator/NinjaAnim.controller using Guid(ff9483df477a16f4997258e86a1cb748) Importer(2089858483,192608db42251d675da83286b1cce702) (ScriptedImporter) -> (artifact id: 'a20650fe4cc82690b41da91f11550039') in 0.0322285 seconds
Number of updated asset objects reloaded before import = 0Number of asset objects unloaded after import = 41

========================================================================
Received Import Request.
  Time since last request: 0.000037 seconds.
  path: Assets/Resources/Textures/wall.jpg
  artifactKey: Guid(c6c16e67b7d92ab4fa5a594b02f5ad47) Importer(2089858483,192608db42251d675da83286b1cce702)
Start importing Assets/Resources/Textures/wall.jpg using Guid(c6c16e67b7d92ab4fa5a594b02f5ad47) Importer(2089858483,192608db42251d675da83286b1cce702) (ScriptedImporter) -> (artifact id: 'f2154992fa8ade68b02c622d0f686878') in 0.0240962 seconds
Number of updated asset objects reloaded before import = 0Number of asset objects unloaded after import = 1

========================================================================
Received Import Request.
  Time since last request: 0.000022 seconds.
  path: Assets/SciFiWarriorPBRHPPolyart/Animations/WalkFront_Shoot_ar.fbx
  artifactKey: Guid(e398e3aa9cdfcdc4ebd01a06e4c544ae) Importer(2089858483,192608db42251d675da83286b1cce702)
Start importing Assets/SciFiWarriorPBRHPPolyart/Animations/WalkFront_Shoot_ar.fbx using Guid(e398e3aa9cdfcdc4ebd01a06e4c544ae) Importer(2089858483,192608db42251d675da83286b1cce702) (ScriptedImporter) -> (artifact id: '8e4694ded8862b2cf3169dcd1e285fe4') in 0.0630776 seconds
Number of updated asset objects reloaded before import = 0Number of asset objects unloaded after import = 151

========================================================================
Received Import Request.
  Time since last request: 0.000022 seconds.
  path: Assets/SciFiWarriorPBRHPPolyart/Animations/Shoot_BurstShot_AR.fbx
  artifactKey: Guid(9e6c2d8b423b3db4ca189e8497d60f1e) Importer(2089858483,192608db42251d675da83286b1cce702)
Start importing Assets/SciFiWarriorPBRHPPolyart/Animations/Shoot_BurstShot_AR.fbx using Guid(9e6c2d8b423b3db4ca189e8497d60f1e) Importer(2089858483,192608db42251d675da83286b1cce702) (ScriptedImporter) -> (artifact id: 'b447b48bc75812f432fd2cf0c2537c77') in 0.0577298 seconds
Number of updated asset objects reloaded before import = 0Number of asset objects unloaded after import = 151

========================================================================
Received Import Request.
  Time since last request: 0.000027 seconds.
  path: Assets/SciFiWarriorPBRHPPolyart/Mesh/PBR_HP_Mesh.fbx
  artifactKey: Guid(5ae220fa0f79ffe41b0102a618febf5a) Importer(2089858483,192608db42251d675da83286b1cce702)
Start importing Assets/SciFiWarriorPBRHPPolyart/Mesh/PBR_HP_Mesh.fbx using Guid(5ae220fa0f79ffe41b0102a618febf5a) Importer(2089858483,192608db42251d675da83286b1cce702) (ScriptedImporter) -> (artifact id: '3cd6afe8b8808572f19c641d98c316b2') in 0.034148 seconds
Number of updated asset objects reloaded before import = 0Number of asset objects unloaded after import = 143

========================================================================
Received Import Request.
  Time since last request: 0.000031 seconds.
  path: Assets/SciFiWarriorPBRHPPolyart/Animations/Jump.fbx
  artifactKey: Guid(c09541f4236345c4fa4e4745793a59f3) Importer(2089858483,192608db42251d675da83286b1cce702)
Start importing Assets/SciFiWarriorPBRHPPolyart/Animations/Jump.fbx using Guid(c09541f4236345c4fa4e4745793a59f3) Importer(2089858483,192608db42251d675da83286b1cce702) (ScriptedImporter) -> (artifact id: '920e5b011d4a13b29d710a837e698b84') in 0.0472582 seconds
Number of updated asset objects reloaded before import = 0Number of asset objects unloaded after import = 151

========================================================================
Received Import Request.
  Time since last request: 0.000023 seconds.
  path: Assets/Scripts/GameConstants.cs
  artifactKey: Guid(d261c494c5b98724493dc82935f41861) Importer(2089858483,192608db42251d675da83286b1cce702)
Start importing Assets/Scripts/GameConstants.cs using Guid(d261c494c5b98724493dc82935f41861) Importer(2089858483,192608db42251d675da83286b1cce702) (ScriptedImporter) -> (artifact id: '26224e81ebad03f31a6f6f1bd9affe71') in 0.0201529 seconds
Number of updated asset objects reloaded before import = 0Number of asset objects unloaded after import = 0

========================================================================
Received Import Request.
  Time since last request: 0.000043 seconds.
  path: Assets/Joystick Pack/Examples/Player.mat
  artifactKey: Guid(59e4faf24927edf4a82f463ad16f1c37) Importer(2089858483,192608db42251d675da83286b1cce702)
Start importing Assets/Joystick Pack/Examples/Player.mat using Guid(59e4faf24927edf4a82f463ad16f1c37) Importer(2089858483,192608db42251d675da83286b1cce702) (ScriptedImporter) -> (artifact id: '6bf119c3a53fa69e953f1306e3e9688d') in 0.030845 seconds
Number of updated asset objects reloaded before import = 0Number of asset objects unloaded after import = 1

========================================================================
Received Import Request.
  Time since last request: 0.000073 seconds.
  path: Assets/Scripts/TPCTrack.cs
  artifactKey: Guid(b0830dfda48c7374eb0fa475a0191f8e) Importer(2089858483,192608db42251d675da83286b1cce702)
Start importing Assets/Scripts/TPCTrack.cs using Guid(b0830dfda48c7374eb0fa475a0191f8e) Importer(2089858483,192608db42251d675da83286b1cce702) (ScriptedImporter) -> (artifact id: '962fe63616f00fefbd6241db26c0a923') in 0.0174042 seconds
Number of updated asset objects reloaded before import = 0Number of asset objects unloaded after import = 0

========================================================================
Received Import Request.
  Time since last request: 0.000147 seconds.
  path: Assets/SciFiWarriorPBRHPPolyart/Mesh/Stage.fbx
  artifactKey: Guid(e531111ac2ce99b44812814430f75185) Importer(2089858483,192608db42251d675da83286b1cce702)
Start importing Assets/SciFiWarriorPBRHPPolyart/Mesh/Stage.fbx using Guid(e531111ac2ce99b44812814430f75185) Importer(2089858483,192608db42251d675da83286b1cce702) (ScriptedImporter) -> (artifact id: '4cd0a3f6d74e183cb76a64691d01dd4f') in 0.0446933 seconds
Number of updated asset objects reloaded before import = 0Number of asset objects unloaded after import = 7

========================================================================
Received Import Request.
  Time since last request: 0.000027 seconds.
  path: Assets/Joystick Pack/Sprites/Vertical Backgrounds/Vertical_Plain.png
  artifactKey: Guid(ab6db91373811284caeba2e9472fa9c2) Importer(2089858483,192608db42251d675da83286b1cce702)
Start importing Assets/Joystick Pack/Sprites/Vertical Backgrounds/Vertical_Plain.png using Guid(ab6db91373811284caeba2e9472fa9c2) Importer(2089858483,192608db42251d675da83286b1cce702) (ScriptedImporter) -> (artifact id: 'a38b910b94b431da1fcf1838d2e14f6a') in 0.04281 seconds
Number of updated asset objects reloaded before import = 0Number of asset objects unloaded after import = 3

========================================================================
Received Import Request.
  Time since last request: 0.000019 seconds.
  path: Assets/Resources/Sound/bullethits/237437__noisecollector__bulletimpact-metal2.wav
  artifactKey: Guid(597c21bf80ea21a4987ccf4d15de4e83) Importer(2089858483,192608db42251d675da83286b1cce702)
Start importing Assets/Resources/Sound/bullethits/237437__noisecollector__bulletimpact-metal2.wav using Guid(597c21bf80ea21a4987ccf4d15de4e83) Importer(2089858483,192608db42251d675da83286b1cce702) (ScriptedImporter) -> (artifact id: 'c19f001ee215bf01620a70c51328a888') in 0.1238145 seconds
Number of updated asset objects reloaded before import = 0Number of asset objects unloaded after import = 1

========================================================================
Received Import Request.
  Time since last request: 0.000026 seconds.
  path: Assets/Resources/Sound/ambient/Ambient.wav
  artifactKey: Guid(c4d18e781184ebb41a2586a5135f65ea) Importer(2089858483,192608db42251d675da83286b1cce702)
Start importing Assets/Resources/Sound/ambient/Ambient.wav using Guid(c4d18e781184ebb41a2586a5135f65ea) Importer(2089858483,192608db42251d675da83286b1cce702) (ScriptedImporter) -> (artifact id: 'ec2b654656cdc48ed51de977cf41e59f') in 0.3859797 seconds
Number of updated asset objects reloaded before import = 0Number of asset objects unloaded after import = 1

========================================================================
Received Import Request.
  Time since last request: 0.000033 seconds.
  path: Assets/Resources/Sound/footsteps/footstep_concrete_3.wav
  artifactKey: Guid(02a53e382acf47c4c8a5953baa9ebf89) Importer(2089858483,192608db42251d675da83286b1cce702)
Start importing Assets/Resources/Sound/footsteps/footstep_concrete_3.wav using Guid(02a53e382acf47c4c8a5953baa9ebf89) Importer(2089858483,192608db42251d675da83286b1cce702) (ScriptedImporter) -> (artifact id: '5988253579a4a5557aaa6a1e939ea2a1') in 0.0595491 seconds
Number of updated asset objects reloaded before import = 0Number of asset objects unloaded after import = 1

========================================================================
Received Import Request.
  Time since last request: 0.000149 seconds.
  path: Assets/Scripts/Patterns/Singleton.cs
  artifactKey: Guid(9f370b3d40e467a498f249d1a2904582) Importer(2089858483,192608db42251d675da83286b1cce702)
Start importing Assets/Scripts/Patterns/Singleton.cs using Guid(9f370b3d40e467a498f249d1a2904582) Importer(2089858483,192608db42251d675da83286b1cce702) (ScriptedImporter) -> (artifact id: 'd5fa3a086fa3e7eab41c4089e1c314bd') in 0.0168053 seconds
Number of updated asset objects reloaded before import = 0Number of asset objects unloaded after import = 0

========================================================================
Received Import Request.
  Time since last request: 0.000050 seconds.
  path: Assets/Scenes/Assignment1/ReflectionProbe-0.exr
  artifactKey: Guid(b2710c97ba7466344a244481de979779) Importer(2089858483,192608db42251d675da83286b1cce702)
Start importing Assets/Scenes/Assignment1/ReflectionProbe-0.exr using Guid(b2710c97ba7466344a244481de979779) Importer(2089858483,192608db42251d675da83286b1cce702) (ScriptedImporter) -> (artifact id: '1414d49c2a1a7b8c8bdc30de776a2302') in 0.0217121 seconds
Number of updated asset objects reloaded before import = 0Number of asset objects unloaded after import = 1

========================================================================
Received Import Request.
  Time since last request: 0.000019 seconds.
  path: Assets/Joystick Pack/Sprites/Vertical Backgrounds/Vertical_Outline.png
  artifactKey: Guid(f054197ef28924b4986cbd91de2ab054) Importer(2089858483,192608db42251d675da83286b1cce702)
Start importing Assets/Joystick Pack/Sprites/Vertical Backgrounds/Vertical_Outline.png using Guid(f054197ef28924b4986cbd91de2ab054) Importer(2089858483,192608db42251d675da83286b1cce702) (ScriptedImporter) -> (artifact id: '3bf16ff09a2c5afe3ab032feffaf70b4') in 0.0365937 seconds
Number of updated asset objects reloaded before import = 0Number of asset objects unloaded after import = 3

========================================================================
Received Import Request.
  Time since last request: 0.000023 seconds.
  path: Assets/Joystick Pack/Sprites/Vertical Backgrounds/Vertical_Ridged_Arrows.png
  artifactKey: Guid(9332cf0d233636a40a024382720294a3) Importer(2089858483,192608db42251d675da83286b1cce702)
Start importing Assets/Joystick Pack/Sprites/Vertical Backgrounds/Vertical_Ridged_Arrows.png using Guid(9332cf0d233636a40a024382720294a3) Importer(2089858483,192608db42251d675da83286b1cce702) (ScriptedImporter) -> (artifact id: 'aa4c44dbef8b804bf2280a1c4e3ff9c5') in 0.0358074 seconds
Number of updated asset objects reloaded before import = 0Number of asset objects unloaded after import = 3

========================================================================
Received Import Request.
  Time since last request: 0.000062 seconds.
  path: Assets/SciFiWarriorPBRHPPolyart/Prefabs/PolyartCharacter.prefab
  artifactKey: Guid(910177ec26b76c14996c2d53627a6def) Importer(2089858483,192608db42251d675da83286b1cce702)
Start importing Assets/SciFiWarriorPBRHPPolyart/Prefabs/PolyartCharacter.prefab using Guid(910177ec26b76c14996c2d53627a6def) Importer(2089858483,192608db42251d675da83286b1cce702) (ScriptedImporter) -> (artifact id: 'a36425349c97f7abc33526ad3c5e0f32') in 0.0541714 seconds
Number of updated asset objects reloaded before import = 0Number of asset objects unloaded after import = 193

========================================================================
Received Import Request.
  Time since last request: 0.000029 seconds.
  path: Assets/Scripts/ThirdPersonCamera.cs
  artifactKey: Guid(e1312bf48c396a549b13b7d89665949c) Importer(2089858483,192608db42251d675da83286b1cce702)
Start importing Assets/Scripts/ThirdPersonCamera.cs using Guid(e1312bf48c396a549b13b7d89665949c) Importer(2089858483,192608db42251d675da83286b1cce702) (ScriptedImporter) -> (artifact id: '51704270b7f17965daa030210c2e1a0d') in 0.0154368 seconds
Number of updated asset objects reloaded before import = 0Number of asset objects unloaded after import = 0

========================================================================
Received Import Request.
  Time since last request: 0.000100 seconds.
  path: Assets/Scripts/TPCBase.cs
  artifactKey: Guid(5fac4ceda5e84da4283bc63c7afc9bef) Importer(2089858483,192608db42251d675da83286b1cce702)
Start importing Assets/Scripts/TPCBase.cs using Guid(5fac4ceda5e84da4283bc63c7afc9bef) Importer(2089858483,192608db42251d675da83286b1cce702) (ScriptedImporter) -> (artifact id: 'de7bcedccbd8d1deaa74b97665fb7af7') in 0.0192795 seconds
Number of updated asset objects reloaded before import = 0Number of asset objects unloaded after import = 0

========================================================================
Received Import Request.
  Time since last request: 0.000127 seconds.
  path: Assets/Scripts/FixedTouchField.cs
  artifactKey: Guid(fe56deefc5827e546a90112a475e807f) Importer(2089858483,192608db42251d675da83286b1cce702)
Start importing Assets/Scripts/FixedTouchField.cs using Guid(fe56deefc5827e546a90112a475e807f) Importer(2089858483,192608db42251d675da83286b1cce702) (ScriptedImporter) -> (artifact id: '0f0bd54910ccf5d4aa5ade7f168157f6') in 0.0160767 seconds
Number of updated asset objects reloaded before import = 0Number of asset objects unloaded after import = 0

========================================================================
Received Import Request.
  Time since last request: 0.000069 seconds.
  path: Assets/Joystick Pack/Prefabs/Floating Joystick.prefab
  artifactKey: Guid(0d230cc8be529a542a08cb878ab14b18) Importer(2089858483,192608db42251d675da83286b1cce702)
Start importing Assets/Joystick Pack/Prefabs/Floating Joystick.prefab using Guid(0d230cc8be529a542a08cb878ab14b18) Importer(2089858483,192608db42251d675da83286b1cce702) (ScriptedImporter) -> (artifact id: '9ebbcb9d350fee21c223fa051fd11b01') in 0.0757371 seconds
Number of updated asset objects reloaded before import = 0Number of asset objects unloaded after import = 17

========================================================================
Received Import Request.
  Time since last request: 0.000023 seconds.
  path: Assets/Joystick Pack/Sprites/All Axis Backgrounds/AllAxis_Plain_Arrows.png
  artifactKey: Guid(2a1f3cba20f3e11498474a705db12fde) Importer(2089858483,192608db42251d675da83286b1cce702)
Start importing Assets/Joystick Pack/Sprites/All Axis Backgrounds/AllAxis_Plain_Arrows.png using Guid(2a1f3cba20f3e11498474a705db12fde) Importer(2089858483,192608db42251d675da83286b1cce702) (ScriptedImporter) -> (artifact id: '8acd6705a5909cd40f8b494fed93fa76') in 0.0382744 seconds
Number of updated asset objects reloaded before import = 0Number of asset objects unloaded after import = 3

========================================================================
Received Import Request.
  Time since last request: 0.000018 seconds.
  path: Assets/SciFiWarriorPBRHPPolyart/Textures/PBR_Free_MS.png
  artifactKey: Guid(7e4a41389ffe24f458e5a1b4b6c554eb) Importer(2089858483,192608db42251d675da83286b1cce702)
Start importing Assets/SciFiWarriorPBRHPPolyart/Textures/PBR_Free_MS.png using Guid(7e4a41389ffe24f458e5a1b4b6c554eb) Importer(2089858483,192608db42251d675da83286b1cce702) (ScriptedImporter) -> (artifact id: 'babd56c12addddd1b31b8a5b22429803') in 0.0269179 seconds
Number of updated asset objects reloaded before import = 0Number of asset objects unloaded after import = 1

========================================================================
Received Import Request.
  Time since last request: 0.000161 seconds.
  path: Assets/MixamoCustom/Texture/Ch24_1001_Glossiness.png
  artifactKey: Guid(9540c94ad1165ad42a707b0e791370a0) Importer(2089858483,192608db42251d675da83286b1cce702)
Start importing Assets/MixamoCustom/Texture/Ch24_1001_Glossiness.png using Guid(9540c94ad1165ad42a707b0e791370a0) Importer(2089858483,192608db42251d675da83286b1cce702) (ScriptedImporter) -> (artifact id: '30e793a7cd8399c26e3e7f87d4d9b4bb') in 0.0228089 seconds
Number of updated asset objects reloaded before import = 0Number of asset objects unloaded after import = 1

========================================================================
Received Import Request.
  Time since last request: 0.000025 seconds.
  path: Assets/Resources/Sound/footsteps/footstep_wood_1.wav
  artifactKey: Guid(a19df8659e39fdd4d8c82f17151f8b55) Importer(2089858483,192608db42251d675da83286b1cce702)
Start importing Assets/Resources/Sound/footsteps/footstep_wood_1.wav using Guid(a19df8659e39fdd4d8c82f17151f8b55) Importer(2089858483,192608db42251d675da83286b1cce702) (ScriptedImporter) -> (artifact id: '8dd4f423694412ab400f80fbfb988563') in 0.0613631 seconds
Number of updated asset objects reloaded before import = 0Number of asset objects unloaded after import = 1

========================================================================
Received Import Request.
  Time since last request: 0.000018 seconds.
  path: Assets/Resources/Sound/footsteps/footstep_wood_3.wav
  artifactKey: Guid(1fcea514edcee944e87d4888732136be) Importer(2089858483,192608db42251d675da83286b1cce702)
Start importing Assets/Resources/Sound/footsteps/footstep_wood_3.wav using Guid(1fcea514edcee944e87d4888732136be) Importer(2089858483,192608db42251d675da83286b1cce702) (ScriptedImporter) -> (artifact id: '967564192f38e3e41e6310470c0a33e7') in 0.0604378 seconds
Number of updated asset objects reloaded before import = 0Number of asset objects unloaded after import = 1

========================================================================
Received Import Request.
  Time since last request: 0.000022 seconds.
  path: Assets/Resources/Sound/gunshots/reload.wav
  artifactKey: Guid(cf6ee17be5528264ca6faa9158aa2cf2) Importer(2089858483,192608db42251d675da83286b1cce702)
Start importing Assets/Resources/Sound/gunshots/reload.wav using Guid(cf6ee17be5528264ca6faa9158aa2cf2) Importer(2089858483,192608db42251d675da83286b1cce702) (ScriptedImporter) -> (artifact id: 'de037664bd13435eb5ab3eeeaf860d9d') in 0.0413352 seconds
Number of updated asset objects reloaded before import = 0Number of asset objects unloaded after import = 1

========================================================================
Received Import Request.
  Time since last request: 0.000077 seconds.
  path: Assets/Resources/Sound/footsteps/footstep_sand_3.wav
  artifactKey: Guid(3f11a8f07b2fd1644ac27761785f0998) Importer(2089858483,192608db42251d675da83286b1cce702)
Start importing Assets/Resources/Sound/footsteps/footstep_sand_3.wav using Guid(3f11a8f07b2fd1644ac27761785f0998) Importer(2089858483,192608db42251d675da83286b1cce702) (ScriptedImporter) -> (artifact id: 'ca1d8a9ebc2eb4dd6bd5f802b64dd601') in 0.0612441 seconds
Number of updated asset objects reloaded before import = 0Number of asset objects unloaded after import = 1

========================================================================
Received Import Request.
  Time since last request: 0.000081 seconds.
  path: Assets/Resources/Sound/gunshots/noise shot.wav
  artifactKey: Guid(4d4af27be602d214cb29acfc0a0aa0d3) Importer(2089858483,192608db42251d675da83286b1cce702)
Start importing Assets/Resources/Sound/gunshots/noise shot.wav using Guid(4d4af27be602d214cb29acfc0a0aa0d3) Importer(2089858483,192608db42251d675da83286b1cce702) (ScriptedImporter) -> (artifact id: 'e9ed4c21ebdcc02f78132b0acafe9fdb') in 0.0647504 seconds
Number of updated asset objects reloaded before import = 0Number of asset objects unloaded after import = 1

========================================================================
Received Import Request.
  Time since last request: 0.000022 seconds.
  path: Assets/Resources/Sound/gunshots/they shoot.wav
  artifactKey: Guid(ea154a2ab7f9a1e4d8b5eb74f2abe4ed) Importer(2089858483,192608db42251d675da83286b1cce702)
Start importing Assets/Resources/Sound/gunshots/they shoot.wav using Guid(ea154a2ab7f9a1e4d8b5eb74f2abe4ed) Importer(2089858483,192608db42251d675da83286b1cce702) (ScriptedImporter) -> (artifact id: '6b7cd513131401aab64f4ec2b58a9785') in 0.0583597 seconds
Number of updated asset objects reloaded before import = 0Number of asset objects unloaded after import = 1

========================================================================
Received Import Request.
  Time since last request: 0.000067 seconds.
  path: Assets/Resources/Sound/footsteps/footstep_wood_4.wav
  artifactKey: Guid(7d2dbe4ab3d4d5f45bbafbf6a5af194d) Importer(2089858483,192608db42251d675da83286b1cce702)
Start importing Assets/Resources/Sound/footsteps/footstep_wood_4.wav using Guid(7d2dbe4ab3d4d5f45bbafbf6a5af194d) Importer(2089858483,192608db42251d675da83286b1cce702) (ScriptedImporter) -> (artifact id: '3ba2c7dad4a352c16c3eb27b083340d5') in 0.0578769 seconds
Number of updated asset objects reloaded before import = 0Number of asset objects unloaded after import = 1

========================================================================
Received Import Request.
  Time since last request: 0.000040 seconds.
  path: Assets/SciFiWarriorPBRHPPolyart/Animations/Idle_Shoot_ar.fbx
  artifactKey: Guid(1d4365e1541bb6949a273318862b72d3) Importer(2089858483,192608db42251d675da83286b1cce702)
Start importing Assets/SciFiWarriorPBRHPPolyart/Animations/Idle_Shoot_ar.fbx using Guid(1d4365e1541bb6949a273318862b72d3) Importer(2089858483,192608db42251d675da83286b1cce702) (ScriptedImporter) -> (artifact id: '0e94e60669139633a0f1ff280c9a28a3') in 0.0413996 seconds
Number of updated asset objects reloaded before import = 0Number of asset objects unloaded after import = 151

========================================================================
Received Import Request.
  Time since last request: 0.000020 seconds.
  path: Assets/Joystick Pack/Sprites/All Axis Backgrounds/AllAxis_Plain.png
  artifactKey: Guid(84487d73ca4b791498332d8f6858417f) Importer(2089858483,192608db42251d675da83286b1cce702)
Start importing Assets/Joystick Pack/Sprites/All Axis Backgrounds/AllAxis_Plain.png using Guid(84487d73ca4b791498332d8f6858417f) Importer(2089858483,192608db42251d675da83286b1cce702) (ScriptedImporter) -> (artifact id: '832ea52b35c211bdea36ab680c0a2990') in 0.0386205 seconds
Number of updated asset objects reloaded before import = 0Number of asset objects unloaded after import = 3

========================================================================
Received Import Request.
  Time since last request: 0.000017 seconds.
  path: Assets/Resources/Materials/BulletPhysicsMat.physicMaterial
  artifactKey: Guid(b5eab5979f18cf94b8c60326aca0a18c) Importer(2089858483,192608db42251d675da83286b1cce702)
Start importing Assets/Resources/Materials/BulletPhysicsMat.physicMaterial using Guid(b5eab5979f18cf94b8c60326aca0a18c) Importer(2089858483,192608db42251d675da83286b1cce702) (ScriptedImporter) -> (artifact id: '4cbdd0de9bc312dced3245f911dc9e9f') in 0.0269858 seconds
Number of updated asset objects reloaded before import = 0Number of asset objects unloaded after import = 1

========================================================================
Received Import Request.
  Time since last request: 0.000072 seconds.
  path: Assets/Resources/Sound/footsteps/footstep_sand_1.wav
  artifactKey: Guid(e288618a08d99b647ab41dc5af1aef09) Importer(2089858483,192608db42251d675da83286b1cce702)
Start importing Assets/Resources/Sound/footsteps/footstep_sand_1.wav using Guid(e288618a08d99b647ab41dc5af1aef09) Importer(2089858483,192608db42251d675da83286b1cce702) (ScriptedImporter) -> (artifact id: '7558d5548b97def886888452fa678484') in 0.0646538 seconds
Number of updated asset objects reloaded before import = 0Number of asset objects unloaded after import = 1

========================================================================
Received Import Request.
  Time since last request: 0.000027 seconds.
  path: Assets/Scenes/SampleSceneSettings.lighting
  artifactKey: Guid(1b8d76dc3b4c52447a65f491d210d576) Importer(2089858483,192608db42251d675da83286b1cce702)
Start importing Assets/Scenes/SampleSceneSettings.lighting using Guid(1b8d76dc3b4c52447a65f491d210d576) Importer(2089858483,192608db42251d675da83286b1cce702) (ScriptedImporter) -> (artifact id: '59e80ae183938e32135749b5e128313c') in 0.0222912 seconds
Number of updated asset objects reloaded before import = 0Number of asset objects unloaded after import = 1

========================================================================
Received Import Request.
  Time since last request: 0.000162 seconds.
  path: Assets/Resources/Sound/footsteps/footstep_wood_5.wav
  artifactKey: Guid(aed985eab47036a42a2ed9e802eb71d4) Importer(2089858483,192608db42251d675da83286b1cce702)
Start importing Assets/Resources/Sound/footsteps/footstep_wood_5.wav using Guid(aed985eab47036a42a2ed9e802eb71d4) Importer(2089858483,192608db42251d675da83286b1cce702) (ScriptedImporter) -> (artifact id: '772b60739600e5ceb9a6629fe3c58b08') in 0.0568827 seconds
Number of updated asset objects reloaded before import = 0Number of asset objects unloaded after import = 1

========================================================================
Received Import Request.
  Time since last request: 0.000019 seconds.
  path: Assets/Resources/Sound/footsteps/footstep_metal_4.wav
  artifactKey: Guid(a3f5d248e4d40b14e93fb8259e150234) Importer(2089858483,192608db42251d675da83286b1cce702)
Start importing Assets/Resources/Sound/footsteps/footstep_metal_4.wav using Guid(a3f5d248e4d40b14e93fb8259e150234) Importer(2089858483,192608db42251d675da83286b1cce702) (ScriptedImporter) -> (artifact id: '590b0d0493e6bf54820f661d19daa1d3') in 0.0579517 seconds
Number of updated asset objects reloaded before import = 0Number of asset objects unloaded after import = 1

========================================================================
Received Import Request.
  Time since last request: 0.000052 seconds.
  path: Assets/Joystick Pack/Sprites/Handles/Handle_Outline.png
  artifactKey: Guid(085185b08a40a924985bc0e4176edea6) Importer(2089858483,192608db42251d675da83286b1cce702)
Start importing Assets/Joystick Pack/Sprites/Handles/Handle_Outline.png using Guid(085185b08a40a924985bc0e4176edea6) Importer(2089858483,192608db42251d675da83286b1cce702) (ScriptedImporter) -> (artifact id: 'b43d1bc555db7bca2f76ebddc9108bbe') in 0.0329318 seconds
Number of updated asset objects reloaded before import = 0Number of asset objects unloaded after import = 3

========================================================================
Received Import Request.
  Time since last request: 0.000027 seconds.
  path: Assets/Scripts/PlayerState.cs
  artifactKey: Guid(79dacd7310add204f9ab651dac94e548) Importer(2089858483,192608db42251d675da83286b1cce702)
Start importing Assets/Scripts/PlayerState.cs using Guid(79dacd7310add204f9ab651dac94e548) Importer(2089858483,192608db42251d675da83286b1cce702) (ScriptedImporter) -> (artifact id: 'bc378212235bef50305f88f33d682a5e') in 0.0156418 seconds
Number of updated asset objects reloaded before import = 0Number of asset objects unloaded after import = 0

========================================================================
Received Import Request.
  Time since last request: 0.000116 seconds.
  path: Assets/SciFiWarriorPBRHPPolyart/Animations/Idle_guard_ar.fbx
  artifactKey: Guid(21a805ef27ad7ef42904fff42be01ba6) Importer(2089858483,192608db42251d675da83286b1cce702)
Start importing Assets/SciFiWarriorPBRHPPolyart/Animations/Idle_guard_ar.fbx using Guid(21a805ef27ad7ef42904fff42be01ba6) Importer(2089858483,192608db42251d675da83286b1cce702) (ScriptedImporter) -> (artifact id: '35cbdbc06ee1a11a25c84b6a698eff1e') in 0.0420821 seconds
Number of updated asset objects reloaded before import = 0Number of asset objects unloaded after import = 151

========================================================================
Received Import Request.
  Time since last request: 0.000022 seconds.
  path: Assets/MixamoCustom/Animation/T-Pose.fbx
  artifactKey: Guid(f1759859b7657f44297011d0ba4328b8) Importer(2089858483,192608db42251d675da83286b1cce702)
Start importing Assets/MixamoCustom/Animation/T-Pose.fbx using Guid(f1759859b7657f44297011d0ba4328b8) Importer(2089858483,192608db42251d675da83286b1cce702) (ScriptedImporter) -> (artifact id: 'ba28aa797edeb425ce8ac9224f96c915') in 0.0359033 seconds
Number of updated asset objects reloaded before import = 0Number of asset objects unloaded after import = 144

========================================================================
Received Import Request.
  Time since last request: 0.000038 seconds.
  path: Assets/Joystick Pack/Sprites/All Axis Backgrounds/AllAxis_Ridged.png
  artifactKey: Guid(54628aafa20f64b40ae661038ee7abf0) Importer(2089858483,192608db42251d675da83286b1cce702)
Start importing Assets/Joystick Pack/Sprites/All Axis Backgrounds/AllAxis_Ridged.png using Guid(54628aafa20f64b40ae661038ee7abf0) Importer(2089858483,192608db42251d675da83286b1cce702) (ScriptedImporter) -> (artifact id: 'f33f124d78df8db76ed1a4c1bdfc1213') in 0.0313258 seconds
Number of updated asset objects reloaded before import = 0Number of asset objects unloaded after import = 3

========================================================================
Received Import Request.
  Time since last request: 0.000017 seconds.
  path: Assets/Scripts/TPCFollow.cs
  artifactKey: Guid(25227d7f4e55a3f4ab59b7c5ae4f304b) Importer(2089858483,192608db42251d675da83286b1cce702)
Start importing Assets/Scripts/TPCFollow.cs using Guid(25227d7f4e55a3f4ab59b7c5ae4f304b) Importer(2089858483,192608db42251d675da83286b1cce702) (ScriptedImporter) -> (artifact id: 'f833264f2ba53ae9e2592b8cf74a80ce') in 0.013952 seconds
Number of updated asset objects reloaded before import = 0Number of asset objects unloaded after import = 0

========================================================================
Received Import Request.
  Time since last request: 0.000052 seconds.
  path: Assets/Resources/Sound/bullethits/237444__noisecollector__bulletimpact-metal3.wav
  artifactKey: Guid(b3fa7871463cc9e49b3ff5df5354018b) Importer(2089858483,192608db42251d675da83286b1cce702)
Start importing Assets/Resources/Sound/bullethits/237444__noisecollector__bulletimpact-metal3.wav using Guid(b3fa7871463cc9e49b3ff5df5354018b) Importer(2089858483,192608db42251d675da83286b1cce702) (ScriptedImporter) -> (artifact id: 'bf08d3f6c3f73e0b34e8f4c6b64bc349') in 0.0480607 seconds
Number of updated asset objects reloaded before import = 0Number of asset objects unloaded after import = 1

========================================================================
Received Import Request.
  Time since last request: 0.000040 seconds.
  path: Assets/MixamoCustom/Texture/Ch24_1001_Diffuse.png
  artifactKey: Guid(1ec8d327f1c61b242a69a25d8c9aeba1) Importer(2089858483,192608db42251d675da83286b1cce702)
Start importing Assets/MixamoCustom/Texture/Ch24_1001_Diffuse.png using Guid(1ec8d327f1c61b242a69a25d8c9aeba1) Importer(2089858483,192608db42251d675da83286b1cce702) (ScriptedImporter) -> (artifact id: '520ed784afa6d82ded4542af881b49f7') in 0.0242643 seconds
Number of updated asset objects reloaded before import = 0Number of asset objects unloaded after import = 1

========================================================================
Received Import Request.
  Time since last request: 0.000019 seconds.
  path: Assets/Resources/Sound/footsteps/footstep_metal_1.wav
  artifactKey: Guid(a732d3358cb40a040b904a60ad729305) Importer(2089858483,192608db42251d675da83286b1cce702)
Start importing Assets/Resources/Sound/footsteps/footstep_metal_1.wav using Guid(a732d3358cb40a040b904a60ad729305) Importer(2089858483,192608db42251d675da83286b1cce702) (ScriptedImporter) -> (artifact id: '3584a50c96322958443e26e6e58d2db8') in 0.0608587 seconds
Number of updated asset objects reloaded before import = 0Number of asset objects unloaded after import = 1

========================================================================
Received Import Request.
  Time since last request: 0.000051 seconds.
  path: Assets/Resources/Sound/footsteps/footstep_wood_2.wav
  artifactKey: Guid(4169db646cbdd8b4dabf3931f5ae2963) Importer(2089858483,192608db42251d675da83286b1cce702)
Start importing Assets/Resources/Sound/footsteps/footstep_wood_2.wav using Guid(4169db646cbdd8b4dabf3931f5ae2963) Importer(2089858483,192608db42251d675da83286b1cce702) (ScriptedImporter) -> (artifact id: 'fa5f8d301f8bc8c02cb208b2dafd45fc') in 0.0588542 seconds
Number of updated asset objects reloaded before import = 0Number of asset objects unloaded after import = 1

========================================================================
Received Import Request.
  Time since last request: 0.000020 seconds.
  path: Assets/Scripts/Patterns/FSM.cs
  artifactKey: Guid(82db0b20ce9672c43a66dae11937ed07) Importer(2089858483,192608db42251d675da83286b1cce702)
Start importing Assets/Scripts/Patterns/FSM.cs using Guid(82db0b20ce9672c43a66dae11937ed07) Importer(2089858483,192608db42251d675da83286b1cce702) (ScriptedImporter) -> (artifact id: '228d49a53b536fe24159990c5be6f8b9') in 0.013846 seconds
Number of updated asset objects reloaded before import = 0Number of asset objects unloaded after import = 0

========================================================================
Received Import Request.
  Time since last request: 0.000057 seconds.
  path: Assets/SciFiWarriorPBRHPPolyart/Animations/Reload.fbx
  artifactKey: Guid(45b9c258f262e844e8f5316722fc04c6) Importer(2089858483,192608db42251d675da83286b1cce702)
Start importing Assets/SciFiWarriorPBRHPPolyart/Animations/Reload.fbx using Guid(45b9c258f262e844e8f5316722fc04c6) Importer(2089858483,192608db42251d675da83286b1cce702) (ScriptedImporter) -> (artifact id: 'e61ca915f3b85e959fff64e1b33e1527') in 0.0450336 seconds
Number of updated asset objects reloaded before import = 0Number of asset objects unloaded after import = 151

========================================================================
Received Import Request.
  Time since last request: 0.000030 seconds.
  path: Assets/Scripts/TPCTopDown.cs
  artifactKey: Guid(5435956ccda0f6d4785f07f537fe0970) Importer(2089858483,192608db42251d675da83286b1cce702)
Start importing Assets/Scripts/TPCTopDown.cs using Guid(5435956ccda0f6d4785f07f537fe0970) Importer(2089858483,192608db42251d675da83286b1cce702) (ScriptedImporter) -> (artifact id: 'c42e282991b57a3f07ee68090142d4d9') in 0.0212477 seconds
Number of updated asset objects reloaded before import = 0Number of asset objects unloaded after import = 0

========================================================================
Received Import Request.
  Time since last request: 0.000141 seconds.
  path: Assets/Resources/Sound/footsteps/footstep_metal_3.wav
  artifactKey: Guid(c96efd02b35bccd4182277accfbc1e9e) Importer(2089858483,192608db42251d675da83286b1cce702)
Start importing Assets/Resources/Sound/footsteps/footstep_metal_3.wav using Guid(c96efd02b35bccd4182277accfbc1e9e) Importer(2089858483,192608db42251d675da83286b1cce702) (ScriptedImporter) -> (artifact id: '5481a3810434a03c4caa3a1718d9783a') in 0.0695805 seconds
Number of updated asset objects reloaded before import = 0Number of asset objects unloaded after import = 1

========================================================================
Received Import Request.
  Time since last request: 0.000081 seconds.
  path: Assets/Scripts/TPCFollowTrackPositionAndRotation.cs
  artifactKey: Guid(da47a8c1b3f678148941151ff4c48250) Importer(2089858483,192608db42251d675da83286b1cce702)
Start importing Assets/Scripts/TPCFollowTrackPositionAndRotation.cs using Guid(da47a8c1b3f678148941151ff4c48250) Importer(2089858483,192608db42251d675da83286b1cce702) (ScriptedImporter) -> (artifact id: 'd20574275ec25ed4da9d7896f286f145') in 0.0157066 seconds
Number of updated asset objects reloaded before import = 0Number of asset objects unloaded after import = 0

========================================================================
Received Import Request.
  Time since last request: 0.000093 seconds.
  path: Assets/SciFiWarriorPBRHPPolyart/Materials/Skybox_Mat.mat
  artifactKey: Guid(cb367fce222f8c644a223c3021709347) Importer(2089858483,192608db42251d675da83286b1cce702)
Start importing Assets/SciFiWarriorPBRHPPolyart/Materials/Skybox_Mat.mat using Guid(cb367fce222f8c644a223c3021709347) Importer(2089858483,192608db42251d675da83286b1cce702) (ScriptedImporter) -> (artifact id: 'c5a32cb707663e0eafe074903d32e069') in 0.0277319 seconds
Number of updated asset objects reloaded before import = 0Number of asset objects unloaded after import = 1

========================================================================
Received Import Request.
  Time since last request: 0.000137 seconds.
  path: Assets/Joystick Pack/Sprites/All Axis Backgrounds/AllAxis_Ridged_Arrows.png
  artifactKey: Guid(4cbc879550e5e374a925e2e0a84d6f3c) Importer(2089858483,192608db42251d675da83286b1cce702)
Start importing Assets/Joystick Pack/Sprites/All Axis Backgrounds/AllAxis_Ridged_Arrows.png using Guid(4cbc879550e5e374a925e2e0a84d6f3c) Importer(2089858483,192608db42251d675da83286b1cce702) (ScriptedImporter) -> (artifact id: '2820fbee061417070c96323df537a40f') in 0.0346115 seconds
Number of updated asset objects reloaded before import = 0Number of asset objects unloaded after import = 3

========================================================================
Received Import Request.
  Time since last request: 0.000021 seconds.
  path: Assets/Joystick Pack/Prefabs/Variable Joystick.prefab
  artifactKey: Guid(ec536a7718376554185e4a856d5ae230) Importer(2089858483,192608db42251d675da83286b1cce702)
Start importing Assets/Joystick Pack/Prefabs/Variable Joystick.prefab using Guid(ec536a7718376554185e4a856d5ae230) Importer(2089858483,192608db42251d675da83286b1cce702) (ScriptedImporter) -> (artifact id: 'ae7318d3db71c2ee25746862cddd081e') in 0.0450061 seconds
Number of updated asset objects reloaded before import = 0Number of asset objects unloaded after import = 17

========================================================================
Received Import Request.
  Time since last request: 0.000036 seconds.
  path: Assets/MixamoCustom/Animation/Walk.fbx
  artifactKey: Guid(9daf048243c8ea046a14c644e15e5c6e) Importer(2089858483,192608db42251d675da83286b1cce702)
Start importing Assets/MixamoCustom/Animation/Walk.fbx using Guid(9daf048243c8ea046a14c644e15e5c6e) Importer(2089858483,192608db42251d675da83286b1cce702) (ScriptedImporter) -> (artifact id: '4a67916087b965273f6b271415360504') in 0.0384929 seconds
Number of updated asset objects reloaded before import = 0Number of asset objects unloaded after import = 142

========================================================================
Received Import Request.
  Time since last request: 0.000020 seconds.
  path: Assets/Scripts/Player.cs
  artifactKey: Guid(2f576e09978b8504798ff71bf241114d) Importer(2089858483,192608db42251d675da83286b1cce702)
Start importing Assets/Scripts/Player.cs using Guid(2f576e09978b8504798ff71bf241114d) Importer(2089858483,192608db42251d675da83286b1cce702) (ScriptedImporter) -> (artifact id: '5280fdfb1c9f256b8f2d755b82faa2e8') in 0.0148105 seconds
Number of updated asset objects reloaded before import = 0Number of asset objects unloaded after import = 0

========================================================================
Received Import Request.
  Time since last request: 0.000100 seconds.
  path: Assets/Resources/Sound/footsteps/footstep_concrete_2.wav
  artifactKey: Guid(69992d4bcac6b6f44a41b6e384331fd6) Importer(2089858483,192608db42251d675da83286b1cce702)
Start importing Assets/Resources/Sound/footsteps/footstep_concrete_2.wav using Guid(69992d4bcac6b6f44a41b6e384331fd6) Importer(2089858483,192608db42251d675da83286b1cce702) (ScriptedImporter) -> (artifact id: '1cb2bc9c953a952d4a4e484268ea3f9e') in 0.0594202 seconds
Number of updated asset objects reloaded before import = 0Number of asset objects unloaded after import = 1

========================================================================
Received Import Request.
  Time since last request: 0.000026 seconds.
  path: Assets/Resources/Sound/footsteps/footstep_concrete_4.wav
  artifactKey: Guid(e469a8bb2a1383d43ab4104db2b469f9) Importer(2089858483,192608db42251d675da83286b1cce702)
Start importing Assets/Resources/Sound/footsteps/footstep_concrete_4.wav using Guid(e469a8bb2a1383d43ab4104db2b469f9) Importer(2089858483,192608db42251d675da83286b1cce702) (ScriptedImporter) -> (artifact id: '4a322cff5831b4ee6fd9d9c8f5956722') in 0.0577969 seconds
Number of updated asset objects reloaded before import = 0Number of asset objects unloaded after import = 1

========================================================================
Received Import Request.
  Time since last request: 0.000017 seconds.
  path: Assets/Resources/Sound/gunshots/cocked.wav
  artifactKey: Guid(c9b0d49da6006804c967beaa580e5aed) Importer(2089858483,192608db42251d675da83286b1cce702)
Start importing Assets/Resources/Sound/gunshots/cocked.wav using Guid(c9b0d49da6006804c967beaa580e5aed) Importer(2089858483,192608db42251d675da83286b1cce702) (ScriptedImporter) -> (artifact id: '1d29b61a870ed5a024833c959ccd0567') in 0.0608035 seconds
Number of updated asset objects reloaded before import = 0Number of asset objects unloaded after import = 1

========================================================================
Received Import Request.
  Time since last request: 0.000046 seconds.
  path: Assets/SciFiWarriorPBRHPPolyart/Animations/AvatarMask.mask
  artifactKey: Guid(e0402be4321aa2646a7af179c44591a7) Importer(2089858483,192608db42251d675da83286b1cce702)
Start importing Assets/SciFiWarriorPBRHPPolyart/Animations/AvatarMask.mask using Guid(e0402be4321aa2646a7af179c44591a7) Importer(2089858483,192608db42251d675da83286b1cce702) (ScriptedImporter) -> (artifact id: '1a6e50f58d0258849ee0d344f0804056') in 0.0370228 seconds
Number of updated asset objects reloaded before import = 0Number of asset objects unloaded after import = 1

========================================================================
Received Import Request.
  Time since last request: 0.000074 seconds.
  path: Assets/MixamoCustom/Texture/Ch24_1001_Normal.png
  artifactKey: Guid(186a6b545688fe849af83cabecb08e95) Importer(2089858483,192608db42251d675da83286b1cce702)
Start importing Assets/MixamoCustom/Texture/Ch24_1001_Normal.png using Guid(186a6b545688fe849af83cabecb08e95) Importer(2089858483,192608db42251d675da83286b1cce702) (ScriptedImporter) -> (artifact id: '29ad0362154d06f9fa93213e951c0b4a') in 0.0257495 seconds
Number of updated asset objects reloaded before import = 0Number of asset objects unloaded after import = 1

========================================================================
Received Import Request.
  Time since last request: 0.000031 seconds.
  path: Assets/Joystick Pack/Examples/JoystickPlayerExample.cs
  artifactKey: Guid(a37d705c8e9115e439ec799186182634) Importer(2089858483,192608db42251d675da83286b1cce702)
Start importing Assets/Joystick Pack/Examples/JoystickPlayerExample.cs using Guid(a37d705c8e9115e439ec799186182634) Importer(2089858483,192608db42251d675da83286b1cce702) (ScriptedImporter) -> (artifact id: 'd7ec9a097cfcf47db309f9a4fd2a1e5e') in 0.0135884 seconds
Number of updated asset objects reloaded before import = 0Number of asset objects unloaded after import = 0

========================================================================
Received Import Request.
  Time since last request: 0.000138 seconds.
  path: Assets/Resources/Sound/footsteps/footstep_sand_2.wav
  artifactKey: Guid(7d9e91b6d5f37214ca58fb8b9d52ab23) Importer(2089858483,192608db42251d675da83286b1cce702)
Start importing Assets/Resources/Sound/footsteps/footstep_sand_2.wav using Guid(7d9e91b6d5f37214ca58fb8b9d52ab23) Importer(2089858483,192608db42251d675da83286b1cce702) (ScriptedImporter) -> (artifact id: '18b36c2ab3ca81e4fc9de3b876db40bd') in 0.0657764 seconds
Number of updated asset objects reloaded before import = 0Number of asset objects unloaded after import = 1

========================================================================
Received Import Request.
  Time since last request: 0.000023 seconds.
  path: Assets/Resources/Sound/gunshots/shoot em up.wav
  artifactKey: Guid(a563ae1d754502347a8be277c5425f0f) Importer(2089858483,192608db42251d675da83286b1cce702)
Start importing Assets/Resources/Sound/gunshots/shoot em up.wav using Guid(a563ae1d754502347a8be277c5425f0f) Importer(2089858483,192608db42251d675da83286b1cce702) (ScriptedImporter) -> (artifact id: 'f31cf1db6b615e527c2662a3f59ddb4a') in 0.0743401 seconds
Number of updated asset objects reloaded before import = 0Number of asset objects unloaded after import = 1

========================================================================
Received Import Request.
  Time since last request: 0.000033 seconds.
  path: Assets/Resources/Sound/gunshots/machine_gun_shot.wav
  artifactKey: Guid(5325cb8f6bcfaac4d8d9cbaf260f0194) Importer(2089858483,192608db42251d675da83286b1cce702)
Start importing Assets/Resources/Sound/gunshots/machine_gun_shot.wav using Guid(5325cb8f6bcfaac4d8d9cbaf260f0194) Importer(2089858483,192608db42251d675da83286b1cce702) (ScriptedImporter) -> (artifact id: '370c07b4bb3c5db6890b255a709db02e') in 0.0416865 seconds
Number of updated asset objects reloaded before import = 0Number of asset objects unloaded after import = 1

========================================================================
Received Import Request.
  Time since last request: 0.000143 seconds.
  path: Assets/SciFiWarriorPBRHPPolyart/Textures/Polyart.png
  artifactKey: Guid(6f23319fc780cdc43a22d23a4136c778) Importer(2089858483,192608db42251d675da83286b1cce702)
Start importing Assets/SciFiWarriorPBRHPPolyart/Textures/Polyart.png using Guid(6f23319fc780cdc43a22d23a4136c778) Importer(2089858483,192608db42251d675da83286b1cce702) (ScriptedImporter) -> (artifact id: '28ef8ed739c3388ebfb25230cd91df43') in 0.0235484 seconds
Number of updated asset objects reloaded before import = 0Number of asset objects unloaded after import = 1

========================================================================
Received Import Request.
  Time since last request: 0.000017 seconds.
  path: Assets/Joystick Pack/Scripts/Editor/VariableJoystickEditor.cs
  artifactKey: Guid(58b5a2db95af76c4c9d4116a09ec3697) Importer(2089858483,192608db42251d675da83286b1cce702)
Start importing Assets/Joystick Pack/Scripts/Editor/VariableJoystickEditor.cs using Guid(58b5a2db95af76c4c9d4116a09ec3697) Importer(2089858483,192608db42251d675da83286b1cce702) (ScriptedImporter) -> (artifact id: 'ed179e16f8aefebbba5cb0d99f3fbfbf') in 0.0170282 seconds
Number of updated asset objects reloaded before import = 0Number of asset objects unloaded after import = 0

========================================================================
Received Import Request.
  Time since last request: 0.000110 seconds.
  path: Assets/Scripts/TPCFollowIndependentRotation.cs
  artifactKey: Guid(06f18975ef2cc974bb47df0ab7dd30b0) Importer(2089858483,192608db42251d675da83286b1cce702)
Start importing Assets/Scripts/TPCFollowIndependentRotation.cs using Guid(06f18975ef2cc974bb47df0ab7dd30b0) Importer(2089858483,192608db42251d675da83286b1cce702) (ScriptedImporter) -> (artifact id: 'cc1b3db1356ef2dbaef30cb38d70bab6') in 0.0147677 seconds
Number of updated asset objects reloaded before import = 0Number of asset objects unloaded after import = 0

========================================================================
Received Import Request.
  Time since last request: 0.000099 seconds.
  path: Assets/Resources/Sound/ambient/Load Theme 1.wav
  artifactKey: Guid(ee5ad16c29d0dad4797035faa64a655b) Importer(2089858483,192608db42251d675da83286b1cce702)
Start importing Assets/Resources/Sound/ambient/Load Theme 1.wav using Guid(ee5ad16c29d0dad4797035faa64a655b) Importer(2089858483,192608db42251d675da83286b1cce702) (ScriptedImporter) -> (artifact id: '25296c08e14708abf9c56a92f9a3f15f') in 0.3587558 seconds
Number of updated asset objects reloaded before import = 0Number of asset objects unloaded after import = 1

Editor requested this worker to shutdown with reason: Scaling down because of idle timeout
AssetImportWorker is now disconnected from the server
Process exiting
Exiting without the bug reporter. Application will terminate with return code 0