[Licensing::Module] Trying to connect to existing licensing client channel...
Built from '6000.2/staging' branch; Version is '6000.2.15f1 (0707b6d1e918) revision 460726'; Using compiler version '194234433'; Build Type 'Release'
[Licensing::IpcConnector] Successfully connected to: "LicenseClient-justi" at "2025-12-10T02:16:06.2115891Z"
OS: 'Windows 11  (10.0.26100) 64bit Core' Language: 'en' Physical Memory: 15741 MB
BatchMode: 1, IsHumanControllingUs: 0, StartBugReporterOnCrash: 0, Is64bit: 1
Date: 2025-12-10T02:16:06Z

COMMAND LINE ARGUMENTS:
C:\Program Files\Unity\Hub\Editor\6000.2.15f1\Editor\Unity.exe
-adb2
-batchMode
-noUpm
-name
AssetImportWorker5
-projectPath
C:/Users/justi/Documents/Github/temp1/Assignment1_UnityProject
-logFile
Logs/AssetImportWorker5.log
-srvPort
65512
-licensingIpc
LicenseClient-justi
-job-worker-count
7
-background-job-worker-count
8
-gc-helper-count
1
-name
AssetImport
Successfully changed project path to: C:/Users/justi/Documents/Github/temp1/Assignment1_UnityProject
C:/Users/justi/Documents/Github/temp1/Assignment1_UnityProject
[UnityMemory] Configuration Parameters - Can be set up in boot.config
    "memorysetup-allocator-temp-initial-block-size-main=262144"
    "memorysetup-allocator-temp-initial-block-size-worker=262144"
    "memorysetup-bucket-allocator-granularity=16"
    "memorysetup-bucket-allocator-bucket-count=8"
    "memorysetup-bucket-allocator-block-size=33554432"
    "memorysetup-bucket-allocator-block-count=8"
    "memorysetup-main-allocator-block-size=16777216"
    "memorysetup-thread-allocator-block-size=16777216"
    "memorysetup-gfx-main-allocator-block-size=16777216"
    "memorysetup-gfx-thread-allocator-block-size=16777216"
    "memorysetup-cache-allocator-block-size=4194304"
    "memorysetup-typetree-allocator-block-size=2097152"
    "memorysetup-profiler-bucket-allocator-granularity=16"
    "memorysetup-profiler-bucket-allocator-bucket-count=8"
    "memorysetup-profiler-bucket-allocator-block-size=33554432"
    "memorysetup-profiler-bucket-allocator-block-count=8"
    "memorysetup-profiler-allocator-block-size=16777216"
    "memorysetup-profiler-editor-allocator-block-size=1048576"
    "memorysetup-temp-allocator-size-main=16777216"
    "memorysetup-job-temp-allocator-block-size=2097152"
    "memorysetup-job-temp-allocator-block-size-background=1048576"
    "memorysetup-job-temp-allocator-reduction-small-platforms=262144"
    "memorysetup-temp-allocator-size-background-worker=32768"
    "memorysetup-temp-allocator-size-job-worker=262144"
    "memorysetup-temp-allocator-size-preload-manager=33554432"
    "memorysetup-temp-allocator-size-nav-mesh-worker=65536"
    "memorysetup-temp-allocator-size-audio-worker=65536"
    "memorysetup-temp-allocator-size-cloud-worker=32768"
    "memorysetup-temp-allocator-size-gi-baking-worker=262144"
    "memorysetup-temp-allocator-size-gi-baking-worker=262144"
    "memorysetup-temp-allocator-size-gi-baking-worker=262144"
    "memorysetup-temp-allocator-size-gi-baking-worker=262144"
    "memorysetup-temp-allocator-size-gi-baking-worker=262144"
    "memorysetup-temp-allocator-size-gfx=262144"
Player connection [7500]  Target information:

Player connection [7500]  * "[IP] 172.30.27.67 [Port] 0 [Flags] 2 [Guid] 3679743705 [EditorId] 3679743705 [Version] 1048832 [Id] WindowsEditor(7,LAPTOP-CDQEVCTH) [Debug] 1 [PackageName] WindowsEditor [ProjectName] Editor" 

Player connection [7500] Host joined multi-casting on [225.0.0.222:54997]...
Player connection [7500] Host joined alternative multi-casting on [225.0.0.222:34997]...
JobSystem: Creating JobQueue using job-worker-count value 7
Input System module state changed to: Initialized.
[Physics::Module] Initialized fallback backend.
[Physics::Module] Id: 0xdecafbad
Library Redirect Path: Library/
[Physics::Module] Selected backend.
[Physics::Module] Name: PhysX
[Physics::Module] Id: 0xf2b8ea05
[Physics::Module] SDK Version: 4.1.2
[Physics::Module] Integration Version: 1.0.0
[Physics::Module] Threading Mode: Multi-Threaded
Refreshing native plugins compatible for Editor in 1.08 ms, found 2 plugins.
Preloading 0 native plugins for Editor in 0.00 ms.
Initialize engine version: 6000.2.15f1 (0707b6d1e918)
[Subsystems] Discovering subsystems at path C:/Program Files/Unity/Hub/Editor/6000.2.15f1/Editor/Data/Resources/UnitySubsystems
[Subsystems] Discovering subsystems at path C:/Users/justi/Documents/Github/temp1/Assignment1_UnityProject/Assets
GfxDevice: creating device client; kGfxThreadingModeNonThreaded
Direct3D:
    Version:  Direct3D 11.0 [level 11.1]
    Renderer: NVIDIA GeForce GTX 1650 (ID=0x1f99)
    Vendor:   NVIDIA
    VRAM:     3937 MB
    Driver:   32.0.15.7688
Initialize mono
Mono path[0] = 'C:/Program Files/Unity/Hub/Editor/6000.2.15f1/Editor/Data/Managed'
Mono path[1] = 'C:/Program Files/Unity/Hub/Editor/6000.2.15f1/Editor/Data/MonoBleedingEdge/lib/mono/unityjit-win32'
Mono config path = 'C:/Program Files/Unity/Hub/Editor/6000.2.15f1/Editor/Data/MonoBleedingEdge/etc'
Using monoOptions --debugger-agent=transport=dt_socket,embedding=1,server=y,suspend=n,address=127.0.0.1:56836
Begin MonoManager ReloadAssembly
[Licensing::Client] Handshaking with LicensingClient:
  Version:                 1.17.4+4293ba1
  Session Id:              1b644aba2d3f4fa5adf2c82ccf58ab88
  Correlation Id:          8aadd9a91032026cb6f61fe0863cd397
  External correlation Id: 518117238554984349
  Machine Id:              ehbIGK4hacd9cr4nQhpLVIcffA0=
[Licensing::Module] Successfully connected to LicensingClient on channel: "LicenseClient-justi" (connect: 0.00s, validation: 0.00s, handshake: 1.22s)
[Licensing::IpcConnector] Successfully connected to: "LicenseClient-justi-notifications" at "2025-12-10T02:16:07.4336405Z"
[Licensing::Module] Licensing Background thread has ended after 1.22s

=================================================================
	Native Crash Reporting
=================================================================
Got a UNKNOWN while executing native code. This usually indicates
a fatal error in the mono runtime or one of the native libraries 
used by your application.
=================================================================

=================================================================
	Managed Stacktrace:
=================================================================
=================================================================
Crash!!!
SymInit: Symbol-SearchPath: 'C:/Program Files/Unity/Hub/Editor/6000.2.15f1/Editor/Data/Mono;.;C:\Users\justi\Documents\Github\temp1\Assignment1_UnityProject;C:\Users\justi\Documents\Github\temp1\Assignment1_UnityProject\Library\BurstCache\JIT;C:\Program Files\Unity\Hub\Editor\6000.2.15f1\Editor;C:\WINDOWS;C:\WINDOWS\system32;', symOptions: 534, UserName: 'justi'
OS-Version: 10.0.0
C:\Program Files\Unity\Hub\Editor\6000.2.15f1\Editor\Unity.exe:Unity.exe (00007FF626200000), size: 290816 (result: 0), SymType: '-deferred-', PDB: '', fileVersion: 6000.2.15.1974
C:\WINDOWS\SYSTEM32\ntdll.dll:ntdll.dll (00007FF913F60000), size: 2523136 (result: 0), SymType: '-deferred-', PDB: '', fileVersion: 10.0.26100.7019
C:\WINDOWS\System32\KERNEL32.DLL:KERNEL32.DLL (00007FF912570000), size: 823296 (result: 0), SymType: '-deferred-', PDB: '', fileVersion: 10.0.26100.7019
C:\WINDOWS\System32\KERNELBASE.dll:KERNELBASE.dll (00007FF911140000), size: 4161536 (result: 0), SymType: '-deferred-', PDB: '', fileVersion: 10.0.26100.7171
C:\WINDOWS\System32\USER32.dll:USER32.dll (00007FF913170000), size: 1863680 (result: 0), SymType: '-deferred-', PDB: '', fileVersion: 10.0.26100.7171
C:\WINDOWS\System32\win32u.dll:win32u.dll (00007FF911AA0000), size: 159744 (result: 0), SymType: '-deferred-', PDB: '', fileVersion: 10.0.26100.7171
C:\WINDOWS\System32\GDI32.dll:GDI32.dll (00007FF913C20000), size: 176128 (result: 0), SymType: '-deferred-', PDB: '', fileVersion: 10.0.26100.7019
C:\WINDOWS\System32\gdi32full.dll:gdi32full.dll (00007FF911820000), size: 1228800 (result: 0), SymType: '-deferred-', PDB: '', fileVersion: 10.0.26100.7019
C:\WINDOWS\System32\msvcp_win.dll:msvcp_win.dll (00007FF911770000), size: 667648 (result: 0), SymType: '-deferred-', PDB: '', fileVersion: 10.0.26100.7019
C:\WINDOWS\System32\ucrtbase.dll:ucrtbase.dll (00007FF911950000), size: 1355776 (result: 0), SymType: '-deferred-', PDB: '', fileVersion: 10.0.26100.7019
C:\WINDOWS\System32\IMM32.DLL:IMM32.DLL (00007FF911D00000), size: 200704 (result: 0), SymType: '-deferred-', PDB: '', fileVersion: 10.0.26100.7019
C:\Program Files\Unity\Hub\Editor\6000.2.15f1\Editor\Unity.dll:Unity.dll (00007FF84E2F0000), size: 87822336 (result: 0), SymType: '-deferred-', PDB: '', fileVersion: 6000.2.15.1974
C:\WINDOWS\System32\CRYPT32.dll:CRYPT32.dll (00007FF9115F0000), size: 1536000 (result: 0), SymType: '-deferred-', PDB: '', fileVersion: 10.0.26100.7019
C:\WINDOWS\System32\ADVAPI32.dll:ADVAPI32.dll (00007FF913DE0000), size: 737280 (result: 0), SymType: '-deferred-', PDB: '', fileVersion: 10.0.26100.7019
C:\WINDOWS\System32\msvcrt.dll:msvcrt.dll (00007FF912E20000), size: 692224 (result: 0), SymType: '-deferred-', PDB: '', fileVersion: 7.0.26100.7019
C:\Program Files\Unity\Hub\Editor\6000.2.15f1\Editor\libfbxsdk.dll:libfbxsdk.dll (00007FF862340000), size: 8019968 (result: 0), SymType: '-deferred-', PDB: '', fileVersion: 2020.3.7.0
C:\WINDOWS\System32\sechost.dll:sechost.dll (00007FF912ED0000), size: 679936 (result: 0), SymType: '-deferred-', PDB: '', fileVersion: 10.0.26100.7019
C:\Program Files\Unity\Hub\Editor\6000.2.15f1\Editor\s3tcompress.dll:s3tcompress.dll (00007FF8EC6D0000), size: 180224 (result: 0), SymType: '-deferred-', PDB: ''
C:\Program Files\Unity\Hub\Editor\6000.2.15f1\Editor\etccompress.dll:etccompress.dll (00007FF8615C0000), size: 5070848 (result: 0), SymType: '-deferred-', PDB: ''
C:\WINDOWS\System32\RPCRT4.dll:RPCRT4.dll (00007FF913B00000), size: 1146880 (result: 0), SymType: '-deferred-', PDB: '', fileVersion: 10.0.26100.7019
C:\Program Files\Unity\Hub\Editor\6000.2.15f1\Editor\ispc_texcomp.dll:ispc_texcomp.dll (00007FF8E9750000), size: 1826816 (result: 0), SymType: '-deferred-', PDB: ''
C:\Program Files\Unity\Hub\Editor\6000.2.15f1\Editor\compress_bc7e.dll:compress_bc7e.dll (00007FF8677A0000), size: 1433600 (result: 0), SymType: '-deferred-', PDB: ''
C:\Program Files\Unity\Hub\Editor\6000.2.15f1\Editor\FreeImage.dll:FreeImage.dll (0000000180000000), size: 5783552 (result: 0), SymType: '-deferred-', PDB: '', fileVersion: 3.18.0.0
C:\WINDOWS\System32\WS2_32.dll:WS2_32.dll (00007FF912F80000), size: 475136 (result: 0), SymType: '-deferred-', PDB: '', fileVersion: 10.0.26100.7019
C:\Program Files\Unity\Hub\Editor\6000.2.15f1\Editor\WinPixEventRuntime.dll:WinPixEventRuntime.dll (00007FF90A9D0000), size: 57344 (result: 0), SymType: '-deferred-', PDB: '', fileVersion: 1.0.2403.8001
C:\Program Files\Unity\Hub\Editor\6000.2.15f1\Editor\umbraoptimizer64.dll:umbraoptimizer64.dll (00007FF8E9620000), size: 1187840 (result: 0), SymType: '-deferred-', PDB: ''
C:\WINDOWS\System32\ole32.dll:ole32.dll (00007FF913430000), size: 1667072 (result: 0), SymType: '-deferred-', PDB: '', fileVersion: 10.0.26100.7019
C:\WINDOWS\System32\combase.dll:combase.dll (00007FF913600000), size: 3715072 (result: 0), SymType: '-deferred-', PDB: '', fileVersion: 10.0.26100.7019
C:\WINDOWS\SYSTEM32\VCRUNTIME140.dll:VCRUNTIME140.dll (00007FF8F57A0000), size: 122880 (result: 0), SymType: '-deferred-', PDB: '', fileVersion: 14.42.34433.0
C:\WINDOWS\SYSTEM32\MSVCP140.dll:MSVCP140.dll (00007FF8F5710000), size: 577536 (result: 0), SymType: '-deferred-', PDB: '', fileVersion: 14.42.34433.0
C:\WINDOWS\System32\SETUPAPI.dll:SETUPAPI.dll (00007FF912020000), size: 4759552 (result: 0), SymType: '-deferred-', PDB: '', fileVersion: 10.0.26100.7019
C:\WINDOWS\SYSTEM32\VCRUNTIME140_1.dll:VCRUNTIME140_1.dll (00007FF8F5A10000), size: 49152 (result: 0), SymType: '-deferred-', PDB: '', fileVersion: 14.42.34433.0
C:\WINDOWS\System32\SHELL32.dll:SHELL32.dll (00007FF9126C0000), size: 7663616 (result: 0), SymType: '-deferred-', PDB: '', fileVersion: 10.0.26100.7171
C:\WINDOWS\WinSxS\amd64_microsoft.windows.common-controls_6595b64144ccf1df_6.0.26100.7019_none_3e06ffa0e335b8a8\COMCTL32.dll:COMCTL32.dll (00007FF8F9A70000), size: 2703360 (result: 0), SymType: '-deferred-', PDB: '', fileVersion: 6.10.26100.7019
C:\WINDOWS\System32\wintypes.dll:wintypes.dll (00007FF911B90000), size: 1486848 (result: 0), SymType: '-deferred-', PDB: '', fileVersion: 10.0.26100.7019
C:\WINDOWS\SYSTEM32\bcrypt.dll:bcrypt.dll (00007FF910FA0000), size: 172032 (result: 0), SymType: '-deferred-', PDB: '', fileVersion: 10.0.26100.7019
C:\WINDOWS\SYSTEM32\d3d11.dll:d3d11.dll (00007FF90D0C0000), size: 2498560 (result: 0), SymType: '-deferred-', PDB: '', fileVersion: 10.0.26100.7019
C:\WINDOWS\System32\SHLWAPI.dll:SHLWAPI.dll (00007FF913EA0000), size: 421888 (result: 0), SymType: '-deferred-', PDB: '', fileVersion: 10.0.26100.7019
C:\WINDOWS\SYSTEM32\d3d12.dll:d3d12.dll (00007FF8EF160000), size: 143360 (result: 0), SymType: '-deferred-', PDB: '', fileVersion: 10.0.26100.7019
C:\WINDOWS\SYSTEM32\dwmapi.dll:dwmapi.dll (00007FF90E2A0000), size: 196608 (result: 0), SymType: '-deferred-', PDB: '', fileVersion: 10.0.26100.7019
C:\WINDOWS\SYSTEM32\dxgi.dll:dxgi.dll (00007FF90E140000), size: 1282048 (result: 0), SymType: '-deferred-', PDB: '', fileVersion: 10.0.26100.7019
C:\WINDOWS\SYSTEM32\HID.DLL:HID.DLL (00007FF90F570000), size: 61440 (result: 0), SymType: '-deferred-', PDB: '', fileVersion: 10.0.26100.1150
C:\WINDOWS\System32\OLEAUT32.dll:OLEAUT32.dll (00007FF913090000), size: 880640 (result: 0), SymType: '-deferred-', PDB: '', fileVersion: 10.0.26100.7019
C:\WINDOWS\SYSTEM32\IPHLPAPI.DLL:IPHLPAPI.DLL (00007FF90F880000), size: 212992 (result: 0), SymType: '-deferred-', PDB: '', fileVersion: 10.0.26100.7019
C:\WINDOWS\System32\WINTRUST.dll:WINTRUST.dll (00007FF9110B0000), size: 520192 (result: 0), SymType: '-deferred-', PDB: '', fileVersion: 10.0.26100.7019
C:\WINDOWS\SYSTEM32\OPENGL32.dll:OPENGL32.dll (00007FF867900000), size: 1097728 (result: 0), SymType: '-deferred-', PDB: '', fileVersion: 10.0.26100.7019
C:\WINDOWS\SYSTEM32\GLU32.dll:GLU32.dll (00007FF8EC6A0000), size: 184320 (result: 0), SymType: '-deferred-', PDB: '', fileVersion: 10.0.26100.1150
C:\WINDOWS\SYSTEM32\WINHTTP.dll:WINHTTP.dll (00007FF908E10000), size: 1212416 (result: 0), SymType: '-deferred-', PDB: '', fileVersion: 10.0.26100.7019
C:\WINDOWS\SYSTEM32\WINMM.dll:WINMM.dll (00007FF908600000), size: 217088 (result: 0), SymType: '-deferred-', PDB: '', fileVersion: 10.0.26100.7019
C:\Program Files\Unity\Hub\Editor\6000.2.15f1\Editor\SketchUpAPI.dll:SketchUpAPI.dll (00007FF861AA0000), size: 8990720 (result: 0), SymType: '-deferred-', PDB: '', fileVersion: 23.0.0.0
C:\Program Files\Unity\Hub\Editor\6000.2.15f1\Editor\NativeProxyHelper.dll:NativeProxyHelper.dll (00007FF862E10000), size: 1789952 (result: 0), SymType: '-deferred-', PDB: ''
C:\WINDOWS\SYSTEM32\VERSION.dll:VERSION.dll (00007FF909DC0000), size: 45056 (result: 0), SymType: '-deferred-', PDB: '', fileVersion: 10.0.26100.1150
C:\WINDOWS\SYSTEM32\powrprof.dll:powrprof.dll (00007FF910F10000), size: 385024 (result: 0), SymType: '-deferred-', PDB: '', fileVersion: 10.0.26100.3912
C:\WINDOWS\SYSTEM32\WSOCK32.dll:WSOCK32.dll (00007FF8F7970000), size: 40960 (result: 0), SymType: '-deferred-', PDB: '', fileVersion: 10.0.26100.1
C:\Program Files\Unity\Hub\Editor\6000.2.15f1\Editor\SketchUpCommonPreferences.dll:SketchUpCommonPreferences.dll (00007FF88E9B0000), size: 499712 (result: 0), SymType: '-deferred-', PDB: '', fileVersion: 23.0.0.0
C:\WINDOWS\SYSTEM32\Secur32.dll:Secur32.dll (00007FF90DF10000), size: 53248 (result: 0), SymType: '-deferred-', PDB: '', fileVersion: 10.0.26100.1
C:\WINDOWS\SYSTEM32\dxcore.dll:dxcore.dll (00007FF90E0F0000), size: 274432 (result: 0), SymType: '-deferred-', PDB: '', fileVersion: 10.0.26100.7019
C:\WINDOWS\SYSTEM32\SSPICLI.DLL:SSPICLI.DLL (00007FF910110000), size: 299008 (result: 0), SymType: '-deferred-', PDB: '', fileVersion: 10.0.26100.7019
C:\Program Files\Unity\Hub\Editor\6000.2.15f1\Editor\OpenRL.dll:OpenRL.dll (0000016028C80000), size: 12779520 (result: 0), SymType: '-deferred-', PDB: '', fileVersion: 1.5.0.2907
C:\WINDOWS\SYSTEM32\MSVCP100.dll:MSVCP100.dll (0000000069AB0000), size: 622592 (result: 0), SymType: '-deferred-', PDB: '', fileVersion: 10.0.40219.325
C:\Program Files\Unity\Hub\Editor\6000.2.15f1\Editor\embree.dll:embree.dll (00007FF85E7A0000), size: 16711680 (result: 0), SymType: '-deferred-', PDB: '', fileVersion: 2.14.0.0
C:\WINDOWS\SYSTEM32\MSVCR100.dll:MSVCR100.dll (00000000699D0000), size: 860160 (result: 0), SymType: '-deferred-', PDB: '', fileVersion: 10.0.40219.325
C:\WINDOWS\SYSTEM32\cfgmgr32.DLL:cfgmgr32.DLL (00007FF910C30000), size: 356352 (result: 0), SymType: '-deferred-', PDB: '', fileVersion: 10.0.26100.7019
C:\Program Files\Unity\Hub\Editor\6000.2.15f1\Editor\tbb.dll:tbb.dll (00007FF88E960000), size: 303104 (result: 0), SymType: '-deferred-', PDB: '', fileVersion: 2020.3.2022.1111
C:\WINDOWS\SYSTEM32\MSWSOCK.DLL:MSWSOCK.DLL (00007FF9103E0000), size: 438272 (result: 0), SymType: '-deferred-', PDB: '', fileVersion: 10.0.26100.7019
C:\Program Files\Unity\Hub\Editor\6000.2.15f1\Editor\OpenRL_pthread.dll:OpenRL_pthread.dll (00000160298D0000), size: 61440 (result: 0), SymType: '-deferred-', PDB: '', fileVersion: 2.9.0.0
C:\WINDOWS\SYSTEM32\UMPDC.dll:UMPDC.dll (00007FF910EF0000), size: 81920 (result: 0), SymType: '-deferred-', PDB: '', fileVersion: 10.0.26100.7019
C:\WINDOWS\SYSTEM32\MSASN1.dll:MSASN1.dll (00007FF910710000), size: 77824 (result: 0), SymType: '-deferred-', PDB: '', fileVersion: 10.0.26100.7019
C:\WINDOWS\System32\bcryptprimitives.dll:bcryptprimitives.dll (00007FF911540000), size: 675840 (result: 0), SymType: '-deferred-', PDB: '', fileVersion: 10.0.26100.7019
C:\WINDOWS\SYSTEM32\kernel.appcore.dll:kernel.appcore.dll (00007FF90FE70000), size: 110592 (result: 0), SymType: '-deferred-', PDB: '', fileVersion: 10.0.26100.7019
C:\WINDOWS\system32\uxtheme.dll:uxtheme.dll (00007FF90DDF0000), size: 696320 (result: 0), SymType: '-deferred-', PDB: '', fileVersion: 10.0.26100.7019
C:\WINDOWS\SYSTEM32\windows.storage.dll:windows.storage.dll (00007FF90ED10000), size: 8769536 (result: 0), SymType: '-deferred-', PDB: '', fileVersion: 10.0.26100.7171
C:\WINDOWS\System32\SHCORE.dll:SHCORE.dll (00007FF911F20000), size: 991232 (result: 0), SymType: '-deferred-', PDB: '', fileVersion: 10.0.26100.7171
C:\WINDOWS\SYSTEM32\profapi.dll:profapi.dll (00007FF910FD0000), size: 167936 (result: 0), SymType: '-deferred-', PDB: '', fileVersion: 10.0.26100.7019
C:\WINDOWS\SYSTEM32\CRYPTSP.dll:CRYPTSP.dll (00007FF9106A0000), size: 110592 (result: 0), SymType: '-deferred-', PDB: '', fileVersion: 10.0.26100.7019
C:\WINDOWS\system32\rsaenh.dll:rsaenh.dll (00007FF90FDD0000), size: 237568 (result: 0), SymType: '-deferred-', PDB: '', fileVersion: 10.0.26100.7019
C:\WINDOWS\system32\IconCodecService.dll:IconCodecService.dll (00007FF8D5510000), size: 45056 (result: 0), SymType: '-deferred-', PDB: '', fileVersion: 10.0.26100.1
C:\WINDOWS\SYSTEM32\CRYPTBASE.dll:CRYPTBASE.dll (00007FF9106C0000), size: 49152 (result: 0), SymType: '-deferred-', PDB: '', fileVersion: 10.0.26100.7019
C:\WINDOWS\SYSTEM32\WindowsCodecs.dll:WindowsCodecs.dll (00007FF90C080000), size: 2293760 (result: 0), SymType: '-deferred-', PDB: '', fileVersion: 10.0.26100.7019
C:\WINDOWS\System32\imagehlp.dll:imagehlp.dll (00007FF913C50000), size: 131072 (result: 0), SymType: '-deferred-', PDB: '', fileVersion: 10.0.26100.4202
C:\WINDOWS\System32\clbcatq.dll:clbcatq.dll (00007FF9124B0000), size: 720896 (result: 0), SymType: '-deferred-', PDB: '', fileVersion: 2001.12.10941.16384
C:\WINDOWS\System32\netprofm.dll:netprofm.dll (00007FF90AD20000), size: 450560 (result: 0), SymType: '-deferred-', PDB: '', fileVersion: 10.0.26100.7019
C:\WINDOWS\System32\NSI.dll:NSI.dll (00007FF913D80000), size: 40960 (result: 0), SymType: '-deferred-', PDB: '', fileVersion: 10.0.26100.7019
C:\WINDOWS\SYSTEM32\dhcpcsvc6.DLL:dhcpcsvc6.DLL (00007FF908D90000), size: 122880 (result: 0), SymType: '-deferred-', PDB: '', fileVersion: 10.0.26100.7171
C:\WINDOWS\SYSTEM32\dhcpcsvc.DLL:dhcpcsvc.DLL (00007FF908B70000), size: 143360 (result: 0), SymType: '-deferred-', PDB: '', fileVersion: 10.0.26100.7171
C:\WINDOWS\SYSTEM32\DNSAPI.dll:DNSAPI.dll (00007FF90F970000), size: 1228800 (result: 0), SymType: '-deferred-', PDB: '', fileVersion: 10.0.26100.7019
C:\WINDOWS\system32\napinsp.dll:napinsp.dll (00007FF8DF260000), size: 98304 (result: 0), SymType: '-deferred-', PDB: '', fileVersion: 10.0.26100.1150
C:\WINDOWS\System32\npmproxy.dll:npmproxy.dll (00007FF906A10000), size: 102400 (result: 0), SymType: '-deferred-', PDB: '', fileVersion: 10.0.26100.1150
C:\WINDOWS\System32\winrnr.dll:winrnr.dll (00007FF8DF240000), size: 73728 (result: 0), SymType: '-deferred-', PDB: '', fileVersion: 10.0.26100.1882
C:\WINDOWS\system32\nlansp_c.dll:nlansp_c.dll (00007FF8DDCF0000), size: 139264 (result: 0), SymType: '-deferred-', PDB: '', fileVersion: 10.0.26100.7019
C:\WINDOWS\system32\wshbth.dll:wshbth.dll (00007FF9092F0000), size: 90112 (result: 0), SymType: '-deferred-', PDB: '', fileVersion: 10.0.26100.5074
C:\WINDOWS\System32\fwpuclnt.dll:fwpuclnt.dll (00007FF906A80000), size: 548864 (result: 0), SymType: '-deferred-', PDB: '', fileVersion: 10.0.26100.7019
C:\Windows\System32\rasadhlp.dll:rasadhlp.dll (00007FF90A110000), size: 45056 (result: 0), SymType: '-deferred-', PDB: '', fileVersion: 10.0.26100.7171
C:\WINDOWS\SYSTEM32\gpapi.dll:gpapi.dll (00007FF910450000), size: 204800 (result: 0), SymType: '-deferred-', PDB: '', fileVersion: 10.0.26100.7019
C:\Program Files\Unity\Hub\Editor\6000.2.15f1\Editor\AMDUnityPlugin.DLL:AMDUnityPlugin.DLL (00007FF860D50000), size: 8843264 (result: 0), SymType: '-deferred-', PDB: ''
C:\Program Files\Unity\Hub\Editor\6000.2.15f1\Editor\NVUnityPlugin.DLL:NVUnityPlugin.DLL (00007FF860090000), size: 1605632 (result: 0), SymType: '-deferred-', PDB: ''
C:\Windows\System32\cryptnet.dll:cryptnet.dll (00007FF905AE0000), size: 241664 (result: 0), SymType: '-deferred-', PDB: '', fileVersion: 10.0.26100.7019
C:\WINDOWS\SYSTEM32\WINNSI.DLL:WINNSI.DLL (00007FF90E050000), size: 61440 (result: 0), SymType: '-deferred-', PDB: '', fileVersion: 10.0.26100.7019
C:\Program Files\Unity\Hub\Editor\6000.2.15f1\Editor\Data\Tools\astcenc-avx2.dll:astcenc-avx2.dll (00007FF88E0C0000), size: 352256 (result: 0), SymType: '-deferred-', PDB: ''
C:\WINDOWS\System32\MMDevApi.dll:MMDevApi.dll (00007FF908F40000), size: 618496 (result: 0), SymType: '-deferred-', PDB: '', fileVersion: 10.0.26100.7019
C:\WINDOWS\System32\DEVOBJ.dll:DEVOBJ.dll (00007FF910C00000), size: 184320 (result: 0), SymType: '-deferred-', PDB: '', fileVersion: 10.0.26100.1150
C:\WINDOWS\SYSTEM32\directxdatabasehelper.dll:directxdatabasehelper.dll (00007FF909D50000), size: 405504 (result: 0), SymType: '-deferred-', PDB: '', fileVersion: 10.0.26100.7019
C:\WINDOWS\System32\DriverStore\FileRepository\nvlti.inf_amd64_f5bcd602be9d048d\nvldumdx.dll:nvldumdx.dll (00007FF8676D0000), size: 794624 (result: 0), SymType: '-deferred-', PDB: '', fileVersion: 32.0.15.7688
C:\WINDOWS\SYSTEM32\wldp.dll:wldp.dll (00007FF910780000), size: 413696 (result: 0), SymType: '-deferred-', PDB: '', fileVersion: 10.0.26100.7019
C:\WINDOWS\SYSTEM32\drvstore.dll:drvstore.dll (00007FF905960000), size: 1552384 (result: 0), SymType: '-deferred-', PDB: '', fileVersion: 10.0.26100.7019
C:\WINDOWS\System32\DriverStore\FileRepository\nvlti.inf_amd64_f5bcd602be9d048d\nvgpucomp64.dll:nvgpucomp64.dll (00007FF8536C0000), size: 61550592 (result: 0), SymType: '-deferred-', PDB: '', fileVersion: 32.0.15.7688
C:\WINDOWS\System32\DriverStore\FileRepository\nvlti.inf_amd64_f5bcd602be9d048d\Display.NvContainer\NvMessageBus.dll:NvMessageBus.dll (00007FF8FF460000), size: 3551232 (result: 0), SymType: '-deferred-', PDB: '', fileVersion: 3.15.3538.9611
C:\WINDOWS\System32\DriverStore\FileRepository\nvlti.inf_amd64_f5bcd602be9d048d\NvMemMapStoragex.dll:NvMemMapStoragex.dll (00007FF85FC50000), size: 905216 (result: 0), SymType: '-deferred-', PDB: ''
C:\WINDOWS\System32\DriverStore\FileRepository\nvlti.inf_amd64_f5bcd602be9d048d\nvwgf2umx.dll:nvwgf2umx.dll (00007FF848E30000), size: 88834048 (result: 0), SymType: '-deferred-', PDB: '', fileVersion: 32.0.15.7688
C:\WINDOWS\system32\nvspcap64.dll:nvspcap64.dll (00007FF85F930000), size: 3227648 (result: 0), SymType: '-deferred-', PDB: '', fileVersion: 11.0.4.159
C:\WINDOWS\SYSTEM32\ntmarta.dll:ntmarta.dll (00007FF90FF90000), size: 221184 (result: 0), SymType: '-deferred-', PDB: '', fileVersion: 10.0.26100.7019
C:\WINDOWS\System32\DriverStore\FileRepository\nvlti.inf_amd64_f5bcd602be9d048d\nvppex.dll:nvppex.dll (00007FF88D990000), size: 1785856 (result: 0), SymType: '-deferred-', PDB: '', fileVersion: 32.0.15.7688
C:\WINDOWS\SYSTEM32\opencl.dll:opencl.dll (00007FF88E040000), size: 483328 (result: 0), SymType: '-deferred-', PDB: '', fileVersion: 3.0.6.0
C:\Program Files\Unity\Hub\Editor\6000.2.15f1\Editor\radeonrays.dll:radeonrays.dll (00007FF8771E0000), size: 344064 (result: 0), SymType: '-deferred-', PDB: ''
C:\Program Files\Unity\Hub\Editor\6000.2.15f1\Editor\Data\MonoBleedingEdge\EmbedRuntime\mono-2.0-bdwgc.dll:mono-2.0-bdwgc.dll (00007FF85DD50000), size: 10760192 (result: 0), SymType: '-deferred-', PDB: ''
C:\WINDOWS\SYSTEM32\dbghelp.dll:dbghelp.dll (00007FF90E910000), size: 2367488 (result: 0), SymType: '-deferred-', PDB: '', fileVersion: 10.0.26100.5074

========== OUTPUTTING STACK TRACE ==================

SymInit: Symbol-SearchPath: 'C:/Program Files/Unity/Hub/Editor/6000.2.15f1/Editor/Data/Mono;.;C:\Users\justi\Documents\Github\temp1\Assignment1_UnityProject;C:\Users\justi\Documents\Github\temp1\Assignment1_UnityProject\Library\BurstCache\JIT;C:\Program Files\Unity\Hub\Editor\6000.2.15f1\Editor;C:\WINDOWS;C:\WINDOWS\system32;', symOptions: 534, UserName: 'justi'
OS-Version: 10.0.0
C:\Program Files\Unity\Hub\Editor\6000.2.15f1\Editor\Unity.exe:Unity.exe (00007FF626200000), size: 290816 (result: 0), SymType: 'PDB', PDB: 'C:\Program Files\Unity\Hub\Editor\6000.2.15f1\Editor\Unity_exe_x64.pdb', fileVersion: 6000.2.15.1974
C:\WINDOWS\SYSTEM32\ntdll.dll:ntdll.dll (00007FF913F60000), size: 2523136 (result: 0), SymType: '-exported-', PDB: 'C:\WINDOWS\SYSTEM32\ntdll.dll', fileVersion: 10.0.26100.7019
C:\WINDOWS\System32\KERNEL32.DLL:KERNEL32.DLL (00007FF912570000), size: 823296 (result: 0), SymType: '-exported-', PDB: 'C:\WINDOWS\System32\KERNEL32.DLL', fileVersion: 10.0.26100.7019
C:\WINDOWS\System32\KERNELBASE.dll:KERNELBASE.dll (00007FF911140000), size: 4161536 (result: 0), SymType: '-exported-', PDB: 'C:\WINDOWS\System32\KERNELBASE.dll', fileVersion: 10.0.26100.7171
C:\WINDOWS\System32\USER32.dll:USER32.dll (00007FF913170000), size: 1863680 (result: 0), SymType: '-exported-', PDB: 'C:\WINDOWS\System32\USER32.dll', fileVersion: 10.0.26100.7171
C:\WINDOWS\System32\win32u.dll:win32u.dll (00007FF911AA0000), size: 159744 (result: 0), SymType: '-exported-', PDB: 'C:\WINDOWS\System32\win32u.dll', fileVersion: 10.0.26100.7171
C:\WINDOWS\System32\GDI32.dll:GDI32.dll (00007FF913C20000), size: 176128 (result: 0), SymType: '-exported-', PDB: 'C:\WINDOWS\System32\GDI32.dll', fileVersion: 10.0.26100.7019
C:\WINDOWS\System32\gdi32full.dll:gdi32full.dll (00007FF911820000), size: 1228800 (result: 0), SymType: '-exported-', PDB: 'C:\WINDOWS\System32\gdi32full.dll', fileVersion: 10.0.26100.7019
C:\WINDOWS\System32\msvcp_win.dll:msvcp_win.dll (00007FF911770000), size: 667648 (result: 0), SymType: '-exported-', PDB: 'C:\WINDOWS\System32\msvcp_win.dll', fileVersion: 10.0.26100.7019
C:\WINDOWS\System32\ucrtbase.dll:ucrtbase.dll (00007FF911950000), size: 1355776 (result: 0), SymType: '-exported-', PDB: 'C:\WINDOWS\System32\ucrtbase.dll', fileVersion: 10.0.26100.7019
C:\WINDOWS\System32\IMM32.DLL:IMM32.DLL (00007FF911D00000), size: 200704 (result: 0), SymType: '-exported-', PDB: 'C:\WINDOWS\System32\IMM32.DLL', fileVersion: 10.0.26100.7019
C:\Program Files\Unity\Hub\Editor\6000.2.15f1\Editor\Unity.dll:Unity.dll (00007FF84E2F0000), size: 87822336 (result: 0), SymType: 'PDB', PDB: 'C:\Program Files\Unity\Hub\Editor\6000.2.15f1\Editor\Unity_x64.pdb', fileVersion: 6000.2.15.1974
C:\WINDOWS\System32\CRYPT32.dll:CRYPT32.dll (00007FF9115F0000), size: 1536000 (result: 0), SymType: '-exported-', PDB: 'C:\WINDOWS\System32\CRYPT32.dll', fileVersion: 10.0.26100.7019
C:\WINDOWS\System32\ADVAPI32.dll:ADVAPI32.dll (00007FF913DE0000), size: 737280 (result: 0), SymType: '-exported-', PDB: 'C:\WINDOWS\System32\ADVAPI32.dll', fileVersion: 10.0.26100.7019
C:\WINDOWS\System32\msvcrt.dll:msvcrt.dll (00007FF912E20000), size: 692224 (result: 0), SymType: '-exported-', PDB: 'C:\WINDOWS\System32\msvcrt.dll', fileVersion: 7.0.26100.7019
C:\Program Files\Unity\Hub\Editor\6000.2.15f1\Editor\libfbxsdk.dll:libfbxsdk.dll (00007FF862340000), size: 8019968 (result: 0), SymType: '-exported-', PDB: 'C:\Program Files\Unity\Hub\Editor\6000.2.15f1\Editor\libfbxsdk.dll', fileVersion: 2020.3.7.0
C:\WINDOWS\System32\sechost.dll:sechost.dll (00007FF912ED0000), size: 679936 (result: 0), SymType: '-exported-', PDB: 'C:\WINDOWS\System32\sechost.dll', fileVersion: 10.0.26100.7019
C:\Program Files\Unity\Hub\Editor\6000.2.15f1\Editor\s3tcompress.dll:s3tcompress.dll (00007FF8EC6D0000), size: 180224 (result: 0), SymType: '-exported-', PDB: 'C:\Program Files\Unity\Hub\Editor\6000.2.15f1\Editor\s3tcompress.dll'
C:\Program Files\Unity\Hub\Editor\6000.2.15f1\Editor\etccompress.dll:etccompress.dll (00007FF8615C0000), size: 5070848 (result: 0), SymType: '-exported-', PDB: 'C:\Program Files\Unity\Hub\Editor\6000.2.15f1\Editor\etccompress.dll'
C:\WINDOWS\System32\RPCRT4.dll:RPCRT4.dll (00007FF913B00000), size: 1146880 (result: 0), SymType: '-exported-', PDB: 'C:\WINDOWS\System32\RPCRT4.dll', fileVersion: 10.0.26100.7019
C:\Program Files\Unity\Hub\Editor\6000.2.15f1\Editor\ispc_texcomp.dll:ispc_texcomp.dll (00007FF8E9750000), size: 1826816 (result: 0), SymType: '-exported-', PDB: 'C:\Program Files\Unity\Hub\Editor\6000.2.15f1\Editor\ispc_texcomp.dll'
C:\Program Files\Unity\Hub\Editor\6000.2.15f1\Editor\compress_bc7e.dll:compress_bc7e.dll (00007FF8677A0000), size: 1433600 (result: 0), SymType: '-exported-', PDB: 'C:\Program Files\Unity\Hub\Editor\6000.2.15f1\Editor\compress_bc7e.dll'
C:\Program Files\Unity\Hub\Editor\6000.2.15f1\Editor\FreeImage.dll:FreeImage.dll (0000000180000000), size: 5783552 (result: 0), SymType: '-exported-', PDB: 'C:\Program Files\Unity\Hub\Editor\6000.2.15f1\Editor\FreeImage.dll', fileVersion: 3.18.0.0
C:\WINDOWS\System32\WS2_32.dll:WS2_32.dll (00007FF912F80000), size: 475136 (result: 0), SymType: '-exported-', PDB: 'C:\WINDOWS\System32\WS2_32.dll', fileVersion: 10.0.26100.7019
C:\Program Files\Unity\Hub\Editor\6000.2.15f1\Editor\WinPixEventRuntime.dll:WinPixEventRuntime.dll (00007FF90A9D0000), size: 57344 (result: 0), SymType: '-exported-', PDB: 'C:\Program Files\Unity\Hub\Editor\6000.2.15f1\Editor\WinPixEventRuntime.dll', fileVersion: 1.0.2403.8001
C:\Program Files\Unity\Hub\Editor\6000.2.15f1\Editor\umbraoptimizer64.dll:umbraoptimizer64.dll (00007FF8E9620000), size: 1187840 (result: 0), SymType: '-exported-', PDB: 'C:\Program Files\Unity\Hub\Editor\6000.2.15f1\Editor\umbraoptimizer64.dll'
C:\WINDOWS\System32\ole32.dll:ole32.dll (00007FF913430000), size: 1667072 (result: 0), SymType: '-exported-', PDB: 'C:\WINDOWS\System32\ole32.dll', fileVersion: 10.0.26100.7019
C:\WINDOWS\System32\combase.dll:combase.dll (00007FF913600000), size: 3715072 (result: 0), SymType: '-exported-', PDB: 'C:\WINDOWS\System32\combase.dll', fileVersion: 10.0.26100.7019
C:\WINDOWS\SYSTEM32\VCRUNTIME140.dll:VCRUNTIME140.dll (00007FF8F57A0000), size: 122880 (result: 0), SymType: '-exported-', PDB: 'C:\WINDOWS\SYSTEM32\VCRUNTIME140.dll', fileVersion: 14.42.34433.0
C:\WINDOWS\SYSTEM32\MSVCP140.dll:MSVCP140.dll (00007FF8F5710000), size: 577536 (result: 0), SymType: '-exported-', PDB: 'C:\WINDOWS\SYSTEM32\MSVCP140.dll', fileVersion: 14.42.34433.0
C:\WINDOWS\System32\SETUPAPI.dll:SETUPAPI.dll (00007FF912020000), size: 4759552 (result: 0), SymType: '-exported-', PDB: 'C:\WINDOWS\System32\SETUPAPI.dll', fileVersion: 10.0.26100.7019
C:\WINDOWS\SYSTEM32\VCRUNTIME140_1.dll:VCRUNTIME140_1.dll (00007FF8F5A10000), size: 49152 (result: 0), SymType: '-exported-', PDB: 'C:\WINDOWS\SYSTEM32\VCRUNTIME140_1.dll', fileVersion: 14.42.34433.0
C:\WINDOWS\System32\SHELL32.dll:SHELL32.dll (00007FF9126C0000), size: 7663616 (result: 0), SymType: '-exported-', PDB: 'C:\WINDOWS\System32\SHELL32.dll', fileVersion: 10.0.26100.7171
C:\WINDOWS\WinSxS\amd64_microsoft.windows.common-controls_6595b64144ccf1df_6.0.26100.7019_none_3e06ffa0e335b8a8\COMCTL32.dll:COMCTL32.dll (00007FF8F9A70000), size: 2703360 (result: 0), SymType: '-exported-', PDB: 'C:\WINDOWS\WinSxS\amd64_microsoft.windows.common-controls_6595b64144ccf1df_6.0.26100.7019_none_3e06ffa0e335b8a8\COMCTL32.dll', fileVersion: 6.10.26100.7019
C:\WINDOWS\System32\wintypes.dll:wintypes.dll (00007FF911B90000), size: 1486848 (result: 0), SymType: '-exported-', PDB: 'C:\WINDOWS\System32\wintypes.dll', fileVersion: 10.0.26100.7019
C:\WINDOWS\SYSTEM32\bcrypt.dll:bcrypt.dll (00007FF910FA0000), size: 172032 (result: 0), SymType: '-exported-', PDB: 'C:\WINDOWS\SYSTEM32\bcrypt.dll', fileVersion: 10.0.26100.7019
C:\WINDOWS\SYSTEM32\d3d11.dll:d3d11.dll (00007FF90D0C0000), size: 2498560 (result: 0), SymType: '-exported-', PDB: 'C:\WINDOWS\SYSTEM32\d3d11.dll', fileVersion: 10.0.26100.7019
C:\WINDOWS\System32\SHLWAPI.dll:SHLWAPI.dll (00007FF913EA0000), size: 421888 (result: 0), SymType: '-exported-', PDB: 'C:\WINDOWS\System32\SHLWAPI.dll', fileVersion: 10.0.26100.7019
C:\WINDOWS\SYSTEM32\d3d12.dll:d3d12.dll (00007FF8EF160000), size: 143360 (result: 0), SymType: '-exported-', PDB: 'C:\WINDOWS\SYSTEM32\d3d12.dll', fileVersion: 10.0.26100.7019
C:\WINDOWS\SYSTEM32\dwmapi.dll:dwmapi.dll (00007FF90E2A0000), size: 196608 (result: 0), SymType: '-exported-', PDB: 'C:\WINDOWS\SYSTEM32\dwmapi.dll', fileVersion: 10.0.26100.7019
C:\WINDOWS\SYSTEM32\dxgi.dll:dxgi.dll (00007FF90E140000), size: 1282048 (result: 0), SymType: '-exported-', PDB: 'C:\WINDOWS\SYSTEM32\dxgi.dll', fileVersion: 10.0.26100.7019
C:\WINDOWS\SYSTEM32\HID.DLL:HID.DLL (00007FF90F570000), size: 61440 (result: 0), SymType: '-exported-', PDB: 'C:\WINDOWS\SYSTEM32\HID.DLL', fileVersion: 10.0.26100.1150
C:\WINDOWS\System32\OLEAUT32.dll:OLEAUT32.dll (00007FF913090000), size: 880640 (result: 0), SymType: '-exported-', PDB: 'C:\WINDOWS\System32\OLEAUT32.dll', fileVersion: 10.0.26100.7019
C:\WINDOWS\SYSTEM32\IPHLPAPI.DLL:IPHLPAPI.DLL (00007FF90F880000), size: 212992 (result: 0), SymType: '-exported-', PDB: 'C:\WINDOWS\SYSTEM32\IPHLPAPI.DLL', fileVersion: 10.0.26100.7019
C:\WINDOWS\System32\WINTRUST.dll:WINTRUST.dll (00007FF9110B0000), size: 520192 (result: 0), SymType: '-exported-', PDB: 'C:\WINDOWS\System32\WINTRUST.dll', fileVersion: 10.0.26100.7019
C:\WINDOWS\SYSTEM32\OPENGL32.dll:OPENGL32.dll (00007FF867900000), size: 1097728 (result: 0), SymType: '-exported-', PDB: 'C:\WINDOWS\SYSTEM32\OPENGL32.dll', fileVersion: 10.0.26100.7019
C:\WINDOWS\SYSTEM32\GLU32.dll:GLU32.dll (00007FF8EC6A0000), size: 184320 (result: 0), SymType: '-exported-', PDB: 'C:\WINDOWS\SYSTEM32\GLU32.dll', fileVersion: 10.0.26100.1150
C:\WINDOWS\SYSTEM32\WINHTTP.dll:WINHTTP.dll (00007FF908E10000), size: 1212416 (result: 0), SymType: '-exported-', PDB: 'C:\WINDOWS\SYSTEM32\WINHTTP.dll', fileVersion: 10.0.26100.7019
C:\WINDOWS\SYSTEM32\WINMM.dll:WINMM.dll (00007FF908600000), size: 217088 (result: 0), SymType: '-exported-', PDB: 'C:\WINDOWS\SYSTEM32\WINMM.dll', fileVersion: 10.0.26100.7019
C:\Program Files\Unity\Hub\Editor\6000.2.15f1\Editor\SketchUpAPI.dll:SketchUpAPI.dll (00007FF861AA0000), size: 8990720 (result: 0), SymType: '-exported-', PDB: 'C:\Program Files\Unity\Hub\Editor\6000.2.15f1\Editor\SketchUpAPI.dll', fileVersion: 23.0.0.0
C:\Program Files\Unity\Hub\Editor\6000.2.15f1\Editor\NativeProxyHelper.dll:NativeProxyHelper.dll (00007FF862E10000), size: 1789952 (result: 0), SymType: '-exported-', PDB: 'C:\Program Files\Unity\Hub\Editor\6000.2.15f1\Editor\NativeProxyHelper.dll'
C:\WINDOWS\SYSTEM32\VERSION.dll:VERSION.dll (00007FF909DC0000), size: 45056 (result: 0), SymType: '-exported-', PDB: 'C:\WINDOWS\SYSTEM32\VERSION.dll', fileVersion: 10.0.26100.1150
C:\WINDOWS\SYSTEM32\powrprof.dll:powrprof.dll (00007FF910F10000), size: 385024 (result: 0), SymType: '-exported-', PDB: 'C:\WINDOWS\SYSTEM32\powrprof.dll', fileVersion: 10.0.26100.3912
C:\WINDOWS\SYSTEM32\WSOCK32.dll:WSOCK32.dll (00007FF8F7970000), size: 40960 (result: 0), SymType: '-exported-', PDB: 'C:\WINDOWS\SYSTEM32\WSOCK32.dll', fileVersion: 10.0.26100.1
C:\Program Files\Unity\Hub\Editor\6000.2.15f1\Editor\SketchUpCommonPreferences.dll:SketchUpCommonPreferences.dll (00007FF88E9B0000), size: 499712 (result: 0), SymType: '-exported-', PDB: 'C:\Program Files\Unity\Hub\Editor\6000.2.15f1\Editor\SketchUpCommonPreferences.dll', fileVersion: 23.0.0.0
C:\WINDOWS\SYSTEM32\Secur32.dll:Secur32.dll (00007FF90DF10000), size: 53248 (result: 0), SymType: '-exported-', PDB: 'C:\WINDOWS\SYSTEM32\Secur32.dll', fileVersion: 10.0.26100.1
C:\WINDOWS\SYSTEM32\dxcore.dll:dxcore.dll (00007FF90E0F0000), size: 274432 (result: 0), SymType: '-exported-', PDB: 'C:\WINDOWS\SYSTEM32\dxcore.dll', fileVersion: 10.0.26100.7019
C:\WINDOWS\SYSTEM32\SSPICLI.DLL:SSPICLI.DLL (00007FF910110000), size: 299008 (result: 0), SymType: '-exported-', PDB: 'C:\WINDOWS\SYSTEM32\SSPICLI.DLL', fileVersion: 10.0.26100.7019
C:\Program Files\Unity\Hub\Editor\6000.2.15f1\Editor\OpenRL.dll:OpenRL.dll (0000016028C80000), size: 12779520 (result: 0), SymType: '-exported-', PDB: 'C:\Program Files\Unity\Hub\Editor\6000.2.15f1\Editor\OpenRL.dll', fileVersion: 1.5.0.2907
C:\WINDOWS\SYSTEM32\MSVCP100.dll:MSVCP100.dll (0000000069AB0000), size: 622592 (result: 0), SymType: '-exported-', PDB: 'C:\WINDOWS\SYSTEM32\MSVCP100.dll', fileVersion: 10.0.40219.325
C:\Program Files\Unity\Hub\Editor\6000.2.15f1\Editor\embree.dll:embree.dll (00007FF85E7A0000), size: 16711680 (result: 0), SymType: '-exported-', PDB: 'C:\Program Files\Unity\Hub\Editor\6000.2.15f1\Editor\embree.dll', fileVersion: 2.14.0.0
C:\WINDOWS\SYSTEM32\MSVCR100.dll:MSVCR100.dll (00000000699D0000), size: 860160 (result: 0), SymType: '-exported-', PDB: 'C:\WINDOWS\SYSTEM32\MSVCR100.dll', fileVersion: 10.0.40219.325
C:\WINDOWS\SYSTEM32\cfgmgr32.DLL:cfgmgr32.DLL (00007FF910C30000), size: 356352 (result: 0), SymType: '-exported-', PDB: 'C:\WINDOWS\SYSTEM32\cfgmgr32.DLL', fileVersion: 10.0.26100.7019
C:\Program Files\Unity\Hub\Editor\6000.2.15f1\Editor\tbb.dll:tbb.dll (00007FF88E960000), size: 303104 (result: 0), SymType: '-exported-', PDB: 'C:\Program Files\Unity\Hub\Editor\6000.2.15f1\Editor\tbb.dll', fileVersion: 2020.3.2022.1111
C:\WINDOWS\SYSTEM32\MSWSOCK.DLL:MSWSOCK.DLL (00007FF9103E0000), size: 438272 (result: 0), SymType: '-exported-', PDB: 'C:\WINDOWS\SYSTEM32\MSWSOCK.DLL', fileVersion: 10.0.26100.7019
C:\Program Files\Unity\Hub\Editor\6000.2.15f1\Editor\OpenRL_pthread.dll:OpenRL_pthread.dll (00000160298D0000), size: 61440 (result: 0), SymType: '-exported-', PDB: 'C:\Program Files\Unity\Hub\Editor\6000.2.15f1\Editor\OpenRL_pthread.dll', fileVersion: 2.9.0.0
C:\WINDOWS\SYSTEM32\UMPDC.dll:UMPDC.dll (00007FF910EF0000), size: 81920 (result: 0), SymType: '-exported-', PDB: 'C:\WINDOWS\SYSTEM32\UMPDC.dll', fileVersion: 10.0.26100.7019
C:\WINDOWS\SYSTEM32\MSASN1.dll:MSASN1.dll (00007FF910710000), size: 77824 (result: 0), SymType: '-exported-', PDB: 'C:\WINDOWS\SYSTEM32\MSASN1.dll', fileVersion: 10.0.26100.7019
C:\WINDOWS\System32\bcryptprimitives.dll:bcryptprimitives.dll (00007FF911540000), size: 675840 (result: 0), SymType: '-exported-', PDB: 'C:\WINDOWS\System32\bcryptprimitives.dll', fileVersion: 10.0.26100.7019
C:\WINDOWS\SYSTEM32\kernel.appcore.dll:kernel.appcore.dll (00007FF90FE70000), size: 110592 (result: 0), SymType: '-exported-', PDB: 'C:\WINDOWS\SYSTEM32\kernel.appcore.dll', fileVersion: 10.0.26100.7019
C:\WINDOWS\system32\uxtheme.dll:uxtheme.dll (00007FF90DDF0000), size: 696320 (result: 0), SymType: '-exported-', PDB: 'C:\WINDOWS\system32\uxtheme.dll', fileVersion: 10.0.26100.7019
C:\WINDOWS\SYSTEM32\windows.storage.dll:windows.storage.dll (00007FF90ED10000), size: 8769536 (result: 0), SymType: '-exported-', PDB: 'C:\WINDOWS\SYSTEM32\windows.storage.dll', fileVersion: 10.0.26100.7171
C:\WINDOWS\System32\SHCORE.dll:SHCORE.dll (00007FF911F20000), size: 991232 (result: 0), SymType: '-exported-', PDB: 'C:\WINDOWS\System32\SHCORE.dll', fileVersion: 10.0.26100.7171
C:\WINDOWS\SYSTEM32\profapi.dll:profapi.dll (00007FF910FD0000), size: 167936 (result: 0), SymType: '-nosymbols-', PDB: 'C:\WINDOWS\SYSTEM32\profapi.dll', fileVersion: 10.0.26100.7019
C:\WINDOWS\SYSTEM32\CRYPTSP.dll:CRYPTSP.dll (00007FF9106A0000), size: 110592 (result: 0), SymType: '-exported-', PDB: 'C:\WINDOWS\SYSTEM32\CRYPTSP.dll', fileVersion: 10.0.26100.7019
C:\WINDOWS\system32\rsaenh.dll:rsaenh.dll (00007FF90FDD0000), size: 237568 (result: 0), SymType: '-exported-', PDB: 'C:\WINDOWS\system32\rsaenh.dll', fileVersion: 10.0.26100.7019
C:\WINDOWS\system32\IconCodecService.dll:IconCodecService.dll (00007FF8D5510000), size: 45056 (result: 0), SymType: '-nosymbols-', PDB: 'C:\WINDOWS\system32\IconCodecService.dll', fileVersion: 10.0.26100.1
C:\WINDOWS\SYSTEM32\CRYPTBASE.dll:CRYPTBASE.dll (00007FF9106C0000), size: 49152 (result: 0), SymType: '-exported-', PDB: 'C:\WINDOWS\SYSTEM32\CRYPTBASE.dll', fileVersion: 10.0.26100.7019
C:\WINDOWS\SYSTEM32\WindowsCodecs.dll:WindowsCodecs.dll (00007FF90C080000), size: 2293760 (result: 0), SymType: '-exported-', PDB: 'C:\WINDOWS\SYSTEM32\WindowsCodecs.dll', fileVersion: 10.0.26100.7019
C:\WINDOWS\System32\imagehlp.dll:imagehlp.dll (00007FF913C50000), size: 131072 (result: 0), SymType: '-exported-', PDB: 'C:\WINDOWS\System32\imagehlp.dll', fileVersion: 10.0.26100.4202
C:\WINDOWS\System32\clbcatq.dll:clbcatq.dll (00007FF9124B0000), size: 720896 (result: 0), SymType: '-exported-', PDB: 'C:\WINDOWS\System32\clbcatq.dll', fileVersion: 2001.12.10941.16384
C:\WINDOWS\System32\netprofm.dll:netprofm.dll (00007FF90AD20000), size: 450560 (result: 0), SymType: '-exported-', PDB: 'C:\WINDOWS\System32\netprofm.dll', fileVersion: 10.0.26100.7019
C:\WINDOWS\System32\NSI.dll:NSI.dll (00007FF913D80000), size: 40960 (result: 0), SymType: '-exported-', PDB: 'C:\WINDOWS\System32\NSI.dll', fileVersion: 10.0.26100.7019
C:\WINDOWS\SYSTEM32\dhcpcsvc6.DLL:dhcpcsvc6.DLL (00007FF908D90000), size: 122880 (result: 0), SymType: '-exported-', PDB: 'C:\WINDOWS\SYSTEM32\dhcpcsvc6.DLL', fileVersion: 10.0.26100.7171
C:\WINDOWS\SYSTEM32\dhcpcsvc.DLL:dhcpcsvc.DLL (00007FF908B70000), size: 143360 (result: 0), SymType: '-exported-', PDB: 'C:\WINDOWS\SYSTEM32\dhcpcsvc.DLL', fileVersion: 10.0.26100.7171
C:\WINDOWS\SYSTEM32\DNSAPI.dll:DNSAPI.dll (00007FF90F970000), size: 1228800 (result: 0), SymType: '-exported-', PDB: 'C:\WINDOWS\SYSTEM32\DNSAPI.dll', fileVersion: 10.0.26100.7019
C:\WINDOWS\system32\napinsp.dll:napinsp.dll (00007FF8DF260000), size: 98304 (result: 0), SymType: '-exported-', PDB: 'C:\WINDOWS\system32\napinsp.dll', fileVersion: 10.0.26100.1150
C:\WINDOWS\System32\npmproxy.dll:npmproxy.dll (00007FF906A10000), size: 102400 (result: 0), SymType: '-exported-', PDB: 'C:\WINDOWS\System32\npmproxy.dll', fileVersion: 10.0.26100.1150
C:\WINDOWS\System32\winrnr.dll:winrnr.dll (00007FF8DF240000), size: 73728 (result: 0), SymType: '-exported-', PDB: 'C:\WINDOWS\System32\winrnr.dll', fileVersion: 10.0.26100.1882
C:\WINDOWS\system32\nlansp_c.dll:nlansp_c.dll (00007FF8DDCF0000), size: 139264 (result: 0), SymType: '-exported-', PDB: 'C:\WINDOWS\system32\nlansp_c.dll', fileVersion: 10.0.26100.7019
C:\WINDOWS\system32\wshbth.dll:wshbth.dll (00007FF9092F0000), size: 90112 (result: 0), SymType: '-exported-', PDB: 'C:\WINDOWS\system32\wshbth.dll', fileVersion: 10.0.26100.5074
C:\WINDOWS\System32\fwpuclnt.dll:fwpuclnt.dll (00007FF906A80000), size: 548864 (result: 0), SymType: '-exported-', PDB: 'C:\WINDOWS\System32\fwpuclnt.dll', fileVersion: 10.0.26100.7019
C:\Windows\System32\rasadhlp.dll:rasadhlp.dll (00007FF90A110000), size: 45056 (result: 0), SymType: '-exported-', PDB: 'C:\Windows\System32\rasadhlp.dll', fileVersion: 10.0.26100.7171
C:\WINDOWS\SYSTEM32\gpapi.dll:gpapi.dll (00007FF910450000), size: 204800 (result: 0), SymType: '-exported-', PDB: 'C:\WINDOWS\SYSTEM32\gpapi.dll', fileVersion: 10.0.26100.7019
C:\Program Files\Unity\Hub\Editor\6000.2.15f1\Editor\AMDUnityPlugin.DLL:AMDUnityPlugin.DLL (00007FF860D50000), size: 8843264 (result: 0), SymType: '-exported-', PDB: 'C:\Program Files\Unity\Hub\Editor\6000.2.15f1\Editor\AMDUnityPlugin.DLL'
C:\Program Files\Unity\Hub\Editor\6000.2.15f1\Editor\NVUnityPlugin.DLL:NVUnityPlugin.DLL (00007FF860090000), size: 1605632 (result: 0), SymType: '-exported-', PDB: 'C:\Program Files\Unity\Hub\Editor\6000.2.15f1\Editor\NVUnityPlugin.DLL'
C:\Windows\System32\cryptnet.dll:cryptnet.dll (00007FF905AE0000), size: 241664 (result: 0), SymType: '-exported-', PDB: 'C:\Windows\System32\cryptnet.dll', fileVersion: 10.0.26100.7019
C:\WINDOWS\SYSTEM32\WINNSI.DLL:WINNSI.DLL (00007FF90E050000), size: 61440 (result: 0), SymType: '-exported-', PDB: 'C:\WINDOWS\SYSTEM32\WINNSI.DLL', fileVersion: 10.0.26100.7019
C:\Program Files\Unity\Hub\Editor\6000.2.15f1\Editor\Data\Tools\astcenc-avx2.dll:astcenc-avx2.dll (00007FF88E0C0000), size: 352256 (result: 0), SymType: '-exported-', PDB: 'C:\Program Files\Unity\Hub\Editor\6000.2.15f1\Editor\Data\Tools\astcenc-avx2.dll'
C:\WINDOWS\System32\MMDevApi.dll:MMDevApi.dll (00007FF908F40000), size: 618496 (result: 0), SymType: '-exported-', PDB: 'C:\WINDOWS\System32\MMDevApi.dll', fileVersion: 10.0.26100.7019
C:\WINDOWS\System32\DEVOBJ.dll:DEVOBJ.dll (00007FF910C00000), size: 184320 (result: 0), SymType: '-exported-', PDB: 'C:\WINDOWS\System32\DEVOBJ.dll', fileVersion: 10.0.26100.1150
C:\WINDOWS\SYSTEM32\directxdatabasehelper.dll:directxdatabasehelper.dll (00007FF909D50000), size: 405504 (result: 0), SymType: '-nosymbols-', PDB: 'C:\WINDOWS\SYSTEM32\directxdatabasehelper.dll', fileVersion: 10.0.26100.7019
C:\WINDOWS\System32\DriverStore\FileRepository\nvlti.inf_amd64_f5bcd602be9d048d\nvldumdx.dll:nvldumdx.dll (00007FF8676D0000), size: 794624 (result: 0), SymType: '-exported-', PDB: 'C:\WINDOWS\System32\DriverStore\FileRepository\nvlti.inf_amd64_f5bcd602be9d048d\nvldumdx.dll', fileVersion: 32.0.15.7688
C:\WINDOWS\SYSTEM32\wldp.dll:wldp.dll (00007FF910780000), size: 413696 (result: 0), SymType: '-exported-', PDB: 'C:\WINDOWS\SYSTEM32\wldp.dll', fileVersion: 10.0.26100.7019
C:\WINDOWS\SYSTEM32\drvstore.dll:drvstore.dll (00007FF905960000), size: 1552384 (result: 0), SymType: '-exported-', PDB: 'C:\WINDOWS\SYSTEM32\drvstore.dll', fileVersion: 10.0.26100.7019
C:\WINDOWS\System32\DriverStore\FileRepository\nvlti.inf_amd64_f5bcd602be9d048d\nvgpucomp64.dll:nvgpucomp64.dll (00007FF8536C0000), size: 61550592 (result: 0), SymType: '-exported-', PDB: 'C:\WINDOWS\System32\DriverStore\FileRepository\nvlti.inf_amd64_f5bcd602be9d048d\nvgpucomp64.dll', fileVersion: 32.0.15.7688
C:\WINDOWS\System32\DriverStore\FileRepository\nvlti.inf_amd64_f5bcd602be9d048d\Display.NvContainer\NvMessageBus.dll:NvMessageBus.dll (00007FF8FF460000), size: 3551232 (result: 0), SymType: '-exported-', PDB: 'C:\WINDOWS\System32\DriverStore\FileRepository\nvlti.inf_amd64_f5bcd602be9d048d\Display.NvContainer\NvMessageBus.dll', fileVersion: 3.15.3538.9611
C:\WINDOWS\System32\DriverStore\FileRepository\nvlti.inf_amd64_f5bcd602be9d048d\NvMemMapStoragex.dll:NvMemMapStoragex.dll (00007FF85FC50000), size: 905216 (result: 0), SymType: '-exported-', PDB: 'C:\WINDOWS\System32\DriverStore\FileRepository\nvlti.inf_amd64_f5bcd602be9d048d\NvMemMapStoragex.dll'
C:\WINDOWS\System32\DriverStore\FileRepository\nvlti.inf_amd64_f5bcd602be9d048d\nvwgf2umx.dll:nvwgf2umx.dll (00007FF848E30000), size: 88834048 (result: 0), SymType: '-exported-', PDB: 'C:\WINDOWS\System32\DriverStore\FileRepository\nvlti.inf_amd64_f5bcd602be9d048d\nvwgf2umx.dll', fileVersion: 32.0.15.7688
C:\WINDOWS\system32\nvspcap64.dll:nvspcap64.dll (00007FF85F930000), size: 3227648 (result: 0), SymType: '-exported-', PDB: 'C:\WINDOWS\system32\nvspcap64.dll', fileVersion: 11.0.4.159
C:\WINDOWS\SYSTEM32\ntmarta.dll:ntmarta.dll (00007FF90FF90000), size: 221184 (result: 0), SymType: '-exported-', PDB: 'C:\WINDOWS\SYSTEM32\ntmarta.dll', fileVersion: 10.0.26100.7019
C:\WINDOWS\System32\DriverStore\FileRepository\nvlti.inf_amd64_f5bcd602be9d048d\nvppex.dll:nvppex.dll (00007FF88D990000), size: 1785856 (result: 0), SymType: '-exported-', PDB: 'C:\WINDOWS\System32\DriverStore\FileRepository\nvlti.inf_amd64_f5bcd602be9d048d\nvppex.dll', fileVersion: 32.0.15.7688
C:\WINDOWS\SYSTEM32\opencl.dll:opencl.dll (00007FF88E040000), size: 483328 (result: 0), SymType: '-exported-', PDB: 'C:\WINDOWS\SYSTEM32\opencl.dll', fileVersion: 3.0.6.0
C:\Program Files\Unity\Hub\Editor\6000.2.15f1\Editor\radeonrays.dll:radeonrays.dll (00007FF8771E0000), size: 344064 (result: 0), SymType: '-exported-', PDB: 'C:\Program Files\Unity\Hub\Editor\6000.2.15f1\Editor\radeonrays.dll'
C:\Program Files\Unity\Hub\Editor\6000.2.15f1\Editor\Data\MonoBleedingEdge\EmbedRuntime\mono-2.0-bdwgc.dll:mono-2.0-bdwgc.dll (00007FF85DD50000), size: 10760192 (result: 0), SymType: 'PDB', PDB: 'C:\Program Files\Unity\Hub\Editor\6000.2.15f1\Editor\mono-2.0-bdwgc.pdb'
C:\WINDOWS\SYSTEM32\dbghelp.dll:dbghelp.dll (00007FF90E910000), size: 2367488 (result: 0), SymType: '-exported-', PDB: 'C:\WINDOWS\SYSTEM32\dbghelp.dll', fileVersion: 10.0.26100.5074
0x00007FF84EAEE31D (Unity) Baselib_ReentrantLock_TrySpinAcquire
0x00007FF84EAECE75 (Unity) <lambda_5addc70d7836a87b09b5308f06e5c4a6>::operator()
0x00007FF84EAE435D (Unity) GetPointSegmentCapSize
0x00007FF84EAED420 (Unity) <lambda_5addc70d7836a87b09b5308f06e5c4a6>::operator()
0x00007FF84EAF9D2E (Unity) PrintShortMemoryStats
0x00007FF84E51A2FD (Unity) WriteStringToUnityLogImpl
0x00007FF84E518D96 (Unity) WriteStringToUnityLogImpl
0x00007FF84F25840A (Unity) IsManagedCodeWorking
0x00007FF84F257C5B (Unity) IsManagedCodeWorking
0x00007FF84F2576D5 (Unity) IsManagedCodeWorking
0x00007FF84F24FBED (Unity) core::Finalizer<<lambda_6fa2c69d148ddc4f6a5c64e27af5c4fb> >::~Finalizer<<lambda_6fa2c69d148ddc4f6a5c64e27af5c4fb> >
0x00007FF84F259AC0 (Unity) ReleaseAllScriptCaches
0x00007FF8504A3769 (Unity) LoadDomainAndUnityAssemblies
0x00007FF850016733 (Unity) InitializePerformanceTestingExtension
0x00007FF8505FA405 (Unity) UpdateProgressDialogControlState
0x00007FF626202F2A (Unity) __scrt_common_main_seh
0x00007FF91259E8D7 (KERNEL32) BaseThreadInitThunk
0x00007FF913FEC53C (ntdll) RtlUserThreadStart

========== END OF STACKTRACE ===========

A crash has been intercepted by the crash handler. For call stack and other details, see the latest crash report generated in:
 * C:/Users/justi/AppData/Local/Temp/Unity/Editor/Crashes
