
=== Mon Dec  8 22:21:26 2025

Packages were changed.
Update Mode: updateDependencies

The following packages were updated:
  com.unity.collab-proxy from version 2.9.3 to 2.10.2
  com.unity.ide.rider from version 3.0.36 to 3.0.38
  com.unity.ide.visualstudio from version 2.0.23 to 2.0.25
  com.unity.test-framework from version 1.5.1 to 1.6.0

=== Thu Dec 11 23:12:08 2025

Packages were changed.
Update Mode: updateDependencies

The following packages were updated:
  com.unity.animation.rigging from version 1.0.3 to 1.4.0
  com.unity.collab-proxy from version 1.3.9 to 2.10.2
  com.unity.ide.rider from version 2.0.7 to 3.0.38
  com.unity.ide.visualstudio from version 2.0.7 to 2.0.25
  com.unity.recorder from version 2.5.5 to 5.1.2
  com.unity.render-pipelines.universal from version 10.4.0 to 17.2.0
  com.unity.terrain-tools from version 3.0.2-preview.3 to 5.3.1
  com.unity.test-framework from version 1.1.24 to 1.6.0
  com.unity.timeline from version 1.4.7 to 1.8.9
  com.unity.ugui from version 1.0.0 to 2.0.0
The following packages were removed:
  com.unity.textmeshpro@3.0.4

=== Thu Dec 11 23:12:08 2025

Packages were changed.
Update Mode: mergeDefaultDependencies

The following packages were added:
  com.unity.animation.rigging@1.4.0
  com.unity.ide.vscode@1.2.3
  com.unity.recorder@5.1.2
  com.unity.render-pipelines.universal@17.2.0
  com.unity.terrain-tools@5.3.1
